      Lon      Lat    Year   Stand       Jan       Feb       Mar       Apr       May       Jun       Jul       Aug       Sep       Oct       Nov       Dec
   -71.25   -32.75    1950       0     0.000     0.105     3.433    14.021    24.763   152.327    76.730   133.079    44.599    14.838    11.336     1.414
   -71.25   -32.75    1950     110     0.000     0.105     3.433    14.021    24.763   152.327    76.730   133.079    44.599    14.838    11.336     1.414
   -71.25   -32.75    1950     131     0.000     0.105     3.433    14.021    24.763   152.327    76.730   133.079    44.599    14.838    11.336     1.414
   -71.25   -32.75    1950     132     0.000     0.105     3.433    14.021    24.763   152.327    76.730   133.079    44.599    14.838    11.336     1.414
   -71.25   -32.75    1950     133     0.000     0.105     3.433    14.021    24.763   152.327    76.730   133.079    44.599    14.838    11.336     1.414
   -71.25   -32.75    1950     134     0.000     0.105     3.433    14.021    24.763   152.327    76.730   133.079    44.599    14.838    11.336     1.414
   -71.25   -32.75    1950     140     0.000     0.105     3.433    14.021    24.763   152.327    76.730   133.079    44.599    14.838    11.336     1.414
   -71.25   -32.75    1950     160     0.000     0.105     3.433    14.021    24.763   152.327    76.730   133.079    44.599    14.838    11.336     1.414
   -71.25   -32.75    1951       0     0.000     1.051     1.923     6.749    35.250    73.152    92.210    36.972    80.224     8.644     0.588     0.477
   -71.25   -32.75    1951     110     0.000     1.051     1.923     6.749    35.250    73.152    92.210    36.972    80.224     8.644     0.588     0.477
   -71.25   -32.75    1951     131     0.000     1.051     1.923     6.749    35.250    73.152    92.210    36.972    80.224     8.644     0.588     0.477
   -71.25   -32.75    1951     132     0.000     1.051     1.923     6.749    35.250    73.152    92.210    36.972    80.224     8.644     0.588     0.477
   -71.25   -32.75    1951     133     0.000     1.051     1.923     6.749    35.250    73.152    92.210    36.972    80.224     8.644     0.588     0.477
   -71.25   -32.75    1951     134     0.000     1.051     1.923     6.749    35.250    73.152    92.210    36.972    80.224     8.644     0.588     0.477
   -71.25   -32.75    1951     140     0.000     1.051     1.923     6.749    35.250    73.152    92.210    36.972    80.224     8.644     0.588     0.477
   -71.25   -32.75    1951     160     0.000     1.051     1.923     6.749    35.250    73.152    92.210    36.972    80.224     8.644     0.588     0.477
   -71.25   -32.75    1952       0     0.000     0.522     1.394     6.239    26.922    93.988   120.282    61.840    89.790     6.474     2.126     0.166
   -71.25   -32.75    1952     110     0.000     0.522     1.394     6.239    26.922    93.988   120.282    61.840    89.790     6.474     2.126     0.166
   -71.25   -32.75    1952     131     0.000     0.522     1.394     6.239    26.922    93.988   120.282    61.840    89.790     6.474     2.126     0.166
   -71.25   -32.75    1952     132     0.000     0.522     1.394     6.239    26.922    93.988   120.282    61.840    89.790     6.474     2.126     0.166
   -71.25   -32.75    1952     133     0.000     0.522     1.394     6.239    26.922    93.988   120.282    61.840    89.790     6.474     2.126     0.166
   -71.25   -32.75    1952     134     0.000     0.522     1.394     6.239    26.922    93.988   120.282    61.840    89.790     6.474     2.126     0.166
   -71.25   -32.75    1952     140     0.000     0.522     1.394     6.239    26.922    93.988   120.282    61.840    89.790     6.474     2.126     0.166
   -71.25   -32.75    1952     160     0.000     0.522     1.394     6.239    26.922    93.988   120.282    61.840    89.790     6.474     2.126     0.166
   -71.25   -32.75    1953       0     0.000     0.124     0.491    10.785    14.351    55.026    56.115    23.947    39.232    12.850     1.803     2.024
   -71.25   -32.75    1953     110     0.000     0.124     0.491    10.785    14.351    55.026    56.115    23.947    39.232    12.850     1.803     2.024
   -71.25   -32.75    1953     131     0.000     0.124     0.491    10.785    14.351    55.026    56.115    23.947    39.232    12.850     1.803     2.024
   -71.25   -32.75    1953     132     0.000     0.124     0.491    10.785    14.351    55.026    56.115    23.947    39.232    12.850     1.803     2.024
   -71.25   -32.75    1953     133     0.000     0.124     0.491    10.785    14.351    55.026    56.115    23.947    39.232    12.850     1.803     2.024
   -71.25   -32.75    1953     134     0.000     0.124     0.491    10.785    14.351    55.026    56.115    23.947    39.232    12.850     1.803     2.024
   -71.25   -32.75    1953     140     0.000     0.124     0.491    10.785    14.351    55.026    56.115    23.947    39.232    12.850     1.803     2.024
   -71.25   -32.75    1953     160     0.000     0.124     0.491    10.785    14.351    55.026    56.115    23.947    39.232    12.850     1.803     2.024
   -71.25   -32.75    1954       0     0.000     0.497     0.965    16.658    46.519    55.580   124.776   110.816    65.514     8.957     6.112     0.316
   -71.25   -32.75    1954     110     0.000     0.497     0.965    16.658    46.519    55.580   124.776   110.816    65.514     8.957     6.112     0.316
   -71.25   -32.75    1954     131     0.000     0.497     0.965    16.658    46.519    55.580   124.776   110.816    65.514     8.957     6.112     0.316
   -71.25   -32.75    1954     132     0.000     0.497     0.965    16.658    46.519    55.580   124.776   110.816    65.514     8.957     6.112     0.316
   -71.25   -32.75    1954     133     0.000     0.497     0.965    16.658    46.519    55.580   124.776   110.816    65.514     8.957     6.112     0.316
   -71.25   -32.75    1954     134     0.000     0.497     0.965    16.658    46.519    55.580   124.776   110.816    65.514     8.957     6.112     0.316
   -71.25   -32.75    1954     140     0.000     0.497     0.965    16.658    46.519    55.580   124.776   110.816    65.514     8.957     6.112     0.316
   -71.25   -32.75    1954     160     0.000     0.497     0.965    16.658    46.519    55.580   124.776   110.816    65.514     8.957     6.112     0.316
   -71.25   -32.75    1955       0     0.000     0.363     2.600    36.800    26.559    90.884    71.533    75.014    18.472    21.727    11.564     2.395
   -71.25   -32.75    1955     110     0.000     0.363     2.600    36.800    26.559    90.884    71.533    75.014    18.472    21.727    11.564     2.395
   -71.25   -32.75    1955     131     0.000     0.363     2.600    36.800    26.559    90.884    71.533    75.014    18.472    21.727    11.564     2.395
   -71.25   -32.75    1955     132     0.000     0.363     2.600    36.800    26.559    90.884    71.533    75.014    18.472    21.727    11.564     2.395
   -71.25   -32.75    1955     133     0.000     0.363     2.600    36.800    26.559    90.884    71.533    75.014    18.472    21.727    11.564     2.395
   -71.25   -32.75    1955     134     0.000     0.363     2.600    36.800    26.559    90.884    71.533    75.014    18.472    21.727    11.564     2.395
   -71.25   -32.75    1955     140     0.000     0.363     2.600    36.800    26.559    90.884    71.533    75.014    18.472    21.727    11.564     2.395
   -71.25   -32.75    1955     160     0.000     0.363     2.600    36.800    26.559    90.884    71.533    75.014    18.472    21.727    11.564     2.395
   -71.25   -32.75    1956       0     0.000     0.000     0.858    12.849    64.338    81.203   112.430    59.349    30.855     9.373     1.586     0.205
   -71.25   -32.75    1956     110     0.000     0.000     0.858    12.849    64.338    81.203   112.430    59.349    30.855     9.373     1.586     0.205
   -71.25   -32.75    1956     131     0.000     0.000     0.858    12.849    64.338    81.203   112.430    59.349    30.855     9.373     1.586     0.205
   -71.25   -32.75    1956     132     0.000     0.000     0.858    12.849    64.338    81.203   112.430    59.349    30.855     9.373     1.586     0.205
   -71.25   -32.75    1956     133     0.000     0.000     0.858    12.849    64.338    81.203   112.430    59.349    30.855     9.373     1.586     0.205
   -71.25   -32.75    1956     134     0.000     0.000     0.858    12.849    64.338    81.203   112.430    59.349    30.855     9.373     1.586     0.205
   -71.25   -32.75    1956     140     0.000     0.000     0.858    12.849    64.338    81.203   112.430    59.349    30.855     9.373     1.586     0.205
   -71.25   -32.75    1956     160     0.000     0.000     0.858    12.849    64.338    81.203   112.430    59.349    30.855     9.373     1.586     0.205
   -71.25   -32.75    1957       0     0.000     0.000     0.819    13.788    23.089   126.876    67.751    81.589    67.823    19.955     2.239     0.308
   -71.25   -32.75    1957     110     0.000     0.000     0.819    13.788    23.089   126.876    67.751    81.589    67.823    19.955     2.239     0.308
   -71.25   -32.75    1957     131     0.000     0.000     0.819    13.788    23.089   126.876    67.751    81.589    67.823    19.955     2.239     0.308
   -71.25   -32.75    1957     132     0.000     0.000     0.819    13.788    23.089   126.876    67.751    81.589    67.823    19.955     2.239     0.308
   -71.25   -32.75    1957     133     0.000     0.000     0.819    13.788    23.089   126.876    67.751    81.589    67.823    19.955     2.239     0.308
   -71.25   -32.75    1957     134     0.000     0.000     0.819    13.788    23.089   126.876    67.751    81.589    67.823    19.955     2.239     0.308
   -71.25   -32.75    1957     140     0.000     0.000     0.819    13.788    23.089   126.876    67.751    81.589    67.823    19.955     2.239     0.308
   -71.25   -32.75    1957     160     0.000     0.000     0.819    13.788    23.089   126.876    67.751    81.589    67.823    19.955     2.239     0.308
   -71.25   -32.75    1958       0     0.000     0.133     3.755    11.803    18.920    77.736    69.255    60.503    58.023    20.244     2.128     0.155
   -71.25   -32.75    1958     110     0.000     0.133     3.755    11.803    18.920    77.736    69.255    60.503    58.023    20.244     2.128     0.155
   -71.25   -32.75    1958     131     0.000     0.133     3.755    11.803    18.920    77.736    69.255    60.503    58.023    20.244     2.128     0.155
   -71.25   -32.75    1958     132     0.000     0.133     3.755    11.803    18.920    77.736    69.255    60.503    58.023    20.244     2.128     0.155
   -71.25   -32.75    1958     133     0.000     0.133     3.755    11.803    18.920    77.736    69.255    60.503    58.023    20.244     2.128     0.155
   -71.25   -32.75    1958     134     0.000     0.133     3.755    11.803    18.920    77.736    69.255    60.503    58.023    20.244     2.128     0.155
   -71.25   -32.75    1958     140     0.000     0.133     3.755    11.803    18.920    77.736    69.255    60.503    58.023    20.244     2.128     0.155
   -71.25   -32.75    1958     160     0.000     0.133     3.755    11.803    18.920    77.736    69.255    60.503    58.023    20.244     2.128     0.155
   -71.25   -32.75    1959       0     0.000     0.826     1.454    21.656    54.393   103.193    44.729    27.996    25.770    13.406     2.943     0.181
   -71.25   -32.75    1959     110     0.000     0.826     1.454    21.656    54.393   103.193    44.729    27.996    25.770    13.406     2.943     0.181
   -71.25   -32.75    1959     131     0.000     0.826     1.454    21.656    54.393   103.193    44.729    27.996    25.770    13.406     2.943     0.181
   -71.25   -32.75    1959     132     0.000     0.826     1.454    21.656    54.393   103.193    44.729    27.996    25.770    13.406     2.943     0.181
   -71.25   -32.75    1959     133     0.000     0.826     1.454    21.656    54.393   103.193    44.729    27.996    25.770    13.406     2.943     0.181
   -71.25   -32.75    1959     134     0.000     0.826     1.454    21.656    54.393   103.193    44.729    27.996    25.770    13.406     2.943     0.181
   -71.25   -32.75    1959     140     0.000     0.826     1.454    21.656    54.393   103.193    44.729    27.996    25.770    13.406     2.943     0.181
   -71.25   -32.75    1959     160     0.000     0.826     1.454    21.656    54.393   103.193    44.729    27.996    25.770    13.406     2.943     0.181
   -71.25   -32.75    1960       0     0.000     0.168     4.580    15.201   123.288    26.313   116.080   124.487    22.268    12.714     1.291     1.988
   -71.25   -32.75    1960     110     0.000     0.168     4.580    15.201   123.288    26.313   116.080   124.487    22.268    12.714     1.291     1.988
   -71.25   -32.75    1960     131     0.000     0.168     4.580    15.201   123.288    26.313   116.080   124.487    22.268    12.714     1.291     1.988
   -71.25   -32.75    1960     132     0.000     0.168     4.580    15.201   123.288    26.313   116.080   124.487    22.268    12.714     1.291     1.988
   -71.25   -32.75    1960     133     0.000     0.168     4.580    15.201   123.288    26.313   116.080   124.487    22.268    12.714     1.291     1.988
   -71.25   -32.75    1960     134     0.000     0.168     4.580    15.201   123.288    26.313   116.080   124.487    22.268    12.714     1.291     1.988
   -71.25   -32.75    1960     140     0.000     0.168     4.580    15.201   123.288    26.313   116.080   124.487    22.268    12.714     1.291     1.988
   -71.25   -32.75    1960     160     0.000     0.168     4.580    15.201   123.288    26.313   116.080   124.487    22.268    12.714     1.291     1.988
   -71.25   -32.75    1961       0     0.000     1.085     6.568     9.143    23.430    87.129    92.403    61.438    42.330    22.626     9.240     1.317
   -71.25   -32.75    1961     110     0.000     1.085     6.568     9.143    23.430    87.129    92.403    61.438    42.330    22.626     9.240     1.317
   -71.25   -32.75    1961     131     0.000     1.085     6.568     9.143    23.430    87.129    92.403    61.438    42.330    22.626     9.240     1.317
   -71.25   -32.75    1961     132     0.000     1.085     6.568     9.143    23.430    87.129    92.403    61.438    42.330    22.626     9.240     1.317
   -71.25   -32.75    1961     133     0.000     1.085     6.568     9.143    23.430    87.129    92.403    61.438    42.330    22.626     9.240     1.317
   -71.25   -32.75    1961     134     0.000     1.085     6.568     9.143    23.430    87.129    92.403    61.438    42.330    22.626     9.240     1.317
   -71.25   -32.75    1961     140     0.000     1.085     6.568     9.143    23.430    87.129    92.403    61.438    42.330    22.626     9.240     1.317
   -71.25   -32.75    1961     160     0.000     1.085     6.568     9.143    23.430    87.129    92.403    61.438    42.330    22.626     9.240     1.317
   -71.25   -32.75    1962       0     0.000     0.324     2.150    21.526    43.003    87.134   159.470    48.044    34.142     6.373    13.167     0.295
   -71.25   -32.75    1962     110     0.000     0.324     2.150    21.526    43.003    87.134   159.470    48.044    34.142     6.373    13.167     0.295
   -71.25   -32.75    1962     131     0.000     0.324     2.150    21.526    43.003    87.134   159.470    48.044    34.142     6.373    13.167     0.295
   -71.25   -32.75    1962     132     0.000     0.324     2.150    21.526    43.003    87.134   159.470    48.044    34.142     6.373    13.167     0.295
   -71.25   -32.75    1962     133     0.000     0.324     2.150    21.526    43.003    87.134   159.470    48.044    34.142     6.373    13.167     0.295
   -71.25   -32.75    1962     134     0.000     0.324     2.150    21.526    43.003    87.134   159.470    48.044    34.142     6.373    13.167     0.295
   -71.25   -32.75    1962     140     0.000     0.324     2.150    21.526    43.003    87.134   159.470    48.044    34.142     6.373    13.167     0.295
   -71.25   -32.75    1962     160     0.000     0.324     2.150    21.526    43.003    87.134   159.470    48.044    34.142     6.373    13.167     0.295
   -71.25   -32.75    1963       0     0.000     0.705     2.818    21.762    47.967    41.483    54.813    57.116     9.612     8.109    10.724     0.000
   -71.25   -32.75    1963     110     0.000     0.705     2.818    21.762    47.967    41.483    54.813    57.116     9.612     8.109    10.724     0.000
   -71.25   -32.75    1963     131     0.000     0.705     2.818    21.762    47.967    41.483    54.813    57.116     9.612     8.109    10.724     0.000
   -71.25   -32.75    1963     132     0.000     0.705     2.818    21.762    47.967    41.483    54.813    57.116     9.612     8.109    10.724     0.000
   -71.25   -32.75    1963     133     0.000     0.705     2.818    21.762    47.967    41.483    54.813    57.116     9.612     8.109    10.724     0.000
   -71.25   -32.75    1963     134     0.000     0.705     2.818    21.762    47.967    41.483    54.813    57.116     9.612     8.109    10.724     0.000
   -71.25   -32.75    1963     140     0.000     0.705     2.818    21.762    47.967    41.483    54.813    57.116     9.612     8.109    10.724     0.000
   -71.25   -32.75    1963     160     0.000     0.705     2.818    21.762    47.967    41.483    54.813    57.116     9.612     8.109    10.724     0.000
   -71.25   -32.75    1964       0     0.000     0.000     3.502    13.993    11.833    61.047    56.359    47.393    33.741     5.885     1.486     1.007
   -71.25   -32.75    1964     110     0.000     0.000     3.502    13.993    11.833    61.047    56.359    47.393    33.741     5.885     1.486     1.007
   -71.25   -32.75    1964     131     0.000     0.000     3.502    13.993    11.833    61.047    56.359    47.393    33.741     5.885     1.486     1.007
   -71.25   -32.75    1964     132     0.000     0.000     3.502    13.993    11.833    61.047    56.359    47.393    33.741     5.885     1.486     1.007
   -71.25   -32.75    1964     133     0.000     0.000     3.502    13.993    11.833    61.047    56.359    47.393    33.741     5.885     1.486     1.007
   -71.25   -32.75    1964     134     0.000     0.000     3.502    13.993    11.833    61.047    56.359    47.393    33.741     5.885     1.486     1.007
   -71.25   -32.75    1964     140     0.000     0.000     3.502    13.993    11.833    61.047    56.359    47.393    33.741     5.885     1.486     1.007
   -71.25   -32.75    1964     160     0.000     0.000     3.502    13.993    11.833    61.047    56.359    47.393    33.741     5.885     1.486     1.007
   -71.25   -32.75    1965       0     0.000     0.381     4.890    18.036   100.551    46.084    60.568    82.065    40.800     8.648     3.327     0.495
   -71.25   -32.75    1965     110     0.000     0.381     4.890    18.036   100.551    46.084    60.568    82.065    40.800     8.648     3.327     0.495
   -71.25   -32.75    1965     131     0.000     0.381     4.890    18.036   100.551    46.084    60.568    82.065    40.800     8.648     3.327     0.495
   -71.25   -32.75    1965     132     0.000     0.381     4.890    18.036   100.551    46.084    60.568    82.065    40.800     8.648     3.327     0.495
   -71.25   -32.75    1965     133     0.000     0.381     4.890    18.036   100.551    46.084    60.568    82.065    40.800     8.648     3.327     0.495
   -71.25   -32.75    1965     134     0.000     0.381     4.890    18.036   100.551    46.084    60.568    82.065    40.800     8.648     3.327     0.495
   -71.25   -32.75    1965     140     0.000     0.381     4.890    18.036   100.551    46.084    60.568    82.065    40.800     8.648     3.327     0.495
   -71.25   -32.75    1965     160     0.000     0.381     4.890    18.036   100.551    46.084    60.568    82.065    40.800     8.648     3.327     0.495
   -71.25   -32.75    1966       0     0.000     0.116     2.121     6.802    22.847   211.731    62.892    27.031    53.887    11.688     1.715     3.360
   -71.25   -32.75    1966     110     0.000     0.116     2.121     6.802    22.847   211.731    62.892    27.031    53.887    11.688     1.715     3.360
   -71.25   -32.75    1966     131     0.000     0.116     2.121     6.802    22.847   211.731    62.892    27.031    53.887    11.688     1.715     3.360
   -71.25   -32.75    1966     132     0.000     0.116     2.121     6.802    22.847   211.731    62.892    27.031    53.887    11.688     1.715     3.360
   -71.25   -32.75    1966     133     0.000     0.116     2.121     6.802    22.847   211.731    62.892    27.031    53.887    11.688     1.715     3.360
   -71.25   -32.75    1966     134     0.000     0.116     2.121     6.802    22.847   211.731    62.892    27.031    53.887    11.688     1.715     3.360
   -71.25   -32.75    1966     140     0.000     0.116     2.121     6.802    22.847   211.731    62.892    27.031    53.887    11.688     1.715     3.360
   -71.25   -32.75    1966     160     0.000     0.116     2.121     6.802    22.847   211.731    62.892    27.031    53.887    11.688     1.715     3.360
   -71.25   -32.75    1967       0     0.000     1.098     1.677    12.897    36.846    72.910    55.237    30.740    26.668    18.524     7.026     4.413
   -71.25   -32.75    1967     110     0.000     1.098     1.677    12.897    36.846    72.910    55.237    30.740    26.668    18.524     7.026     4.413
   -71.25   -32.75    1967     131     0.000     1.098     1.677    12.897    36.846    72.910    55.237    30.740    26.668    18.524     7.026     4.413
   -71.25   -32.75    1967     132     0.000     1.098     1.677    12.897    36.846    72.910    55.237    30.740    26.668    18.524     7.026     4.413
   -71.25   -32.75    1967     133     0.000     1.098     1.677    12.897    36.846    72.910    55.237    30.740    26.668    18.524     7.026     4.413
   -71.25   -32.75    1967     134     0.000     1.098     1.677    12.897    36.846    72.910    55.237    30.740    26.668    18.524     7.026     4.413
   -71.25   -32.75    1967     140     0.000     1.098     1.677    12.897    36.846    72.910    55.237    30.740    26.668    18.524     7.026     4.413
   -71.25   -32.75    1967     160     0.000     1.098     1.677    12.897    36.846    72.910    55.237    30.740    26.668    18.524     7.026     4.413
   -71.25   -32.75    1968       0     0.000     0.143     0.546    10.255    45.643    61.729    64.148    79.858    26.220     8.561     6.485     2.142
   -71.25   -32.75    1968     110     0.000     0.143     0.546    10.255    45.643    61.729    64.148    79.858    26.220     8.561     6.485     2.142
   -71.25   -32.75    1968     131     0.000     0.143     0.546    10.255    45.643    61.729    64.148    79.858    26.220     8.561     6.485     2.142
   -71.25   -32.75    1968     132     0.000     0.143     0.546    10.255    45.643    61.729    64.148    79.858    26.220     8.561     6.485     2.142
   -71.25   -32.75    1968     133     0.000     0.143     0.546    10.255    45.643    61.729    64.148    79.858    26.220     8.561     6.485     2.142
   -71.25   -32.75    1968     134     0.000     0.143     0.546    10.255    45.643    61.729    64.148    79.858    26.220     8.561     6.485     2.142
   -71.25   -32.75    1968     140     0.000     0.143     0.546    10.255    45.643    61.729    64.148    79.858    26.220     8.561     6.485     2.142
   -71.25   -32.75    1968     160     0.000     0.143     0.546    10.255    45.643    61.729    64.148    79.858    26.220     8.561     6.485     2.142
   -71.25   -32.75    1969       0     0.000     0.723     1.530     9.816    22.433    53.843   112.755    33.016    25.191    19.009     3.113     2.519
   -71.25   -32.75    1969     110     0.000     0.723     1.530     9.816    22.433    53.843   112.755    33.016    25.191    19.009     3.113     2.519
   -71.25   -32.75    1969     131     0.000     0.723     1.530     9.816    22.433    53.843   112.755    33.016    25.191    19.009     3.113     2.519
   -71.25   -32.75    1969     132     0.000     0.723     1.530     9.816    22.433    53.843   112.755    33.016    25.191    19.009     3.113     2.519
   -71.25   -32.75    1969     133     0.000     0.723     1.530     9.816    22.433    53.843   112.755    33.016    25.191    19.009     3.113     2.519
   -71.25   -32.75    1969     134     0.000     0.723     1.530     9.816    22.433    53.843   112.755    33.016    25.191    19.009     3.113     2.519
   -71.25   -32.75    1969     140     0.000     0.723     1.530     9.816    22.433    53.843   112.755    33.016    25.191    19.009     3.113     2.519
   -71.25   -32.75    1969     160     0.000     0.723     1.530     9.816    22.433    53.843   112.755    33.016    25.191    19.009     3.113     2.519
   -71.25   -32.75    1970       0     0.000     1.093     3.614    20.726    83.941    59.601    82.847     9.744    39.292     6.081     2.143     0.000
   -71.25   -32.75    1970     110     0.000     1.093     3.614    20.726    83.941    59.601    82.847     9.744    39.292     6.081     2.143     0.000
   -71.25   -32.75    1970     131     0.000     1.093     3.614    20.726    83.941    59.601    82.847     9.744    39.292     6.081     2.143     0.000
   -71.25   -32.75    1970     132     0.000     1.093     3.614    20.726    83.941    59.601    82.847     9.744    39.292     6.081     2.143     0.000
   -71.25   -32.75    1970     133     0.000     1.093     3.614    20.726    83.941    59.601    82.847     9.744    39.292     6.081     2.143     0.000
   -71.25   -32.75    1970     134     0.000     1.093     3.614    20.726    83.941    59.601    82.847     9.744    39.292     6.081     2.143     0.000
   -71.25   -32.75    1970     140     0.000     1.093     3.614    20.726    83.941    59.601    82.847     9.744    39.292     6.081     2.143     0.000
   -71.25   -32.75    1970     160     0.000     1.093     3.614    20.726    83.941    59.601    82.847     9.744    39.292     6.081     2.143     0.000
   -71.25   -32.75    1971       0     0.000     0.380     5.941    13.300    76.211    50.382    76.104    41.699    89.665    13.309     1.157     0.265
   -71.25   -32.75    1971     110     0.000     0.380     5.941    13.300    76.211    50.382    76.104    41.699    89.665    13.309     1.157     0.265
   -71.25   -32.75    1971     131     0.000     0.380     5.941    13.300    76.211    50.382    76.104    41.699    89.665    13.309     1.157     0.265
   -71.25   -32.75    1971     132     0.000     0.380     5.941    13.300    76.211    50.382    76.104    41.699    89.665    13.309     1.157     0.265
   -71.25   -32.75    1971     133     0.000     0.380     5.941    13.300    76.211    50.382    76.104    41.699    89.665    13.309     1.157     0.265
   -71.25   -32.75    1971     134     0.000     0.380     5.941    13.300    76.211    50.382    76.104    41.699    89.665    13.309     1.157     0.265
   -71.25   -32.75    1971     140     0.000     0.380     5.941    13.300    76.211    50.382    76.104    41.699    89.665    13.309     1.157     0.265
   -71.25   -32.75    1971     160     0.000     0.380     5.941    13.300    76.211    50.382    76.104    41.699    89.665    13.309     1.157     0.265
   -71.25   -32.75    1972       0     0.000     0.287     4.501    24.501   120.619    62.833    56.993    50.738    33.687    25.865    12.080     1.714
   -71.25   -32.75    1972     110     0.000     0.287     4.501    24.501   120.619    62.833    56.993    50.738    33.687    25.865    12.080     1.714
   -71.25   -32.75    1972     131     0.000     0.287     4.501    24.501   120.619    62.833    56.993    50.738    33.687    25.865    12.080     1.714
   -71.25   -32.75    1972     132     0.000     0.287     4.501    24.501   120.619    62.833    56.993    50.738    33.687    25.865    12.080     1.714
   -71.25   -32.75    1972     133     0.000     0.287     4.501    24.501   120.619    62.833    56.993    50.738    33.687    25.865    12.080     1.714
   -71.25   -32.75    1972     134     0.000     0.287     4.501    24.501   120.619    62.833    56.993    50.738    33.687    25.865    12.080     1.714
   -71.25   -32.75    1972     140     0.000     0.287     4.501    24.501   120.619    62.833    56.993    50.738    33.687    25.865    12.080     1.714
   -71.25   -32.75    1972     160     0.000     0.287     4.501    24.501   120.619    62.833    56.993    50.738    33.687    25.865    12.080     1.714
   -71.25   -32.75    1973       0     0.000     0.277     2.684    17.163    48.450   145.547    84.885    70.000    22.030    19.753     2.072     3.009
   -71.25   -32.75    1973     110     0.000     0.277     2.684    17.163    48.450   145.547    84.885    70.000    22.030    19.753     2.072     3.009
   -71.25   -32.75    1973     131     0.000     0.277     2.684    17.163    48.450   145.547    84.885    70.000    22.030    19.753     2.072     3.009
   -71.25   -32.75    1973     132     0.000     0.277     2.684    17.163    48.450   145.547    84.885    70.000    22.030    19.753     2.072     3.009
   -71.25   -32.75    1973     133     0.000     0.277     2.684    17.163    48.450   145.547    84.885    70.000    22.030    19.753     2.072     3.009
   -71.25   -32.75    1973     134     0.000     0.277     2.684    17.163    48.450   145.547    84.885    70.000    22.030    19.753     2.072     3.009
   -71.25   -32.75    1973     140     0.000     0.277     2.684    17.163    48.450   145.547    84.885    70.000    22.030    19.753     2.072     3.009
   -71.25   -32.75    1973     160     0.000     0.277     2.684    17.163    48.450   145.547    84.885    70.000    22.030    19.753     2.072     3.009
   -71.25   -32.75    1974       0     0.000     0.000     1.702     2.490    21.784   127.664    89.700    65.649    18.836    12.211     2.277     0.247
   -71.25   -32.75    1974     110     0.000     0.000     1.702     2.490    21.784   127.664    89.700    65.649    18.836    12.211     2.277     0.247
   -71.25   -32.75    1974     131     0.000     0.000     1.702     2.490    21.784   127.664    89.700    65.649    18.836    12.211     2.277     0.247
   -71.25   -32.75    1974     132     0.000     0.000     1.702     2.490    21.784   127.664    89.700    65.649    18.836    12.211     2.277     0.247
   -71.25   -32.75    1974     133     0.000     0.000     1.702     2.490    21.784   127.664    89.700    65.649    18.836    12.211     2.277     0.247
   -71.25   -32.75    1974     134     0.000     0.000     1.702     2.490    21.784   127.664    89.700    65.649    18.836    12.211     2.277     0.247
   -71.25   -32.75    1974     140     0.000     0.000     1.702     2.490    21.784   127.664    89.700    65.649    18.836    12.211     2.277     0.247
   -71.25   -32.75    1974     160     0.000     0.000     1.702     2.490    21.784   127.664    89.700    65.649    18.836    12.211     2.277     0.247
   -71.25   -32.75    1975       0     0.000     0.370     1.147     4.719    38.999    83.843   101.475    55.253    30.465    15.423     9.378     0.249
   -71.25   -32.75    1975     110     0.000     0.370     1.147     4.719    38.999    83.843   101.475    55.253    30.465    15.423     9.378     0.249
   -71.25   -32.75    1975     131     0.000     0.370     1.147     4.719    38.999    83.843   101.475    55.253    30.465    15.423     9.378     0.249
   -71.25   -32.75    1975     132     0.000     0.370     1.147     4.719    38.999    83.843   101.475    55.253    30.465    15.423     9.378     0.249
   -71.25   -32.75    1975     133     0.000     0.370     1.147     4.719    38.999    83.843   101.475    55.253    30.465    15.423     9.378     0.249
   -71.25   -32.75    1975     134     0.000     0.370     1.147     4.719    38.999    83.843   101.475    55.253    30.465    15.423     9.378     0.249
   -71.25   -32.75    1975     140     0.000     0.370     1.147     4.719    38.999    83.843   101.475    55.253    30.465    15.423     9.378     0.249
   -71.25   -32.75    1975     160     0.000     0.370     1.147     4.719    38.999    83.843   101.475    55.253    30.465    15.423     9.378     0.249
   -71.25   -32.75    1976       0     0.000     0.209     0.604     8.191    15.375    60.295    62.575   157.084    27.827     8.258     4.591     2.086
   -71.25   -32.75    1976     110     0.000     0.209     0.604     8.191    15.375    60.295    62.575   157.084    27.827     8.258     4.591     2.086
   -71.25   -32.75    1976     131     0.000     0.209     0.604     8.191    15.375    60.295    62.575   157.084    27.827     8.258     4.591     2.086
   -71.25   -32.75    1976     132     0.000     0.209     0.604     8.191    15.375    60.295    62.575   157.084    27.827     8.258     4.591     2.086
   -71.25   -32.75    1976     133     0.000     0.209     0.604     8.191    15.375    60.295    62.575   157.084    27.827     8.258     4.591     2.086
   -71.25   -32.75    1976     134     0.000     0.209     0.604     8.191    15.375    60.295    62.575   157.084    27.827     8.258     4.591     2.086
   -71.25   -32.75    1976     140     0.000     0.209     0.604     8.191    15.375    60.295    62.575   157.084    27.827     8.258     4.591     2.086
   -71.25   -32.75    1976     160     0.000     0.209     0.604     8.191    15.375    60.295    62.575   157.084    27.827     8.258     4.591     2.086
   -71.25   -32.75    1977       0     0.000     0.507     2.715    15.220    27.427   102.912    90.663    58.701    49.016     6.572     8.169     1.689
   -71.25   -32.75    1977     110     0.000     0.507     2.715    15.220    27.427   102.912    90.663    58.701    49.016     6.572     8.169     1.689
   -71.25   -32.75    1977     131     0.000     0.507     2.715    15.220    27.427   102.912    90.663    58.701    49.016     6.572     8.169     1.689
   -71.25   -32.75    1977     132     0.000     0.507     2.715    15.220    27.427   102.912    90.663    58.701    49.016     6.572     8.169     1.689
   -71.25   -32.75    1977     133     0.000     0.507     2.715    15.220    27.427   102.912    90.663    58.701    49.016     6.572     8.169     1.689
   -71.25   -32.75    1977     134     0.000     0.507     2.715    15.220    27.427   102.912    90.663    58.701    49.016     6.572     8.169     1.689
   -71.25   -32.75    1977     140     0.000     0.507     2.715    15.220    27.427   102.912    90.663    58.701    49.016     6.572     8.169     1.689
   -71.25   -32.75    1977     160     0.000     0.507     2.715    15.220    27.427   102.912    90.663    58.701    49.016     6.572     8.169     1.689
   -71.25   -32.75    1978       0     0.000     0.470     3.431    28.913   135.082    91.781    95.866    50.521    26.797    18.008     2.512     0.249
   -71.25   -32.75    1978     110     0.000     0.470     3.431    28.913   135.082    91.781    95.866    50.521    26.797    18.008     2.512     0.249
   -71.25   -32.75    1978     131     0.000     0.470     3.431    28.913   135.082    91.781    95.866    50.521    26.797    18.008     2.512     0.249
   -71.25   -32.75    1978     132     0.000     0.470     3.431    28.913   135.082    91.781    95.866    50.521    26.797    18.008     2.512     0.249
   -71.25   -32.75    1978     133     0.000     0.470     3.431    28.913   135.082    91.781    95.866    50.521    26.797    18.008     2.512     0.249
   -71.25   -32.75    1978     134     0.000     0.470     3.431    28.913   135.082    91.781    95.866    50.521    26.797    18.008     2.512     0.249
   -71.25   -32.75    1978     140     0.000     0.470     3.431    28.913   135.082    91.781    95.866    50.521    26.797    18.008     2.512     0.249
   -71.25   -32.75    1978     160     0.000     0.470     3.431    28.913   135.082    91.781    95.866    50.521    26.797    18.008     2.512     0.249
   -71.25   -32.75    1979       0     0.000     0.535     2.802    24.485    65.212    20.461    58.595    95.610    48.638    35.546    12.009     3.173
   -71.25   -32.75    1979     110     0.000     0.535     2.802    24.485    65.212    20.461    58.595    95.610    48.638    35.546    12.009     3.173
   -71.25   -32.75    1979     131     0.000     0.535     2.802    24.485    65.212    20.461    58.595    95.610    48.638    35.546    12.009     3.173
   -71.25   -32.75    1979     132     0.000     0.535     2.802    24.485    65.212    20.461    58.595    95.610    48.638    35.546    12.009     3.173
   -71.25   -32.75    1979     133     0.000     0.535     2.802    24.485    65.212    20.461    58.595    95.610    48.638    35.546    12.009     3.173
   -71.25   -32.75    1979     134     0.000     0.535     2.802    24.485    65.212    20.461    58.595    95.610    48.638    35.546    12.009     3.173
   -71.25   -32.75    1979     140     0.000     0.535     2.802    24.485    65.212    20.461    58.595    95.610    48.638    35.546    12.009     3.173
   -71.25   -32.75    1979     160     0.000     0.535     2.802    24.485    65.212    20.461    58.595    95.610    48.638    35.546    12.009     3.173
   -71.25   -32.75    1980       0     0.000     0.158     1.790    13.543    30.979    92.444   119.008    30.026    43.031     9.311     4.233     1.900
   -71.25   -32.75    1980     110     0.000     0.158     1.790    13.543    30.979    92.444   119.008    30.026    43.031     9.311     4.233     1.900
   -71.25   -32.75    1980     131     0.000     0.158     1.790    13.543    30.979    92.444   119.008    30.026    43.031     9.311     4.233     1.900
   -71.25   -32.75    1980     132     0.000     0.158     1.790    13.543    30.979    92.444   119.008    30.026    43.031     9.311     4.233     1.900
   -71.25   -32.75    1980     133     0.000     0.158     1.790    13.543    30.979    92.444   119.008    30.026    43.031     9.311     4.233     1.900
   -71.25   -32.75    1980     134     0.000     0.158     1.790    13.543    30.979    92.444   119.008    30.026    43.031     9.311     4.233     1.900
   -71.25   -32.75    1980     140     0.000     0.158     1.790    13.543    30.979    92.444   119.008    30.026    43.031     9.311     4.233     1.900
   -71.25   -32.75    1980     160     0.000     0.158     1.790    13.543    30.979    92.444   119.008    30.026    43.031     9.311     4.233     1.900
   -71.25   -32.75    1981       0     0.000     0.214     1.538    17.086    24.085   138.270   125.512    59.082     7.955    11.725     3.048     2.111
   -71.25   -32.75    1981     110     0.000     0.214     1.538    17.086    24.085   138.270   125.512    59.082     7.955    11.725     3.048     2.111
   -71.25   -32.75    1981     131     0.000     0.214     1.538    17.086    24.085   138.270   125.512    59.082     7.955    11.725     3.048     2.111
   -71.25   -32.75    1981     132     0.000     0.214     1.538    17.086    24.085   138.270   125.512    59.082     7.955    11.725     3.048     2.111
   -71.25   -32.75    1981     133     0.000     0.214     1.538    17.086    24.085   138.270   125.512    59.082     7.955    11.725     3.048     2.111
   -71.25   -32.75    1981     134     0.000     0.214     1.538    17.086    24.085   138.270   125.512    59.082     7.955    11.725     3.048     2.111
   -71.25   -32.75    1981     140     0.000     0.214     1.538    17.086    24.085   138.270   125.512    59.082     7.955    11.725     3.048     2.111
   -71.25   -32.75    1981     160     0.000     0.214     1.538    17.086    24.085   138.270   125.512    59.082     7.955    11.725     3.048     2.111
   -71.25   -32.75    1982       0     0.000     0.175     3.511     7.281    12.763   104.874    69.477    60.561    51.415    10.828     4.407     1.078
   -71.25   -32.75    1982     110     0.000     0.175     3.511     7.281    12.763   104.874    69.477    60.561    51.415    10.828     4.407     1.078
   -71.25   -32.75    1982     131     0.000     0.175     3.511     7.281    12.763   104.874    69.477    60.561    51.415    10.828     4.407     1.078
   -71.25   -32.75    1982     132     0.000     0.175     3.511     7.281    12.763   104.874    69.477    60.561    51.415    10.828     4.407     1.078
   -71.25   -32.75    1982     133     0.000     0.175     3.511     7.281    12.763   104.874    69.477    60.561    51.415    10.828     4.407     1.078
   -71.25   -32.75    1982     134     0.000     0.175     3.511     7.281    12.763   104.874    69.477    60.561    51.415    10.828     4.407     1.078
   -71.25   -32.75    1982     140     0.000     0.175     3.511     7.281    12.763   104.874    69.477    60.561    51.415    10.828     4.407     1.078
   -71.25   -32.75    1982     160     0.000     0.175     3.511     7.281    12.763   104.874    69.477    60.561    51.415    10.828     4.407     1.078
   -71.25   -32.75    1983       0     0.000     0.000     6.627    17.620    29.628   131.744    93.371    69.051    39.832     5.992     2.829     1.942
   -71.25   -32.75    1983     110     0.000     0.000     6.627    17.620    29.628   131.744    93.371    69.051    39.832     5.992     2.829     1.942
   -71.25   -32.75    1983     131     0.000     0.000     6.627    17.620    29.628   131.744    93.371    69.051    39.832     5.992     2.829     1.942
   -71.25   -32.75    1983     132     0.000     0.000     6.627    17.620    29.628   131.744    93.371    69.051    39.832     5.992     2.829     1.942
   -71.25   -32.75    1983     133     0.000     0.000     6.627    17.620    29.628   131.744    93.371    69.051    39.832     5.992     2.829     1.942
   -71.25   -32.75    1983     134     0.000     0.000     6.627    17.620    29.628   131.744    93.371    69.051    39.832     5.992     2.829     1.942
   -71.25   -32.75    1983     140     0.000     0.000     6.627    17.620    29.628   131.744    93.371    69.051    39.832     5.992     2.829     1.942
   -71.25   -32.75    1983     160     0.000     0.000     6.627    17.620    29.628   131.744    93.371    69.051    39.832     5.992     2.829     1.942
   -71.25   -32.75    1984       0     0.000     0.456     1.559     9.258    42.180    86.483   169.745    83.088    32.052    17.664     2.656     0.306
   -71.25   -32.75    1984     110     0.000     0.456     1.559     9.258    42.180    86.483   169.745    83.088    32.052    17.664     2.656     0.306
   -71.25   -32.75    1984     131     0.000     0.456     1.559     9.258    42.180    86.483   169.745    83.088    32.052    17.664     2.656     0.306
   -71.25   -32.75    1984     132     0.000     0.456     1.559     9.258    42.180    86.483   169.745    83.088    32.052    17.664     2.656     0.306
   -71.25   -32.75    1984     133     0.000     0.456     1.559     9.258    42.180    86.483   169.745    83.088    32.052    17.664     2.656     0.306
   -71.25   -32.75    1984     134     0.000     0.456     1.559     9.258    42.180    86.483   169.745    83.088    32.052    17.664     2.656     0.306
   -71.25   -32.75    1984     140     0.000     0.456     1.559     9.258    42.180    86.483   169.745    83.088    32.052    17.664     2.656     0.306
   -71.25   -32.75    1984     160     0.000     0.456     1.559     9.258    42.180    86.483   169.745    83.088    32.052    17.664     2.656     0.306
   -71.25   -32.75    1985       0     0.000     0.351     2.747    22.104    46.530    90.455    47.112   104.825    26.388    24.023     0.750     1.653
   -71.25   -32.75    1985     110     0.000     0.351     2.747    22.104    46.530    90.455    47.112   104.825    26.388    24.023     0.750     1.653
   -71.25   -32.75    1985     131     0.000     0.351     2.747    22.104    46.530    90.455    47.112   104.825    26.388    24.023     0.750     1.653
   -71.25   -32.75    1985     132     0.000     0.351     2.747    22.104    46.530    90.455    47.112   104.825    26.388    24.023     0.750     1.653
   -71.25   -32.75    1985     133     0.000     0.351     2.747    22.104    46.530    90.455    47.112   104.825    26.388    24.023     0.750     1.653
   -71.25   -32.75    1985     134     0.000     0.351     2.747    22.104    46.530    90.455    47.112   104.825    26.388    24.023     0.750     1.653
   -71.25   -32.75    1985     140     0.000     0.351     2.747    22.104    46.530    90.455    47.112   104.825    26.388    24.023     0.750     1.653
   -71.25   -32.75    1985     160     0.000     0.351     2.747    22.104    46.530    90.455    47.112   104.825    26.388    24.023     0.750     1.653
   -71.25   -32.75    1986       0     0.000     0.000     1.377     2.214    28.986   143.483    51.728    73.910    19.910    25.326     3.752     1.736
   -71.25   -32.75    1986     110     0.000     0.000     1.377     2.214    28.986   143.483    51.728    73.910    19.910    25.326     3.752     1.736
   -71.25   -32.75    1986     131     0.000     0.000     1.377     2.214    28.986   143.483    51.728    73.910    19.910    25.326     3.752     1.736
   -71.25   -32.75    1986     132     0.000     0.000     1.377     2.214    28.986   143.483    51.728    73.910    19.910    25.326     3.752     1.736
   -71.25   -32.75    1986     133     0.000     0.000     1.377     2.214    28.986   143.483    51.728    73.910    19.910    25.326     3.752     1.736
   -71.25   -32.75    1986     134     0.000     0.000     1.377     2.214    28.986   143.483    51.728    73.910    19.910    25.326     3.752     1.736
   -71.25   -32.75    1986     140     0.000     0.000     1.377     2.214    28.986   143.483    51.728    73.910    19.910    25.326     3.752     1.736
   -71.25   -32.75    1986     160     0.000     0.000     1.377     2.214    28.986   143.483    51.728    73.910    19.910    25.326     3.752     1.736
   -71.25   -32.75    1987       0     0.000     0.160     3.918    15.071    31.734   154.461    77.891    40.343    32.915    13.379     3.438     0.604
   -71.25   -32.75    1987     110     0.000     0.160     3.918    15.071    31.734   154.461    77.891    40.343    32.915    13.379     3.438     0.604
   -71.25   -32.75    1987     131     0.000     0.160     3.918    15.071    31.734   154.461    77.891    40.343    32.915    13.379     3.438     0.604
   -71.25   -32.75    1987     132     0.000     0.160     3.918    15.071    31.734   154.461    77.891    40.343    32.915    13.379     3.438     0.604
   -71.25   -32.75    1987     133     0.000     0.160     3.918    15.071    31.734   154.461    77.891    40.343    32.915    13.379     3.438     0.604
   -71.25   -32.75    1987     134     0.000     0.160     3.918    15.071    31.734   154.461    77.891    40.343    32.915    13.379     3.438     0.604
   -71.25   -32.75    1987     140     0.000     0.160     3.918    15.071    31.734   154.461    77.891    40.343    32.915    13.379     3.438     0.604
   -71.25   -32.75    1987     160     0.000     0.160     3.918    15.071    31.734   154.461    77.891    40.343    32.915    13.379     3.438     0.604
   -71.25   -32.75    1988       0     0.000     0.667     5.060     4.971    25.009    36.642    75.444    19.236    15.567    11.295     5.841     0.435
   -71.25   -32.75    1988     110     0.000     0.667     5.060     4.971    25.009    36.642    75.444    19.236    15.567    11.295     5.841     0.435
   -71.25   -32.75    1988     131     0.000     0.667     5.060     4.971    25.009    36.642    75.444    19.236    15.567    11.295     5.841     0.435
   -71.25   -32.75    1988     132     0.000     0.667     5.060     4.971    25.009    36.642    75.444    19.236    15.567    11.295     5.841     0.435
   -71.25   -32.75    1988     133     0.000     0.667     5.060     4.971    25.009    36.642    75.444    19.236    15.567    11.295     5.841     0.435
   -71.25   -32.75    1988     134     0.000     0.667     5.060     4.971    25.009    36.642    75.444    19.236    15.567    11.295     5.841     0.435
   -71.25   -32.75    1988     140     0.000     0.667     5.060     4.971    25.009    36.642    75.444    19.236    15.567    11.295     5.841     0.435
   -71.25   -32.75    1988     160     0.000     0.667     5.060     4.971    25.009    36.642    75.444    19.236    15.567    11.295     5.841     0.435
   -71.25   -32.75    1989       0     0.000     0.115     1.516     6.912    42.672    46.764   123.122    52.326    40.131    12.220     7.546     0.982
   -71.25   -32.75    1989     110     0.000     0.115     1.516     6.912    42.672    46.764   123.122    52.326    40.131    12.220     7.546     0.982
   -71.25   -32.75    1989     131     0.000     0.115     1.516     6.912    42.672    46.764   123.122    52.326    40.131    12.220     7.546     0.982
   -71.25   -32.75    1989     132     0.000     0.115     1.516     6.912    42.672    46.764   123.122    52.326    40.131    12.220     7.546     0.982
   -71.25   -32.75    1989     133     0.000     0.115     1.516     6.912    42.672    46.764   123.122    52.326    40.131    12.220     7.546     0.982
   -71.25   -32.75    1989     134     0.000     0.115     1.516     6.912    42.672    46.764   123.122    52.326    40.131    12.220     7.546     0.982
   -71.25   -32.75    1989     140     0.000     0.115     1.516     6.912    42.672    46.764   123.122    52.326    40.131    12.220     7.546     0.982
   -71.25   -32.75    1989     160     0.000     0.115     1.516     6.912    42.672    46.764   123.122    52.326    40.131    12.220     7.546     0.982
