      Lon      Lat    Year     co2    ndepo    temp  precip     rad    gdd5
   -71.25   -32.75    1950  312.82    0.492   12.46  476.64    0.00 2711.36
   -71.25   -32.75    1951  313.01    0.492   12.69  337.24    0.00 2797.38
   -71.25   -32.75    1952  313.34    0.492   12.40  409.74    0.00 2690.83
   -71.25   -32.75    1953  313.73    0.492   12.75  216.75    0.00 2817.49
   -71.25   -32.75    1954  314.09    0.492   12.70  436.71    0.00 2799.67
   -71.25   -32.75    1955  314.41    0.492   12.89  357.91    0.00 2866.69
   -71.25   -32.75    1956  314.70    0.491   12.88  373.05    0.00 2861.41
   -71.25   -32.75    1957  314.99    0.491   12.78  404.24    0.00 2830.43
   -71.25   -32.75    1958  315.34    0.490   12.25  322.66    0.00 2637.10
   -71.25   -32.75    1959  315.81    0.490   12.96  296.55    0.00 2895.36
   -71.25   -32.75    1960  316.62    0.489   12.75  448.38    0.00 2813.93
   -71.25   -32.75    1961  317.30    0.488   12.67  356.71    0.00 2788.44
   -71.25   -32.75    1962  318.04    0.488   12.67  415.63    0.00 2785.53
   -71.25   -32.75    1963  318.65    0.487   12.83  255.11    0.00 2845.26
   -71.25   -32.75    1964  319.33    0.487   12.65  236.25    0.00 2784.13
   -71.25   -32.75    1965  319.82    0.486   13.01  365.84    0.00 2911.57
   -71.25   -32.75    1966  320.88    0.487   12.92  404.19    0.00 2881.03
   -71.25   -32.75    1967  321.48    0.489   12.80  268.03    0.00 2836.70
   -71.25   -32.75    1968  322.39    0.490   13.12  305.73    0.00 2950.83
   -71.25   -32.75    1969  323.25    0.491   12.72  283.95    0.00 2803.63
   -71.25   -32.75    1970  324.78    0.493   12.81  309.08    0.00 2836.15
   -71.25   -32.75    1971  325.40    0.494   12.73  368.41    0.00 2818.21
   -71.25   -32.75    1972  327.35    0.495   12.56  393.82    0.00 2745.43
   -71.25   -32.75    1973  329.91    0.496   12.92  415.87    0.00 2880.83
   -71.25   -32.75    1974  330.76    0.498   13.60  342.56    0.00 3128.09
   -71.25   -32.75    1975  330.83    0.499   13.30  341.32    0.00 3016.56
   -71.25   -32.75    1976  331.54    0.500   12.93  347.09    0.00 2881.52
   -71.25   -32.75    1977  333.35    0.501   13.04  363.59    0.00 2920.95
   -71.25   -32.75    1978  335.01    0.502   13.37  453.63    0.00 3040.63
   -71.25   -32.75    1979  336.60    0.503   13.07  367.06    0.00 2936.53
   -71.25   -32.75    1980  338.70    0.503   12.64  346.42    0.00 2776.07
   -71.25   -32.75    1981  340.06    0.504   12.23  390.63    0.00 2630.05
   -71.25   -32.75    1982  340.64    0.505   12.80  326.37    0.00 2833.08
   -71.25   -32.75    1983  342.27    0.506   13.02  398.64    0.00 2911.69
   -71.25   -32.75    1984  344.01    0.507   12.59  445.45    0.00 2758.68
   -71.25   -32.75    1985  345.46    0.508   12.63  366.94    0.00 2773.31
   -71.25   -32.75    1986  346.90    0.510   12.93  352.42    0.00 2884.85
   -71.25   -32.75    1987  348.77    0.512   13.57  373.91    0.00 3117.93
   -71.25   -32.75    1988  351.28    0.513   13.81  200.17    0.00 3199.59
   -71.25   -32.75    1989  352.89    0.515   13.54  334.30    0.00 3103.75
