      Lon      Lat    Year   Stand   Patch  FireRT
   -71.25   -32.75    1950       0       0    12.4
   -71.25   -32.75    1950       0       1    18.8
   -71.25   -32.75    1950       0       2  1000.0
   -71.25   -32.75    1950       0       3    57.6
   -71.25   -32.75    1950       0       4  1000.0
   -71.25   -32.75    1950     110       0    16.9
   -71.25   -32.75    1950     110       1     7.2
   -71.25   -32.75    1950     110       2     6.5
   -71.25   -32.75    1950     110       3    58.3
   -71.25   -32.75    1950     110       4    22.4
   -71.25   -32.75    1950     131       0    10.8
   -71.25   -32.75    1950     131       1    19.2
   -71.25   -32.75    1950     131       2     7.0
   -71.25   -32.75    1950     131       3     8.3
   -71.25   -32.75    1950     131       4     6.6
   -71.25   -32.75    1950     132       0    24.7
   -71.25   -32.75    1950     132       1    29.4
   -71.25   -32.75    1950     132       2    10.6
   -71.25   -32.75    1950     132       3    21.0
   -71.25   -32.75    1950     132       4    27.4
   -71.25   -32.75    1950     133       0     8.3
   -71.25   -32.75    1950     133       1     9.6
   -71.25   -32.75    1950     133       2  1000.0
   -71.25   -32.75    1950     133       3     8.6
   -71.25   -32.75    1950     133       4    11.6
   -71.25   -32.75    1950     134       0    10.6
   -71.25   -32.75    1950     134       1     9.9
   -71.25   -32.75    1950     134       2    26.6
   -71.25   -32.75    1950     134       3     8.7
   -71.25   -32.75    1950     134       4    29.6
   -71.25   -32.75    1950     140       0     7.3
   -71.25   -32.75    1950     140       1  1000.0
   -71.25   -32.75    1950     140       2    50.7
   -71.25   -32.75    1950     140       3     7.7
   -71.25   -32.75    1950     140       4     6.7
   -71.25   -32.75    1950     160       0    56.7
   -71.25   -32.75    1950     160       1    17.5
   -71.25   -32.75    1950     160       2     6.5
   -71.25   -32.75    1950     160       3     5.5
   -71.25   -32.75    1950     160       4    90.7
   -71.25   -32.75    1951       0       0    63.4
   -71.25   -32.75    1951       0       1    48.5
   -71.25   -32.75    1951       0       2    28.9
   -71.25   -32.75    1951       0       3    63.5
   -71.25   -32.75    1951       0       4    62.1
   -71.25   -32.75    1951     110       0    60.9
   -71.25   -32.75    1951     110       1    61.0
   -71.25   -32.75    1951     110       2    60.9
   -71.25   -32.75    1951     110       3    70.1
   -71.25   -32.75    1951     110       4    15.4
   -71.25   -32.75    1951     131       0    50.2
   -71.25   -32.75    1951     131       1    60.1
   -71.25   -32.75    1951     131       2    60.5
   -71.25   -32.75    1951     131       3    25.3
   -71.25   -32.75    1951     131       4    57.3
   -71.25   -32.75    1951     132       0    59.1
   -71.25   -32.75    1951     132       1    61.2
   -71.25   -32.75    1951     132       2    61.2
   -71.25   -32.75    1951     132       3    61.2
   -71.25   -32.75    1951     132       4    61.0
   -71.25   -32.75    1951     133       0    58.2
   -71.25   -32.75    1951     133       1    42.0
   -71.25   -32.75    1951     133       2  1000.0
   -71.25   -32.75    1951     133       3    52.1
   -71.25   -32.75    1951     133       4    60.3
   -71.25   -32.75    1951     134       0    60.5
   -71.25   -32.75    1951     134       1     8.5
   -71.25   -32.75    1951     134       2    46.8
   -71.25   -32.75    1951     134       3    60.7
   -71.25   -32.75    1951     134       4    61.0
   -71.25   -32.75    1951     140       0    42.4
   -71.25   -32.75    1951     140       1     6.1
   -71.25   -32.75    1951     140       2    63.2
   -71.25   -32.75    1951     140       3    60.9
   -71.25   -32.75    1951     140       4    60.9
   -71.25   -32.75    1951     160       0    68.0
   -71.25   -32.75    1951     160       1    33.4
   -71.25   -32.75    1951     160       2    64.5
   -71.25   -32.75    1951     160       3     6.9
   -71.25   -32.75    1951     160       4    90.4
   -71.25   -32.75    1952       0       0    79.0
   -71.25   -32.75    1952       0       1    42.2
   -71.25   -32.75    1952       0       2    18.2
   -71.25   -32.75    1952       0       3    44.6
   -71.25   -32.75    1952       0       4    67.4
   -71.25   -32.75    1952     110       0    81.2
   -71.25   -32.75    1952     110       1    81.2
   -71.25   -32.75    1952     110       2    81.2
   -71.25   -32.75    1952     110       3    75.7
   -71.25   -32.75    1952     110       4     7.5
   -71.25   -32.75    1952     131       0    37.5
   -71.25   -32.75    1952     131       1    79.6
   -71.25   -32.75    1952     131       2    79.4
   -71.25   -32.75    1952     131       3    12.2
   -71.25   -32.75    1952     131       4    63.3
   -71.25   -32.75    1952     132       0    69.2
   -71.25   -32.75    1952     132       1    81.7
   -71.25   -32.75    1952     132       2    81.7
   -71.25   -32.75    1952     132       3    81.7
   -71.25   -32.75    1952     132       4    80.3
   -71.25   -32.75    1952     133       0    68.1
   -71.25   -32.75    1952     133       1    25.6
   -71.25   -32.75    1952     133       2  1000.0
   -71.25   -32.75    1952     133       3    41.7
   -71.25   -32.75    1952     133       4    80.0
   -71.25   -32.75    1952     134       0    78.5
   -71.25   -32.75    1952     134       1     5.2
   -71.25   -32.75    1952     134       2    31.5
   -71.25   -32.75    1952     134       3    79.5
   -71.25   -32.75    1952     134       4    81.3
   -71.25   -32.75    1952     140       0    26.7
   -71.25   -32.75    1952     140       1     6.4
   -71.25   -32.75    1952     140       2    80.5
   -71.25   -32.75    1952     140       3    81.1
   -71.25   -32.75    1952     140       4    78.7
   -71.25   -32.75    1952     160       0    81.6
   -71.25   -32.75    1952     160       1    18.3
   -71.25   -32.75    1952     160       2    13.5
   -71.25   -32.75    1952     160       3     4.7
   -71.25   -32.75    1952     160       4    81.5
   -71.25   -32.75    1953       0       0    50.9
   -71.25   -32.75    1953       0       1    14.3
   -71.25   -32.75    1953       0       2     4.9
   -71.25   -32.75    1953       0       3    13.8
   -71.25   -32.75    1953       0       4    31.4
   -71.25   -32.75    1953     110       0    75.1
   -71.25   -32.75    1953     110       1    75.0
   -71.25   -32.75    1953     110       2    75.1
   -71.25   -32.75    1953     110       3    53.3
   -71.25   -32.75    1953     110       4     1.9
   -71.25   -32.75    1953     131       0    10.3
   -71.25   -32.75    1953     131       1    71.7
   -71.25   -32.75    1953     131       2    68.8
   -71.25   -32.75    1953     131       3     2.4
   -71.25   -32.75    1953     131       4    32.2
   -71.25   -32.75    1953     132       0    39.3
   -71.25   -32.75    1953     132       1    75.7
   -71.25   -32.75    1953     132       2    75.6
   -71.25   -32.75    1953     132       3    75.6
   -71.25   -32.75    1953     132       4    69.9
   -71.25   -32.75    1953     133       0    38.1
   -71.25   -32.75    1953     133       1     4.8
   -71.25   -32.75    1953     133       2     2.8
   -71.25   -32.75    1953     133       3    13.3
   -71.25   -32.75    1953     133       4    72.4
   -71.25   -32.75    1953     134       0    63.6
   -71.25   -32.75    1953     134       1     1.8
   -71.25   -32.75    1953     134       2     6.9
   -71.25   -32.75    1953     134       3    67.7
   -71.25   -32.75    1953     134       4    75.2
   -71.25   -32.75    1953     140       0     5.2
   -71.25   -32.75    1953     140       1     1.8
   -71.25   -32.75    1953     140       2    72.4
   -71.25   -32.75    1953     140       3    74.7
   -71.25   -32.75    1953     140       4    63.3
   -71.25   -32.75    1953     160       0    74.3
   -71.25   -32.75    1953     160       1     3.7
   -71.25   -32.75    1953     160       2     5.1
   -71.25   -32.75    1953     160       3     1.8
   -71.25   -32.75    1953     160       4    74.8
   -71.25   -32.75    1954       0       0    44.4
   -71.25   -32.75    1954       0       1    11.7
   -71.25   -32.75    1954       0       2     9.0
   -71.25   -32.75    1954       0       3    11.3
   -71.25   -32.75    1954       0       4    20.7
   -71.25   -32.75    1954     110       0   118.4
   -71.25   -32.75    1954     110       1   101.0
   -71.25   -32.75    1954     110       2   101.3
   -71.25   -32.75    1954     110       3    52.4
   -71.25   -32.75    1954     110       4     9.7
   -71.25   -32.75    1954     131       0    10.1
   -71.25   -32.75    1954     131       1    94.8
   -71.25   -32.75    1954     131       2    84.7
   -71.25   -32.75    1954     131       3    10.6
   -71.25   -32.75    1954     131       4    24.9
   -71.25   -32.75    1954     132       0    34.1
   -71.25   -32.75    1954     132       1   101.8
   -71.25   -32.75    1954     132       2   100.5
   -71.25   -32.75    1954     132       3   100.2
   -71.25   -32.75    1954     132       4    84.9
   -71.25   -32.75    1954     133       0    32.9
   -71.25   -32.75    1954     133       1    11.7
   -71.25   -32.75    1954     133       2     7.4
   -71.25   -32.75    1954     133       3    11.3
   -71.25   -32.75    1954     133       4    96.4
   -71.25   -32.75    1954     134       0    68.6
   -71.25   -32.75    1954     134       1     6.8
   -71.25   -32.75    1954     134       2     8.9
   -71.25   -32.75    1954     134       3    79.5
   -71.25   -32.75    1954     134       4   101.4
   -71.25   -32.75    1954     140       0     8.2
   -71.25   -32.75    1954     140       1     9.8
   -71.25   -32.75    1954     140       2    94.0
   -71.25   -32.75    1954     140       3   100.7
   -71.25   -32.75    1954     140       4    67.9
   -71.25   -32.75    1954     160       0    99.0
   -71.25   -32.75    1954     160       1     7.6
   -71.25   -32.75    1954     160       2     8.2
   -71.25   -32.75    1954     160       3     7.0
   -71.25   -32.75    1954     160       4   100.5
   -71.25   -32.75    1955       0       0    21.8
   -71.25   -32.75    1955       0       1     7.4
   -71.25   -32.75    1955       0       2     6.6
   -71.25   -32.75    1955       0       3     7.4
   -71.25   -32.75    1955       0       4    10.4
   -71.25   -32.75    1955     110       0     3.7
   -71.25   -32.75    1955     110       1   113.9
   -71.25   -32.75    1955     110       2   114.3
   -71.25   -32.75    1955     110       3    30.6
   -71.25   -32.75    1955     110       4    11.4
   -71.25   -32.75    1955     131       0     4.7
   -71.25   -32.75    1955     131       1   102.4
   -71.25   -32.75    1955     131       2    86.2
   -71.25   -32.75    1955     131       3     5.2
   -71.25   -32.75    1955     131       4    10.0
   -71.25   -32.75    1955     132       0    15.4
   -71.25   -32.75    1955     132       1   112.5
   -71.25   -32.75    1955     132       2   113.3
   -71.25   -32.75    1955     132       3   113.0
   -71.25   -32.75    1955     132       4    85.6
   -71.25   -32.75    1955     133       0    13.6
   -71.25   -32.75    1955     133       1    13.0
   -71.25   -32.75    1955     133       2     4.2
   -71.25   -32.75    1955     133       3     5.5
   -71.25   -32.75    1955     133       4   105.9
   -71.25   -32.75    1955     134       0    60.2
   -71.25   -32.75    1955     134       1     8.5
   -71.25   -32.75    1955     134       2     4.6
   -71.25   -32.75    1955     134       3    76.2
   -71.25   -32.75    1955     134       4   114.4
   -71.25   -32.75    1955     140       0     4.4
   -71.25   -32.75    1955     140       1     5.4
   -71.25   -32.75    1955     140       2    98.3
   -71.25   -32.75    1955     140       3   113.7
   -71.25   -32.75    1955     140       4    61.5
   -71.25   -32.75    1955     160       0   111.7
   -71.25   -32.75    1955     160       1     4.5
   -71.25   -32.75    1955     160       2     4.7
   -71.25   -32.75    1955     160       3     4.6
   -71.25   -32.75    1955     160       4   112.8
   -71.25   -32.75    1956       0       0    10.0
   -71.25   -32.75    1956       0       1     8.1
   -71.25   -32.75    1956       0       2     8.8
   -71.25   -32.75    1956       0       3     8.1
   -71.25   -32.75    1956       0       4     8.7
   -71.25   -32.75    1956     110       0    21.7
   -71.25   -32.75    1956     110       1    81.4
   -71.25   -32.75    1956     110       2    90.9
   -71.25   -32.75    1956     110       3    10.5
   -71.25   -32.75    1956     110       4     8.7
   -71.25   -32.75    1956     131       0     6.9
   -71.25   -32.75    1956     131       1    27.2
   -71.25   -32.75    1956     131       2    16.6
   -71.25   -32.75    1956     131       3     7.5
   -71.25   -32.75    1956     131       4     8.1
   -71.25   -32.75    1956     132       0     9.2
   -71.25   -32.75    1956     132       1    70.3
   -71.25   -32.75    1956     132       2    77.9
   -71.25   -32.75    1956     132       3    76.6
   -71.25   -32.75    1956     132       4    16.4
   -71.25   -32.75    1956     133       0     8.6
   -71.25   -32.75    1956     133       1    12.5
   -71.25   -32.75    1956     133       2     7.3
   -71.25   -32.75    1956     133       3     7.3
   -71.25   -32.75    1956     133       4    32.6
   -71.25   -32.75    1956     134       0    12.7
   -71.25   -32.75    1956     134       1    11.8
   -71.25   -32.75    1956     134       2     7.1
   -71.25   -32.75    1956     134       3    14.5
   -71.25   -32.75    1956     134       4    83.7
   -71.25   -32.75    1956     140       0     7.6
   -71.25   -32.75    1956     140       1     7.3
   -71.25   -32.75    1956     140       2    24.0
   -71.25   -32.75    1956     140       3    81.4
   -71.25   -32.75    1956     140       4    12.9
   -71.25   -32.75    1956     160       0    62.7
   -71.25   -32.75    1956     160       1     7.6
   -71.25   -32.75    1956     160       2     7.5
   -71.25   -32.75    1956     160       3     7.6
   -71.25   -32.75    1956     160       4    55.5
   -71.25   -32.75    1957       0       0     5.8
   -71.25   -32.75    1957       0       1     5.6
   -71.25   -32.75    1957       0       2     5.7
   -71.25   -32.75    1957       0       3     7.1
   -71.25   -32.75    1957       0       4     5.7
   -71.25   -32.75    1957     110       0     9.9
   -71.25   -32.75    1957     110       1    41.9
   -71.25   -32.75    1957     110       2   117.7
   -71.25   -32.75    1957     110       3     5.6
   -71.25   -32.75    1957     110       4     7.3
   -71.25   -32.75    1957     131       0     5.4
   -71.25   -32.75    1957     131       1    10.6
   -71.25   -32.75    1957     131       2     6.8
   -71.25   -32.75    1957     131       3     6.7
   -71.25   -32.75    1957     131       4     5.2
   -71.25   -32.75    1957     132       0     6.9
   -71.25   -32.75    1957     132       1    45.8
   -71.25   -32.75    1957     132       2    57.0
   -71.25   -32.75    1957     132       3    51.2
   -71.25   -32.75    1957     132       4     6.8
   -71.25   -32.75    1957     133       0     6.8
   -71.25   -32.75    1957     133       1     5.8
   -71.25   -32.75    1957     133       2     5.4
   -71.25   -32.75    1957     133       3     5.3
   -71.25   -32.75    1957     133       4    12.5
   -71.25   -32.75    1957     134       0     6.1
   -71.25   -32.75    1957     134       1     7.9
   -71.25   -32.75    1957     134       2     5.4
   -71.25   -32.75    1957     134       3     6.7
   -71.25   -32.75    1957     134       4    61.4
   -71.25   -32.75    1957     140       0     5.6
   -71.25   -32.75    1957     140       1     5.4
   -71.25   -32.75    1957     140       2     9.5
   -71.25   -32.75    1957     140       3    52.8
   -71.25   -32.75    1957     140       4     6.2
   -71.25   -32.75    1957     160       0    33.7
   -71.25   -32.75    1957     160       1     5.3
   -71.25   -32.75    1957     160       2     5.5
   -71.25   -32.75    1957     160       3     5.6
   -71.25   -32.75    1957     160       4    28.8
   -71.25   -32.75    1958       0       0     6.2
   -71.25   -32.75    1958       0       1     3.8
   -71.25   -32.75    1958       0       2     3.9
   -71.25   -32.75    1958       0       3     4.3
   -71.25   -32.75    1958       0       4     3.9
   -71.25   -32.75    1958     110       0     7.2
   -71.25   -32.75    1958     110       1    28.3
   -71.25   -32.75    1958     110       2     3.1
   -71.25   -32.75    1958     110       3     3.6
   -71.25   -32.75    1958     110       4     4.3
   -71.25   -32.75    1958     131       0     3.7
   -71.25   -32.75    1958     131       1     4.1
   -71.25   -32.75    1958     131       2     4.0
   -71.25   -32.75    1958     131       3     4.0
   -71.25   -32.75    1958     131       4     3.6
   -71.25   -32.75    1958     132       0     4.2
   -71.25   -32.75    1958     132       1    49.1
   -71.25   -32.75    1958     132       2    59.1
   -71.25   -32.75    1958     132       3    47.1
   -71.25   -32.75    1958     132       4     7.2
   -71.25   -32.75    1958     133       0     3.6
   -71.25   -32.75    1958     133       1     3.8
   -71.25   -32.75    1958     133       2     3.6
   -71.25   -32.75    1958     133       3     3.9
   -71.25   -32.75    1958     133       4     4.7
   -71.25   -32.75    1958     134       0     6.9
   -71.25   -32.75    1958     134       1     4.5
   -71.25   -32.75    1958     134       2     3.8
   -71.25   -32.75    1958     134       3     4.1
   -71.25   -32.75    1958     134       4    62.9
   -71.25   -32.75    1958     140       0     4.0
   -71.25   -32.75    1958     140       1     3.8
   -71.25   -32.75    1958     140       2     4.7
   -71.25   -32.75    1958     140       3    38.2
   -71.25   -32.75    1958     140       4     3.9
   -71.25   -32.75    1958     160       0    17.6
   -71.25   -32.75    1958     160       1     3.7
   -71.25   -32.75    1958     160       2     3.6
   -71.25   -32.75    1958     160       3     3.9
   -71.25   -32.75    1958     160       4    15.8
   -71.25   -32.75    1959       0       0     4.3
   -71.25   -32.75    1959       0       1     3.9
   -71.25   -32.75    1959       0       2     3.9
   -71.25   -32.75    1959       0       3     6.4
   -71.25   -32.75    1959       0       4     5.9
   -71.25   -32.75    1959     110       0     6.4
   -71.25   -32.75    1959     110       1     7.9
   -71.25   -32.75    1959     110       2     8.6
   -71.25   -32.75    1959     110       3     6.6
   -71.25   -32.75    1959     110       4     6.4
   -71.25   -32.75    1959     131       0     4.0
   -71.25   -32.75    1959     131       1     3.7
   -71.25   -32.75    1959     131       2     3.8
   -71.25   -32.75    1959     131       3     3.9
   -71.25   -32.75    1959     131       4     3.7
   -71.25   -32.75    1959     132       0     3.8
   -71.25   -32.75    1959     132       1    28.5
   -71.25   -32.75    1959     132       2    24.0
   -71.25   -32.75    1959     132       3    15.3
   -71.25   -32.75    1959     132       4     4.1
   -71.25   -32.75    1959     133       0     3.7
   -71.25   -32.75    1959     133       1     3.8
   -71.25   -32.75    1959     133       2     3.8
   -71.25   -32.75    1959     133       3     4.0
   -71.25   -32.75    1959     133       4     3.7
   -71.25   -32.75    1959     134       0     4.3
   -71.25   -32.75    1959     134       1     4.0
   -71.25   -32.75    1959     134       2     4.1
   -71.25   -32.75    1959     134       3     3.9
   -71.25   -32.75    1959     134       4    29.0
   -71.25   -32.75    1959     140       0     4.6
   -71.25   -32.75    1959     140       1     3.9
   -71.25   -32.75    1959     140       2     6.5
   -71.25   -32.75    1959     140       3     8.6
   -71.25   -32.75    1959     140       4     3.8
   -71.25   -32.75    1959     160       0     5.7
   -71.25   -32.75    1959     160       1     4.0
   -71.25   -32.75    1959     160       2     3.9
   -71.25   -32.75    1959     160       3     4.1
   -71.25   -32.75    1959     160       4     5.9
   -71.25   -32.75    1960       0       0    12.4
   -71.25   -32.75    1960       0       1    95.1
   -71.25   -32.75    1960       0       2     7.1
   -71.25   -32.75    1960       0       3     8.5
   -71.25   -32.75    1960       0       4     8.6
   -71.25   -32.75    1960     110       0     9.4
   -71.25   -32.75    1960     110       1    20.3
   -71.25   -32.75    1960     110       2    10.2
   -71.25   -32.75    1960     110       3     9.1
   -71.25   -32.75    1960     110       4     9.0
   -71.25   -32.75    1960     131       0     9.4
   -71.25   -32.75    1960     131       1    12.7
   -71.25   -32.75    1960     131       2     7.7
   -71.25   -32.75    1960     131       3  1000.0
   -71.25   -32.75    1960     131       4     8.4
   -71.25   -32.75    1960     132       0    13.0
   -71.25   -32.75    1960     132       1    38.4
   -71.25   -32.75    1960     132       2    19.3
   -71.25   -32.75    1960     132       3    14.5
   -71.25   -32.75    1960     132       4    90.2
   -71.25   -32.75    1960     133       0     8.4
   -71.25   -32.75    1960     133       1    16.0
   -71.25   -32.75    1960     133       2  1000.0
   -71.25   -32.75    1960     133       3     8.3
   -71.25   -32.75    1960     133       4     7.3
   -71.25   -32.75    1960     134       0     7.8
   -71.25   -32.75    1960     134       1    14.7
   -71.25   -32.75    1960     134       2     9.8
   -71.25   -32.75    1960     134       3    13.0
   -71.25   -32.75    1960     134       4    26.8
   -71.25   -32.75    1960     140       0    10.4
   -71.25   -32.75    1960     140       1     8.5
   -71.25   -32.75    1960     140       2     8.3
   -71.25   -32.75    1960     140       3     9.4
   -71.25   -32.75    1960     140       4    89.2
   -71.25   -32.75    1960     160       0     7.7
   -71.25   -32.75    1960     160       1     8.6
   -71.25   -32.75    1960     160       2     8.2
   -71.25   -32.75    1960     160       3     8.5
   -71.25   -32.75    1960     160       4     8.8
   -71.25   -32.75    1961       0       0     7.0
   -71.25   -32.75    1961       0       1   123.6
   -71.25   -32.75    1961       0       2     5.8
   -71.25   -32.75    1961       0       3     6.1
   -71.25   -32.75    1961       0       4     9.0
   -71.25   -32.75    1961     110       0     7.9
   -71.25   -32.75    1961     110       1     9.2
   -71.25   -32.75    1961     110       2     7.4
   -71.25   -32.75    1961     110       3     6.0
   -71.25   -32.75    1961     110       4     6.9
   -71.25   -32.75    1961     131       0     8.3
   -71.25   -32.75    1961     131       1    11.0
   -71.25   -32.75    1961     131       2     6.4
   -71.25   -32.75    1961     131       3     7.0
   -71.25   -32.75    1961     131       4    11.4
   -71.25   -32.75    1961     132       0     7.4
   -71.25   -32.75    1961     132       1    24.2
   -71.25   -32.75    1961     132       2     9.0
   -71.25   -32.75    1961     132       3     8.4
   -71.25   -32.75    1961     132       4   121.6
   -71.25   -32.75    1961     133       0     7.7
   -71.25   -32.75    1961     133       1     9.0
   -71.25   -32.75    1961     133       2  1000.0
   -71.25   -32.75    1961     133       3     7.0
   -71.25   -32.75    1961     133       4     6.5
   -71.25   -32.75    1961     134       0     6.5
   -71.25   -32.75    1961     134       1     8.5
   -71.25   -32.75    1961     134       2     8.5
   -71.25   -32.75    1961     134       3     7.6
   -71.25   -32.75    1961     134       4    10.9
   -71.25   -32.75    1961     140       0     8.8
   -71.25   -32.75    1961     140       1     7.6
   -71.25   -32.75    1961     140       2     6.2
   -71.25   -32.75    1961     140       3     6.6
   -71.25   -32.75    1961     140       4   122.0
   -71.25   -32.75    1961     160       0     5.9
   -71.25   -32.75    1961     160       1     7.8
   -71.25   -32.75    1961     160       2     7.4
   -71.25   -32.75    1961     160       3     7.4
   -71.25   -32.75    1961     160       4     7.0
   -71.25   -32.75    1962       0       0     4.5
   -71.25   -32.75    1962       0       1     3.5
   -71.25   -32.75    1962       0       2     8.2
   -71.25   -32.75    1962       0       3     4.0
   -71.25   -32.75    1962       0       4     6.2
   -71.25   -32.75    1962     110       0     7.4
   -71.25   -32.75    1962     110       1     8.1
   -71.25   -32.75    1962     110       2     6.3
   -71.25   -32.75    1962     110       3     5.0
   -71.25   -32.75    1962     110       4     5.1
   -71.25   -32.75    1962     131       0     8.3
   -71.25   -32.75    1962     131       1     8.3
   -71.25   -32.75    1962     131       2    10.2
   -71.25   -32.75    1962     131       3     5.8
   -71.25   -32.75    1962     131       4     8.3
   -71.25   -32.75    1962     132       0     5.2
   -71.25   -32.75    1962     132       1    56.6
   -71.25   -32.75    1962     132       2     6.9
   -71.25   -32.75    1962     132       3     6.8
   -71.25   -32.75    1962     132       4     3.2
   -71.25   -32.75    1962     133       0     7.0
   -71.25   -32.75    1962     133       1     8.5
   -71.25   -32.75    1962     133       2  1000.0
   -71.25   -32.75    1962     133       3     5.2
   -71.25   -32.75    1962     133       4     4.7
   -71.25   -32.75    1962     134       0     4.6
   -71.25   -32.75    1962     134       1     7.3
   -71.25   -32.75    1962     134       2     8.6
   -71.25   -32.75    1962     134       3     4.9
   -71.25   -32.75    1962     134       4    11.0
   -71.25   -32.75    1962     140       0     9.1
   -71.25   -32.75    1962     140       1     7.2
   -71.25   -32.75    1962     140       2     4.0
   -71.25   -32.75    1962     140       3     4.5
   -71.25   -32.75    1962     140       4     3.1
   -71.25   -32.75    1962     160       0     3.8
   -71.25   -32.75    1962     160       1     7.4
   -71.25   -32.75    1962     160       2     6.9
   -71.25   -32.75    1962     160       3     6.6
   -71.25   -32.75    1962     160       4     5.7
   -71.25   -32.75    1963       0       0     4.5
   -71.25   -32.75    1963       0       1    11.6
   -71.25   -32.75    1963       0       2     4.5
   -71.25   -32.75    1963       0       3     4.5
   -71.25   -32.75    1963       0       4     5.1
   -71.25   -32.75    1963     110       0    23.8
   -71.25   -32.75    1963     110       1     8.0
   -71.25   -32.75    1963     110       2     4.2
   -71.25   -32.75    1963     110       3     7.8
   -71.25   -32.75    1963     110       4     6.2
   -71.25   -32.75    1963     131       0     8.7
   -71.25   -32.75    1963     131       1     7.4
   -71.25   -32.75    1963     131       2  1000.0
   -71.25   -32.75    1963     131       3     7.4
   -71.25   -32.75    1963     131       4     6.6
   -71.25   -32.75    1963     132       0    12.0
   -71.25   -32.75    1963     132       1    36.4
   -71.25   -32.75    1963     132       2    13.6
   -71.25   -32.75    1963     132       3    14.3
   -71.25   -32.75    1963     132       4     7.2
   -71.25   -32.75    1963     133       0     4.2
   -71.25   -32.75    1963     133       1     8.0
   -71.25   -32.75    1963     133       2     6.9
   -71.25   -32.75    1963     133       3     6.4
   -71.25   -32.75    1963     133       4     6.6
   -71.25   -32.75    1963     134       0     5.9
   -71.25   -32.75    1963     134       1    91.2
   -71.25   -32.75    1963     134       2     9.2
   -71.25   -32.75    1963     134       3     5.4
   -71.25   -32.75    1963     134       4     9.6
   -71.25   -32.75    1963     140       0     9.4
   -71.25   -32.75    1963     140       1     8.0
   -71.25   -32.75    1963     140       2     5.0
   -71.25   -32.75    1963     140       3    13.5
   -71.25   -32.75    1963     140       4     6.7
   -71.25   -32.75    1963     160       0     4.4
   -71.25   -32.75    1963     160       1     6.1
   -71.25   -32.75    1963     160       2     5.1
   -71.25   -32.75    1963     160       3     7.2
   -71.25   -32.75    1963     160       4     6.8
   -71.25   -32.75    1964       0       0     3.7
   -71.25   -32.75    1964       0       1     6.0
   -71.25   -32.75    1964       0       2     3.4
   -71.25   -32.75    1964       0       3  1000.0
   -71.25   -32.75    1964       0       4     4.1
   -71.25   -32.75    1964     110       0     7.5
   -71.25   -32.75    1964     110       1     6.0
   -71.25   -32.75    1964     110       2     4.6
   -71.25   -32.75    1964     110       3     4.6
   -71.25   -32.75    1964     110       4     4.7
   -71.25   -32.75    1964     131       0     5.7
   -71.25   -32.75    1964     131       1     5.8
   -71.25   -32.75    1964     131       2     5.7
   -71.25   -32.75    1964     131       3     5.7
   -71.25   -32.75    1964     131       4     4.5
   -71.25   -32.75    1964     132       0     5.3
   -71.25   -32.75    1964     132       1    13.2
   -71.25   -32.75    1964     132       2     5.7
   -71.25   -32.75    1964     132       3     5.2
   -71.25   -32.75    1964     132       4     3.4
   -71.25   -32.75    1964     133       0     4.7
   -71.25   -32.75    1964     133       1    10.2
   -71.25   -32.75    1964     133       2     5.4
   -71.25   -32.75    1964     133       3     4.9
   -71.25   -32.75    1964     133       4  1000.0
   -71.25   -32.75    1964     134       0     4.5
   -71.25   -32.75    1964     134       1   118.8
   -71.25   -32.75    1964     134       2     5.6
   -71.25   -32.75    1964     134       3  1000.0
   -71.25   -32.75    1964     134       4     6.4
   -71.25   -32.75    1964     140       0     6.1
   -71.25   -32.75    1964     140       1    10.6
   -71.25   -32.75    1964     140       2     3.9
   -71.25   -32.75    1964     140       3    66.1
   -71.25   -32.75    1964     140       4     3.5
   -71.25   -32.75    1964     160       0     3.5
   -71.25   -32.75    1964     160       1     5.8
   -71.25   -32.75    1964     160       2     5.4
   -71.25   -32.75    1964     160       3     5.2
   -71.25   -32.75    1964     160       4     5.2
   -71.25   -32.75    1965       0       0    12.5
   -71.25   -32.75    1965       0       1    18.8
   -71.25   -32.75    1965       0       2  1000.0
   -71.25   -32.75    1965       0       3  1000.0
   -71.25   -32.75    1965       0       4  1000.0
   -71.25   -32.75    1965     110       0    32.4
   -71.25   -32.75    1965     110       1    23.9
   -71.25   -32.75    1965     110       2    16.1
   -71.25   -32.75    1965     110       3    13.2
   -71.25   -32.75    1965     110       4    17.8
   -71.25   -32.75    1965     131       0    27.1
   -71.25   -32.75    1965     131       1    21.5
   -71.25   -32.75    1965     131       2    18.0
   -71.25   -32.75    1965     131       3  1000.0
   -71.25   -32.75    1965     131       4    13.2
   -71.25   -32.75    1965     132       0    17.4
   -71.25   -32.75    1965     132       1    62.8
   -71.25   -32.75    1965     132       2    30.0
   -71.25   -32.75    1965     132       3    15.7
   -71.25   -32.75    1965     132       4    12.8
   -71.25   -32.75    1965     133       0    17.1
   -71.25   -32.75    1965     133       1    28.6
   -71.25   -32.75    1965     133       2    19.9
   -71.25   -32.75    1965     133       3    17.7
   -71.25   -32.75    1965     133       4  1000.0
   -71.25   -32.75    1965     134       0    16.4
   -71.25   -32.75    1965     134       1     5.8
   -71.25   -32.75    1965     134       2    25.5
   -71.25   -32.75    1965     134       3  1000.0
   -71.25   -32.75    1965     134       4    21.6
   -71.25   -32.75    1965     140       0    18.6
   -71.25   -32.75    1965     140       1    41.0
   -71.25   -32.75    1965     140       2    13.8
   -71.25   -32.75    1965     140       3   118.7
   -71.25   -32.75    1965     140       4    14.0
   -71.25   -32.75    1965     160       0  1000.0
   -71.25   -32.75    1965     160       1    19.0
   -71.25   -32.75    1965     160       2    18.6
   -71.25   -32.75    1965     160       3    20.4
   -71.25   -32.75    1965     160       4    19.7
   -71.25   -32.75    1966       0       0     5.2
   -71.25   -32.75    1966       0       1     6.7
   -71.25   -32.75    1966       0       2     5.0
   -71.25   -32.75    1966       0       3     5.2
   -71.25   -32.75    1966       0       4  1000.0
   -71.25   -32.75    1966     110       0    17.0
   -71.25   -32.75    1966     110       1    16.3
   -71.25   -32.75    1966     110       2     5.6
   -71.25   -32.75    1966     110       3     5.4
   -71.25   -32.75    1966     110       4    10.5
   -71.25   -32.75    1966     131       0    13.1
   -71.25   -32.75    1966     131       1    55.7
   -71.25   -32.75    1966     131       2     9.4
   -71.25   -32.75    1966     131       3  1000.0
   -71.25   -32.75    1966     131       4     5.3
   -71.25   -32.75    1966     132       0     9.9
   -71.25   -32.75    1966     132       1    39.7
   -71.25   -32.75    1966     132       2    11.2
   -71.25   -32.75    1966     132       3     6.8
   -71.25   -32.75    1966     132       4     5.4
   -71.25   -32.75    1966     133       0    14.4
   -71.25   -32.75    1966     133       1    17.4
   -71.25   -32.75    1966     133       2    12.2
   -71.25   -32.75    1966     133       3     9.7
   -71.25   -32.75    1966     133       4     7.4
   -71.25   -32.75    1966     134       0     9.0
   -71.25   -32.75    1966     134       1     5.8
   -71.25   -32.75    1966     134       2    34.7
   -71.25   -32.75    1966     134       3  1000.0
   -71.25   -32.75    1966     134       4    12.8
   -71.25   -32.75    1966     140       0     8.4
   -71.25   -32.75    1966     140       1    27.0
   -71.25   -32.75    1966     140       2     7.1
   -71.25   -32.75    1966     140       3     2.9
   -71.25   -32.75    1966     140       4     5.3
   -71.25   -32.75    1966     160       0  1000.0
   -71.25   -32.75    1966     160       1    14.7
   -71.25   -32.75    1966     160       2     6.8
   -71.25   -32.75    1966     160       3     9.6
   -71.25   -32.75    1966     160       4    11.4
   -71.25   -32.75    1967       0       0     7.2
   -71.25   -32.75    1967       0       1    34.0
   -71.25   -32.75    1967       0       2     4.3
   -71.25   -32.75    1967       0       3  1000.0
   -71.25   -32.75    1967       0       4  1000.0
   -71.25   -32.75    1967     110       0    22.7
   -71.25   -32.75    1967     110       1    33.0
   -71.25   -32.75    1967     110       2    33.0
   -71.25   -32.75    1967     110       3     7.0
   -71.25   -32.75    1967     110       4    21.8
   -71.25   -32.75    1967     131       0    25.2
   -71.25   -32.75    1967     131       1   125.4
   -71.25   -32.75    1967     131       2    39.4
   -71.25   -32.75    1967     131       3  1000.0
   -71.25   -32.75    1967     131       4     8.5
   -71.25   -32.75    1967     132       0    17.3
   -71.25   -32.75    1967     132       1    82.9
   -71.25   -32.75    1967     132       2    35.9
   -71.25   -32.75    1967     132       3    10.7
   -71.25   -32.75    1967     132       4     5.2
   -71.25   -32.75    1967     133       0    28.3
   -71.25   -32.75    1967     133       1    32.6
   -71.25   -32.75    1967     133       2    20.1
   -71.25   -32.75    1967     133       3    17.5
   -71.25   -32.75    1967     133       4    11.2
   -71.25   -32.75    1967     134       0    16.9
   -71.25   -32.75    1967     134       1     5.4
   -71.25   -32.75    1967     134       2    67.8
   -71.25   -32.75    1967     134       3     5.3
   -71.25   -32.75    1967     134       4    23.0
   -71.25   -32.75    1967     140       0    23.5
   -71.25   -32.75    1967     140       1    53.0
   -71.25   -32.75    1967     140       2    11.2
   -71.25   -32.75    1967     140       3    25.0
   -71.25   -32.75    1967     140       4     5.4
   -71.25   -32.75    1967     160       0     6.4
   -71.25   -32.75    1967     160       1    26.8
   -71.25   -32.75    1967     160       2    11.4
   -71.25   -32.75    1967     160       3  1000.0
   -71.25   -32.75    1967     160       4    23.0
   -71.25   -32.75    1968       0       0     5.9
   -71.25   -32.75    1968       0       1     9.0
   -71.25   -32.75    1968       0       2     5.4
   -71.25   -32.75    1968       0       3  1000.0
   -71.25   -32.75    1968       0       4  1000.0
   -71.25   -32.75    1968     110       0    16.2
   -71.25   -32.75    1968     110       1    25.0
   -71.25   -32.75    1968     110       2     9.6
   -71.25   -32.75    1968     110       3     6.6
   -71.25   -32.75    1968     110       4    11.1
   -71.25   -32.75    1968     131       0     9.6
   -71.25   -32.75    1968     131       1     4.0
   -71.25   -32.75    1968     131       2    11.5
   -71.25   -32.75    1968     131       3    10.8
   -71.25   -32.75    1968     131       4     6.7
   -71.25   -32.75    1968     132       0     8.5
   -71.25   -32.75    1968     132       1    49.0
   -71.25   -32.75    1968     132       2     6.4
   -71.25   -32.75    1968     132       3     6.6
   -71.25   -32.75    1968     132       4     6.3
   -71.25   -32.75    1968     133       0     7.6
   -71.25   -32.75    1968     133       1    12.7
   -71.25   -32.75    1968     133       2     8.6
   -71.25   -32.75    1968     133       3     8.6
   -71.25   -32.75    1968     133       4     6.5
   -71.25   -32.75    1968     134       0     9.3
   -71.25   -32.75    1968     134       1     5.7
   -71.25   -32.75    1968     134       2    23.8
   -71.25   -32.75    1968     134       3  1000.0
   -71.25   -32.75    1968     134       4    10.3
   -71.25   -32.75    1968     140       0     9.3
   -71.25   -32.75    1968     140       1    21.6
   -71.25   -32.75    1968     140       2     7.2
   -71.25   -32.75    1968     140       3     6.4
   -71.25   -32.75    1968     140       4     9.3
   -71.25   -32.75    1968     160       0  1000.0
   -71.25   -32.75    1968     160       1     9.3
   -71.25   -32.75    1968     160       2     7.0
   -71.25   -32.75    1968     160       3     8.9
   -71.25   -32.75    1968     160       4    10.0
   -71.25   -32.75    1969       0       0  1000.0
   -71.25   -32.75    1969       0       1     9.4
   -71.25   -32.75    1969       0       2     5.9
   -71.25   -32.75    1969       0       3  1000.0
   -71.25   -32.75    1969       0       4  1000.0
   -71.25   -32.75    1969     110       0    41.1
   -71.25   -32.75    1969     110       1    32.3
   -71.25   -32.75    1969     110       2     7.6
   -71.25   -32.75    1969     110       3    13.9
   -71.25   -32.75    1969     110       4    23.7
   -71.25   -32.75    1969     131       0    12.3
   -71.25   -32.75    1969     131       1     5.5
   -71.25   -32.75    1969     131       2    19.5
   -71.25   -32.75    1969     131       3    17.3
   -71.25   -32.75    1969     131       4    11.9
   -71.25   -32.75    1969     132       0     9.5
   -71.25   -32.75    1969     132       1    56.8
   -71.25   -32.75    1969     132       2     5.9
   -71.25   -32.75    1969     132       3     8.6
   -71.25   -32.75    1969     132       4     5.6
   -71.25   -32.75    1969     133       0     8.2
   -71.25   -32.75    1969     133       1    39.4
   -71.25   -32.75    1969     133       2     9.8
   -71.25   -32.75    1969     133       3    11.7
   -71.25   -32.75    1969     133       4     6.1
   -71.25   -32.75    1969     134       0    16.4
   -71.25   -32.75    1969     134       1     5.3
   -71.25   -32.75    1969     134       2    29.2
   -71.25   -32.75    1969     134       3     3.6
   -71.25   -32.75    1969     134       4    17.5
   -71.25   -32.75    1969     140       0    10.1
   -71.25   -32.75    1969     140       1    32.6
   -71.25   -32.75    1969     140       2    12.2
   -71.25   -32.75    1969     140       3     4.8
   -71.25   -32.75    1969     140       4     7.7
   -71.25   -32.75    1969     160       0  1000.0
   -71.25   -32.75    1969     160       1    11.0
   -71.25   -32.75    1969     160       2     7.9
   -71.25   -32.75    1969     160       3    10.8
   -71.25   -32.75    1969     160       4    17.0
   -71.25   -32.75    1970       0       0  1000.0
   -71.25   -32.75    1970       0       1    13.9
   -71.25   -32.75    1970       0       2    11.7
   -71.25   -32.75    1970       0       3     6.8
   -71.25   -32.75    1970       0       4  1000.0
   -71.25   -32.75    1970     110       0    26.9
   -71.25   -32.75    1970     110       1    22.2
   -71.25   -32.75    1970     110       2    11.4
   -71.25   -32.75    1970     110       3    13.9
   -71.25   -32.75    1970     110       4    21.1
   -71.25   -32.75    1970     131       0    15.8
   -71.25   -32.75    1970     131       1     6.3
   -71.25   -32.75    1970     131       2    18.1
   -71.25   -32.75    1970     131       3    17.0
   -71.25   -32.75    1970     131       4    13.6
   -71.25   -32.75    1970     132       0    14.5
   -71.25   -32.75    1970     132       1    39.1
   -71.25   -32.75    1970     132       2     6.0
   -71.25   -32.75    1970     132       3    13.2
   -71.25   -32.75    1970     132       4    10.0
   -71.25   -32.75    1970     133       0    13.4
   -71.25   -32.75    1970     133       1    26.6
   -71.25   -32.75    1970     133       2  1000.0
   -71.25   -32.75    1970     133       3    15.2
   -71.25   -32.75    1970     133       4     9.9
   -71.25   -32.75    1970     134       0    17.2
   -71.25   -32.75    1970     134       1     9.8
   -71.25   -32.75    1970     134       2    21.1
   -71.25   -32.75    1970     134       3  1000.0
   -71.25   -32.75    1970     134       4    17.4
   -71.25   -32.75    1970     140       0    15.3
   -71.25   -32.75    1970     140       1    23.5
   -71.25   -32.75    1970     140       2    16.0
   -71.25   -32.75    1970     140       3    15.5
   -71.25   -32.75    1970     140       4    11.1
   -71.25   -32.75    1970     160       0    65.5
   -71.25   -32.75    1970     160       1    15.5
   -71.25   -32.75    1970     160       2    12.5
   -71.25   -32.75    1970     160       3    15.1
   -71.25   -32.75    1970     160       4    17.9
   -71.25   -32.75    1971       0       0  1000.0
   -71.25   -32.75    1971       0       1    22.2
   -71.25   -32.75    1971       0       2    19.7
   -71.25   -32.75    1971       0       3  1000.0
   -71.25   -32.75    1971       0       4  1000.0
   -71.25   -32.75    1971     110       0    44.3
   -71.25   -32.75    1971     110       1    39.5
   -71.25   -32.75    1971     110       2    19.7
   -71.25   -32.75    1971     110       3    21.0
   -71.25   -32.75    1971     110       4    41.1
   -71.25   -32.75    1971     131       0    30.0
   -71.25   -32.75    1971     131       1    16.0
   -71.25   -32.75    1971     131       2    32.8
   -71.25   -32.75    1971     131       3  1000.0
   -71.25   -32.75    1971     131       4    21.3
   -71.25   -32.75    1971     132       0    25.7
   -71.25   -32.75    1971     132       1    61.1
   -71.25   -32.75    1971     132       2    16.1
   -71.25   -32.75    1971     132       3    26.1
   -71.25   -32.75    1971     132       4    17.6
   -71.25   -32.75    1971     133       0    24.2
   -71.25   -32.75    1971     133       1    45.8
   -71.25   -32.75    1971     133       2    43.4
   -71.25   -32.75    1971     133       3    26.9
   -71.25   -32.75    1971     133       4    19.2
   -71.25   -32.75    1971     134       0    30.9
   -71.25   -32.75    1971     134       1    17.7
   -71.25   -32.75    1971     134       2    38.2
   -71.25   -32.75    1971     134       3  1000.0
   -71.25   -32.75    1971     134       4    31.4
   -71.25   -32.75    1971     140       0    27.5
   -71.25   -32.75    1971     140       1    41.6
   -71.25   -32.75    1971     140       2    29.9
   -71.25   -32.75    1971     140       3    21.6
   -71.25   -32.75    1971     140       4    18.9
   -71.25   -32.75    1971     160       0   118.5
   -71.25   -32.75    1971     160       1    41.3
   -71.25   -32.75    1971     160       2    20.7
   -71.25   -32.75    1971     160       3    26.1
   -71.25   -32.75    1971     160       4    32.1
   -71.25   -32.75    1972       0       0    26.5
   -71.25   -32.75    1972       0       1    27.4
   -71.25   -32.75    1972       0       2  1000.0
   -71.25   -32.75    1972       0       3    14.4
   -71.25   -32.75    1972       0       4  1000.0
   -71.25   -32.75    1972     110       0    70.0
   -71.25   -32.75    1972     110       1    68.1
   -71.25   -32.75    1972     110       2    22.5
   -71.25   -32.75    1972     110       3    23.4
   -71.25   -32.75    1972     110       4    68.0
   -71.25   -32.75    1972     131       0    43.2
   -71.25   -32.75    1972     131       1    17.9
   -71.25   -32.75    1972     131       2    51.9
   -71.25   -32.75    1972     131       3  1000.0
   -71.25   -32.75    1972     131       4    24.4
   -71.25   -32.75    1972     132       0    38.9
   -71.25   -32.75    1972     132       1    86.1
   -71.25   -32.75    1972     132       2    20.2
   -71.25   -32.75    1972     132       3    33.2
   -71.25   -32.75    1972     132       4    18.6
   -71.25   -32.75    1972     133       0    33.6
   -71.25   -32.75    1972     133       1    73.8
   -71.25   -32.75    1972     133       2    68.4
   -71.25   -32.75    1972     133       3    39.1
   -71.25   -32.75    1972     133       4    23.4
   -71.25   -32.75    1972     134       0    47.0
   -71.25   -32.75    1972     134       1    18.7
   -71.25   -32.75    1972     134       2    62.5
   -71.25   -32.75    1972     134       3  1000.0
   -71.25   -32.75    1972     134       4    50.8
   -71.25   -32.75    1972     140       0    43.9
   -71.25   -32.75    1972     140       1    71.7
   -71.25   -32.75    1972     140       2    46.2
   -71.25   -32.75    1972     140       3    25.6
   -71.25   -32.75    1972     140       4    22.2
   -71.25   -32.75    1972     160       0     6.0
   -71.25   -32.75    1972     160       1    64.1
   -71.25   -32.75    1972     160       2    25.8
   -71.25   -32.75    1972     160       3    36.2
   -71.25   -32.75    1972     160       4    52.0
   -71.25   -32.75    1973       0       0    11.6
   -71.25   -32.75    1973       0       1    97.7
   -71.25   -32.75    1973       0       2    16.8
   -71.25   -32.75    1973       0       3     5.7
   -71.25   -32.75    1973       0       4    10.0
   -71.25   -32.75    1973     110       0    44.2
   -71.25   -32.75    1973     110       1    40.4
   -71.25   -32.75    1973     110       2     9.3
   -71.25   -32.75    1973     110       3     8.5
   -71.25   -32.75    1973     110       4    44.0
   -71.25   -32.75    1973     131       0    21.2
   -71.25   -32.75    1973     131       1     5.8
   -71.25   -32.75    1973     131       2    27.2
   -71.25   -32.75    1973     131       3  1000.0
   -71.25   -32.75    1973     131       4     9.5
   -71.25   -32.75    1973     132       0    34.8
   -71.25   -32.75    1973     132       1    71.1
   -71.25   -32.75    1973     132       2     9.4
   -71.25   -32.75    1973     132       3    15.3
   -71.25   -32.75    1973     132       4     6.6
   -71.25   -32.75    1973     133       0    18.1
   -71.25   -32.75    1973     133       1    53.6
   -71.25   -32.75    1973     133       2    40.9
   -71.25   -32.75    1973     133       3    22.1
   -71.25   -32.75    1973     133       4    10.4
   -71.25   -32.75    1973     134       0    25.8
   -71.25   -32.75    1973     134       1     6.1
   -71.25   -32.75    1973     134       2    34.8
   -71.25   -32.75    1973     134       3     4.9
   -71.25   -32.75    1973     134       4    26.5
   -71.25   -32.75    1973     140       0    23.0
   -71.25   -32.75    1973     140       1    44.9
   -71.25   -32.75    1973     140       2    24.4
   -71.25   -32.75    1973     140       3    10.0
   -71.25   -32.75    1973     140       4     7.9
   -71.25   -32.75    1973     160       0    10.8
   -71.25   -32.75    1973     160       1    32.6
   -71.25   -32.75    1973     160       2    12.8
   -71.25   -32.75    1973     160       3    18.9
   -71.25   -32.75    1973     160       4    26.4
   -71.25   -32.75    1974       0       0     4.1
   -71.25   -32.75    1974       0       1   118.3
   -71.25   -32.75    1974       0       2     4.4
   -71.25   -32.75    1974       0       3  1000.0
   -71.25   -32.75    1974       0       4     4.3
   -71.25   -32.75    1974     110       0    12.3
   -71.25   -32.75    1974     110       1    11.7
   -71.25   -32.75    1974     110       2     3.9
   -71.25   -32.75    1974     110       3     3.9
   -71.25   -32.75    1974     110       4    13.9
   -71.25   -32.75    1974     131       0     5.9
   -71.25   -32.75    1974     131       1     3.4
   -71.25   -32.75    1974     131       2    14.5
   -71.25   -32.75    1974     131       3     7.9
   -71.25   -32.75    1974     131       4     4.3
   -71.25   -32.75    1974     132       0    11.3
   -71.25   -32.75    1974     132       1    23.0
   -71.25   -32.75    1974     132       2     5.5
   -71.25   -32.75    1974     132       3     4.7
   -71.25   -32.75    1974     132       4     5.0
   -71.25   -32.75    1974     133       0     5.1
   -71.25   -32.75    1974     133       1    15.2
   -71.25   -32.75    1974     133       2    11.8
   -71.25   -32.75    1974     133       3     6.2
   -71.25   -32.75    1974     133       4     4.2
   -71.25   -32.75    1974     134       0     7.7
   -71.25   -32.75    1974     134       1     3.5
   -71.25   -32.75    1974     134       2    10.4
   -71.25   -32.75    1974     134       3  1000.0
   -71.25   -32.75    1974     134       4     7.9
   -71.25   -32.75    1974     140       0     7.3
   -71.25   -32.75    1974     140       1    12.9
   -71.25   -32.75    1974     140       2    23.2
   -71.25   -32.75    1974     140       3     4.1
   -71.25   -32.75    1974     140       4     3.7
   -71.25   -32.75    1974     160       0     5.7
   -71.25   -32.75    1974     160       1     9.5
   -71.25   -32.75    1974     160       2     4.4
   -71.25   -32.75    1974     160       3     5.4
   -71.25   -32.75    1974     160       4     7.5
   -71.25   -32.75    1975       0       0    10.7
   -71.25   -32.75    1975       0       1     3.1
   -71.25   -32.75    1975       0       2    20.3
   -71.25   -32.75    1975       0       3  1000.0
   -71.25   -32.75    1975       0       4  1000.0
   -71.25   -32.75    1975     110       0    37.0
   -71.25   -32.75    1975     110       1    38.0
   -71.25   -32.75    1975     110       2    20.8
   -71.25   -32.75    1975     110       3     7.8
   -71.25   -32.75    1975     110       4    42.0
   -71.25   -32.75    1975     131       0    15.2
   -71.25   -32.75    1975     131       1     6.5
   -71.25   -32.75    1975     131       2    25.7
   -71.25   -32.75    1975     131       3  1000.0
   -71.25   -32.75    1975     131       4     9.7
   -71.25   -32.75    1975     132       0     9.7
   -71.25   -32.75    1975     132       1    56.6
   -71.25   -32.75    1975     132       2    22.8
   -71.25   -32.75    1975     132       3    13.9
   -71.25   -32.75    1975     132       4    19.0
   -71.25   -32.75    1975     133       0    26.7
   -71.25   -32.75    1975     133       1    45.3
   -71.25   -32.75    1975     133       2    35.6
   -71.25   -32.75    1975     133       3    16.5
   -71.25   -32.75    1975     133       4     9.7
   -71.25   -32.75    1975     134       0    31.9
   -71.25   -32.75    1975     134       1     4.6
   -71.25   -32.75    1975     134       2    41.0
   -71.25   -32.75    1975     134       3  1000.0
   -71.25   -32.75    1975     134       4    20.8
   -71.25   -32.75    1975     140       0    22.9
   -71.25   -32.75    1975     140       1    38.6
   -71.25   -32.75    1975     140       2    67.6
   -71.25   -32.75    1975     140       3    18.6
   -71.25   -32.75    1975     140       4     6.3
   -71.25   -32.75    1975     160       0     7.1
   -71.25   -32.75    1975     160       1    25.3
   -71.25   -32.75    1975     160       2     9.8
   -71.25   -32.75    1975     160       3    12.6
   -71.25   -32.75    1975     160       4    19.5
   -71.25   -32.75    1976       0       0     6.0
   -71.25   -32.75    1976       0       1     5.1
   -71.25   -32.75    1976       0       2     6.9
   -71.25   -32.75    1976       0       3  1000.0
   -71.25   -32.75    1976       0       4  1000.0
   -71.25   -32.75    1976     110       0    20.1
   -71.25   -32.75    1976     110       1    22.5
   -71.25   -32.75    1976     110       2     6.2
   -71.25   -32.75    1976     110       3     4.7
   -71.25   -32.75    1976     110       4    23.7
   -71.25   -32.75    1976     131       0     7.1
   -71.25   -32.75    1976     131       1     4.5
   -71.25   -32.75    1976     131       2    12.7
   -71.25   -32.75    1976     131       3  1000.0
   -71.25   -32.75    1976     131       4     5.0
   -71.25   -32.75    1976     132       0     6.4
   -71.25   -32.75    1976     132       1    34.0
   -71.25   -32.75    1976     132       2     7.7
   -71.25   -32.75    1976     132       3     6.9
   -71.25   -32.75    1976     132       4     6.2
   -71.25   -32.75    1976     133       0    12.6
   -71.25   -32.75    1976     133       1    35.3
   -71.25   -32.75    1976     133       2    20.8
   -71.25   -32.75    1976     133       3     7.6
   -71.25   -32.75    1976     133       4     4.8
   -71.25   -32.75    1976     134       0    19.8
   -71.25   -32.75    1976     134       1     4.3
   -71.25   -32.75    1976     134       2    24.4
   -71.25   -32.75    1976     134       3  1000.0
   -71.25   -32.75    1976     134       4    10.7
   -71.25   -32.75    1976     140       0     9.6
   -71.25   -32.75    1976     140       1    21.0
   -71.25   -32.75    1976     140       2  1000.0
   -71.25   -32.75    1976     140       3     5.7
   -71.25   -32.75    1976     140       4     4.5
   -71.25   -32.75    1976     160       0     4.5
   -71.25   -32.75    1976     160       1    12.3
   -71.25   -32.75    1976     160       2     5.2
   -71.25   -32.75    1976     160       3     5.8
   -71.25   -32.75    1976     160       4    10.1
   -71.25   -32.75    1977       0       0    12.5
   -71.25   -32.75    1977       0       1     9.5
   -71.25   -32.75    1977       0       2    12.2
   -71.25   -32.75    1977       0       3  1000.0
   -71.25   -32.75    1977       0       4  1000.0
   -71.25   -32.75    1977     110       0    44.9
   -71.25   -32.75    1977     110       1    44.5
   -71.25   -32.75    1977     110       2    13.5
   -71.25   -32.75    1977     110       3    15.2
   -71.25   -32.75    1977     110       4    47.8
   -71.25   -32.75    1977     131       0    15.7
   -71.25   -32.75    1977     131       1     9.0
   -71.25   -32.75    1977     131       2    29.4
   -71.25   -32.75    1977     131       3  1000.0
   -71.25   -32.75    1977     131       4    10.7
   -71.25   -32.75    1977     132       0    15.0
   -71.25   -32.75    1977     132       1    57.7
   -71.25   -32.75    1977     132       2    12.4
   -71.25   -32.75    1977     132       3    14.7
   -71.25   -32.75    1977     132       4    11.9
   -71.25   -32.75    1977     133       0    24.9
   -71.25   -32.75    1977     133       1    14.9
   -71.25   -32.75    1977     133       2    75.9
   -71.25   -32.75    1977     133       3    18.9
   -71.25   -32.75    1977     133       4    11.0
   -71.25   -32.75    1977     134       0    12.1
   -71.25   -32.75    1977     134       1    12.5
   -71.25   -32.75    1977     134       2    48.7
   -71.25   -32.75    1977     134       3  1000.0
   -71.25   -32.75    1977     134       4    22.1
   -71.25   -32.75    1977     140       0    19.6
   -71.25   -32.75    1977     140       1    42.4
   -71.25   -32.75    1977     140       2  1000.0
   -71.25   -32.75    1977     140       3    10.6
   -71.25   -32.75    1977     140       4    10.0
   -71.25   -32.75    1977     160       0    16.4
   -71.25   -32.75    1977     160       1    22.5
   -71.25   -32.75    1977     160       2    11.3
   -71.25   -32.75    1977     160       3  1000.0
   -71.25   -32.75    1977     160       4    20.1
   -71.25   -32.75    1978       0       0    24.6
   -71.25   -32.75    1978       0       1    18.1
   -71.25   -32.75    1978       0       2    22.5
   -71.25   -32.75    1978       0       3  1000.0
   -71.25   -32.75    1978       0       4  1000.0
   -71.25   -32.75    1978     110       0    56.9
   -71.25   -32.75    1978     110       1    53.9
   -71.25   -32.75    1978     110       2    28.6
   -71.25   -32.75    1978     110       3    26.4
   -71.25   -32.75    1978     110       4    56.3
   -71.25   -32.75    1978     131       0    32.2
   -71.25   -32.75    1978     131       1    12.7
   -71.25   -32.75    1978     131       2    44.5
   -71.25   -32.75    1978     131       3  1000.0
   -71.25   -32.75    1978     131       4    35.0
   -71.25   -32.75    1978     132       0    34.4
   -71.25   -32.75    1978     132       1    60.7
   -71.25   -32.75    1978     132       2    19.8
   -71.25   -32.75    1978     132       3    27.3
   -71.25   -32.75    1978     132       4    19.5
   -71.25   -32.75    1978     133       0    35.7
   -71.25   -32.75    1978     133       1    33.5
   -71.25   -32.75    1978     133       2    79.9
   -71.25   -32.75    1978     133       3    34.4
   -71.25   -32.75    1978     133       4    19.8
   -71.25   -32.75    1978     134       0    30.8
   -71.25   -32.75    1978     134       1    20.3
   -71.25   -32.75    1978     134       2    63.4
   -71.25   -32.75    1978     134       3  1000.0
   -71.25   -32.75    1978     134       4    36.2
   -71.25   -32.75    1978     140       0    35.0
   -71.25   -32.75    1978     140       1    52.2
   -71.25   -32.75    1978     140       2  1000.0
   -71.25   -32.75    1978     140       3    20.8
   -71.25   -32.75    1978     140       4    32.7
   -71.25   -32.75    1978     160       0    26.4
   -71.25   -32.75    1978     160       1    38.4
   -71.25   -32.75    1978     160       2    22.7
   -71.25   -32.75    1978     160       3  1000.0
   -71.25   -32.75    1978     160       4    36.3
   -71.25   -32.75    1979       0       0    28.5
   -71.25   -32.75    1979       0       1    15.0
   -71.25   -32.75    1979       0       2    21.4
   -71.25   -32.75    1979       0       3    10.9
   -71.25   -32.75    1979       0       4  1000.0
   -71.25   -32.75    1979     110       0    64.4
   -71.25   -32.75    1979     110       1    60.9
   -71.25   -32.75    1979     110       2    31.7
   -71.25   -32.75    1979     110       3    26.7
   -71.25   -32.75    1979     110       4    63.8
   -71.25   -32.75    1979     131       0    37.6
   -71.25   -32.75    1979     131       1     7.0
   -71.25   -32.75    1979     131       2    53.9
   -71.25   -32.75    1979     131       3  1000.0
   -71.25   -32.75    1979     131       4    43.8
   -71.25   -32.75    1979     132       0    39.9
   -71.25   -32.75    1979     132       1    49.8
   -71.25   -32.75    1979     132       2    25.0
   -71.25   -32.75    1979     132       3    29.7
   -71.25   -32.75    1979     132       4    40.2
   -71.25   -32.75    1979     133       0    39.6
   -71.25   -32.75    1979     133       1    39.5
   -71.25   -32.75    1979     133       2    91.1
   -71.25   -32.75    1979     133       3    41.1
   -71.25   -32.75    1979     133       4    29.6
   -71.25   -32.75    1979     134       0    40.3
   -71.25   -32.75    1979     134       1    19.6
   -71.25   -32.75    1979     134       2    70.6
   -71.25   -32.75    1979     134       3  1000.0
   -71.25   -32.75    1979     134       4    39.5
   -71.25   -32.75    1979     140       0    44.5
   -71.25   -32.75    1979     140       1    58.6
   -71.25   -32.75    1979     140       2  1000.0
   -71.25   -32.75    1979     140       3    24.2
   -71.25   -32.75    1979     140       4    29.4
   -71.25   -32.75    1979     160       0    22.9
   -71.25   -32.75    1979     160       1    41.8
   -71.25   -32.75    1979     160       2    23.8
   -71.25   -32.75    1979     160       3    26.5
   -71.25   -32.75    1979     160       4    38.8
   -71.25   -32.75    1980       0       0     7.2
   -71.25   -32.75    1980       0       1     5.1
   -71.25   -32.75    1980       0       2     5.8
   -71.25   -32.75    1980       0       3     3.8
   -71.25   -32.75    1980       0       4  1000.0
   -71.25   -32.75    1980     110       0    21.6
   -71.25   -32.75    1980     110       1    21.4
   -71.25   -32.75    1980     110       2     8.4
   -71.25   -32.75    1980     110       3     6.6
   -71.25   -32.75    1980     110       4    26.7
   -71.25   -32.75    1980     131       0     8.1
   -71.25   -32.75    1980     131       1     4.6
   -71.25   -32.75    1980     131       2    16.6
   -71.25   -32.75    1980     131       3  1000.0
   -71.25   -32.75    1980     131       4     6.3
   -71.25   -32.75    1980     132       0    11.1
   -71.25   -32.75    1980     132       1     7.3
   -71.25   -32.75    1980     132       2     6.1
   -71.25   -32.75    1980     132       3     5.9
   -71.25   -32.75    1980     132       4     6.2
   -71.25   -32.75    1980     133       0     6.6
   -71.25   -32.75    1980     133       1    11.0
   -71.25   -32.75    1980     133       2    61.8
   -71.25   -32.75    1980     133       3     8.4
   -71.25   -32.75    1980     133       4     6.0
   -71.25   -32.75    1980     134       0    10.5
   -71.25   -32.75    1980     134       1     5.1
   -71.25   -32.75    1980     134       2    27.1
   -71.25   -32.75    1980     134       3     3.3
   -71.25   -32.75    1980     134       4    11.7
   -71.25   -32.75    1980     140       0    11.6
   -71.25   -32.75    1980     140       1    17.7
   -71.25   -32.75    1980     140       2  1000.0
   -71.25   -32.75    1980     140       3    12.3
   -71.25   -32.75    1980     140       4     5.7
   -71.25   -32.75    1980     160       0     5.2
   -71.25   -32.75    1980     160       1    11.0
   -71.25   -32.75    1980     160       2     6.3
   -71.25   -32.75    1980     160       3     6.4
   -71.25   -32.75    1980     160       4     9.3
   -71.25   -32.75    1981       0       0     8.0
   -71.25   -32.75    1981       0       1     8.2
   -71.25   -32.75    1981       0       2     5.2
   -71.25   -32.75    1981       0       3  1000.0
   -71.25   -32.75    1981       0       4  1000.0
   -71.25   -32.75    1981     110       0    26.0
   -71.25   -32.75    1981     110       1    25.9
   -71.25   -32.75    1981     110       2     7.4
   -71.25   -32.75    1981     110       3     5.5
   -71.25   -32.75    1981     110       4    33.0
   -71.25   -32.75    1981     131       0     7.3
   -71.25   -32.75    1981     131       1     5.6
   -71.25   -32.75    1981     131       2    20.2
   -71.25   -32.75    1981     131       3     8.9
   -71.25   -32.75    1981     131       4     8.2
   -71.25   -32.75    1981     132       0     9.6
   -71.25   -32.75    1981     132       1    10.5
   -71.25   -32.75    1981     132       2    10.7
   -71.25   -32.75    1981     132       3     5.8
   -71.25   -32.75    1981     132       4     5.5
   -71.25   -32.75    1981     133       0     6.5
   -71.25   -32.75    1981     133       1     8.0
   -71.25   -32.75    1981     133       2    62.1
   -71.25   -32.75    1981     133       3     8.2
   -71.25   -32.75    1981     133       4    13.1
   -71.25   -32.75    1981     134       0    11.7
   -71.25   -32.75    1981     134       1     4.7
   -71.25   -32.75    1981     134       2    32.0
   -71.25   -32.75    1981     134       3  1000.0
   -71.25   -32.75    1981     134       4     8.5
   -71.25   -32.75    1981     140       0    10.8
   -71.25   -32.75    1981     140       1    33.1
   -71.25   -32.75    1981     140       2  1000.0
   -71.25   -32.75    1981     140       3    14.7
   -71.25   -32.75    1981     140       4     5.0
   -71.25   -32.75    1981     160       0     4.9
   -71.25   -32.75    1981     160       1    13.3
   -71.25   -32.75    1981     160       2     5.8
   -71.25   -32.75    1981     160       3     5.7
   -71.25   -32.75    1981     160       4     8.8
   -71.25   -32.75    1982       0       0     9.5
   -71.25   -32.75    1982       0       1     7.8
   -71.25   -32.75    1982       0       2     6.4
   -71.25   -32.75    1982       0       3  1000.0
   -71.25   -32.75    1982       0       4  1000.0
   -71.25   -32.75    1982     110       0    18.8
   -71.25   -32.75    1982     110       1    23.8
   -71.25   -32.75    1982     110       2     9.6
   -71.25   -32.75    1982     110       3     7.6
   -71.25   -32.75    1982     110       4    23.7
   -71.25   -32.75    1982     131       0     8.4
   -71.25   -32.75    1982     131       1     5.8
   -71.25   -32.75    1982     131       2    17.5
   -71.25   -32.75    1982     131       3    10.2
   -71.25   -32.75    1982     131       4    10.8
   -71.25   -32.75    1982     132       0    11.6
   -71.25   -32.75    1982     132       1     6.5
   -71.25   -32.75    1982     132       2     9.5
   -71.25   -32.75    1982     132       3     7.2
   -71.25   -32.75    1982     132       4     7.9
   -71.25   -32.75    1982     133       0     8.6
   -71.25   -32.75    1982     133       1     7.5
   -71.25   -32.75    1982     133       2    54.3
   -71.25   -32.75    1982     133       3     7.7
   -71.25   -32.75    1982     133       4    10.1
   -71.25   -32.75    1982     134       0    12.1
   -71.25   -32.75    1982     134       1     5.6
   -71.25   -32.75    1982     134       2    22.9
   -71.25   -32.75    1982     134       3  1000.0
   -71.25   -32.75    1982     134       4     9.9
   -71.25   -32.75    1982     140       0    12.0
   -71.25   -32.75    1982     140       1  1000.0
   -71.25   -32.75    1982     140       2  1000.0
   -71.25   -32.75    1982     140       3    11.8
   -71.25   -32.75    1982     140       4     6.2
   -71.25   -32.75    1982     160       0  1000.0
   -71.25   -32.75    1982     160       1     9.9
   -71.25   -32.75    1982     160       2     8.7
   -71.25   -32.75    1982     160       3     7.3
   -71.25   -32.75    1982     160       4     9.4
   -71.25   -32.75    1983       0       0    15.5
   -71.25   -32.75    1983       0       1     7.3
   -71.25   -32.75    1983       0       2     7.2
   -71.25   -32.75    1983       0       3  1000.0
   -71.25   -32.75    1983       0       4  1000.0
   -71.25   -32.75    1983     110       0    37.3
   -71.25   -32.75    1983     110       1    42.8
   -71.25   -32.75    1983     110       2    12.1
   -71.25   -32.75    1983     110       3    25.6
   -71.25   -32.75    1983     110       4    42.0
   -71.25   -32.75    1983     131       0    10.5
   -71.25   -32.75    1983     131       1     6.1
   -71.25   -32.75    1983     131       2    34.5
   -71.25   -32.75    1983     131       3    37.1
   -71.25   -32.75    1983     131       4    14.8
   -71.25   -32.75    1983     132       0    18.0
   -71.25   -32.75    1983     132       1     9.4
   -71.25   -32.75    1983     132       2    13.8
   -71.25   -32.75    1983     132       3     8.0
   -71.25   -32.75    1983     132       4    10.6
   -71.25   -32.75    1983     133       0    10.7
   -71.25   -32.75    1983     133       1     8.1
   -71.25   -32.75    1983     133       2    69.2
   -71.25   -32.75    1983     133       3     9.8
   -71.25   -32.75    1983     133       4    12.9
   -71.25   -32.75    1983     134       0    18.6
   -71.25   -32.75    1983     134       1     6.0
   -71.25   -32.75    1983     134       2    40.3
   -71.25   -32.75    1983     134       3  1000.0
   -71.25   -32.75    1983     134       4    16.9
   -71.25   -32.75    1983     140       0    16.6
   -71.25   -32.75    1983     140       1  1000.0
   -71.25   -32.75    1983     140       2  1000.0
   -71.25   -32.75    1983     140       3    15.7
   -71.25   -32.75    1983     140       4     7.4
   -71.25   -32.75    1983     160       0  1000.0
   -71.25   -32.75    1983     160       1    16.0
   -71.25   -32.75    1983     160       2    10.6
   -71.25   -32.75    1983     160       3     8.5
   -71.25   -32.75    1983     160       4    34.4
   -71.25   -32.75    1984       0       0    11.0
   -71.25   -32.75    1984       0       1     7.6
   -71.25   -32.75    1984       0       2     7.9
   -71.25   -32.75    1984       0       3  1000.0
   -71.25   -32.75    1984       0       4  1000.0
   -71.25   -32.75    1984     110       0    24.2
   -71.25   -32.75    1984     110       1    27.2
   -71.25   -32.75    1984     110       2    10.4
   -71.25   -32.75    1984     110       3    16.6
   -71.25   -32.75    1984     110       4    26.7
   -71.25   -32.75    1984     131       0     9.9
   -71.25   -32.75    1984     131       1     9.4
   -71.25   -32.75    1984     131       2    22.3
   -71.25   -32.75    1984     131       3    23.8
   -71.25   -32.75    1984     131       4    12.3
   -71.25   -32.75    1984     132       0    27.7
   -71.25   -32.75    1984     132       1     5.9
   -71.25   -32.75    1984     132       2    10.9
   -71.25   -32.75    1984     132       3     6.5
   -71.25   -32.75    1984     132       4    10.0
   -71.25   -32.75    1984     133       0    10.0
   -71.25   -32.75    1984     133       1     6.6
   -71.25   -32.75    1984     133       2    41.2
   -71.25   -32.75    1984     133       3     9.3
   -71.25   -32.75    1984     133       4    11.5
   -71.25   -32.75    1984     134       0    14.0
   -71.25   -32.75    1984     134       1     7.0
   -71.25   -32.75    1984     134       2    25.5
   -71.25   -32.75    1984     134       3  1000.0
   -71.25   -32.75    1984     134       4    12.2
   -71.25   -32.75    1984     140       0    12.4
   -71.25   -32.75    1984     140       1  1000.0
   -71.25   -32.75    1984     140       2  1000.0
   -71.25   -32.75    1984     140       3    11.7
   -71.25   -32.75    1984     140       4    11.5
   -71.25   -32.75    1984     160       0     6.3
   -71.25   -32.75    1984     160       1    12.0
   -71.25   -32.75    1984     160       2     7.3
   -71.25   -32.75    1984     160       3     8.6
   -71.25   -32.75    1984     160       4    22.7
   -71.25   -32.75    1985       0       0    30.5
   -71.25   -32.75    1985       0       1    13.5
   -71.25   -32.75    1985       0       2    14.9
   -71.25   -32.75    1985       0       3     6.4
   -71.25   -32.75    1985       0       4  1000.0
   -71.25   -32.75    1985     110       0    43.8
   -71.25   -32.75    1985     110       1    46.5
   -71.25   -32.75    1985     110       2    34.7
   -71.25   -32.75    1985     110       3    36.6
   -71.25   -32.75    1985     110       4    49.2
   -71.25   -32.75    1985     131       0    41.3
   -71.25   -32.75    1985     131       1    22.4
   -71.25   -32.75    1985     131       2    42.2
   -71.25   -32.75    1985     131       3    46.2
   -71.25   -32.75    1985     131       4    33.2
   -71.25   -32.75    1985     132       0    46.8
   -71.25   -32.75    1985     132       1     6.2
   -71.25   -32.75    1985     132       2    28.9
   -71.25   -32.75    1985     132       3    12.1
   -71.25   -32.75    1985     132       4    29.9
   -71.25   -32.75    1985     133       0    38.4
   -71.25   -32.75    1985     133       1    12.3
   -71.25   -32.75    1985     133       2    55.1
   -71.25   -32.75    1985     133       3    26.2
   -71.25   -32.75    1985     133       4    29.8
   -71.25   -32.75    1985     134       0    34.2
   -71.25   -32.75    1985     134       1    11.4
   -71.25   -32.75    1985     134       2    51.3
   -71.25   -32.75    1985     134       3  1000.0
   -71.25   -32.75    1985     134       4    32.8
   -71.25   -32.75    1985     140       0    34.1
   -71.25   -32.75    1985     140       1  1000.0
   -71.25   -32.75    1985     140       2    27.1
   -71.25   -32.75    1985     140       3    38.1
   -71.25   -32.75    1985     140       4    28.6
   -71.25   -32.75    1985     160       0    14.0
   -71.25   -32.75    1985     160       1    32.6
   -71.25   -32.75    1985     160       2    33.1
   -71.25   -32.75    1985     160       3    19.8
   -71.25   -32.75    1985     160       4    43.0
   -71.25   -32.75    1986       0       0    17.8
   -71.25   -32.75    1986       0       1     6.9
   -71.25   -32.75    1986       0       2     8.1
   -71.25   -32.75    1986       0       3     4.1
   -71.25   -32.75    1986       0       4  1000.0
   -71.25   -32.75    1986     110       0    28.2
   -71.25   -32.75    1986     110       1    30.4
   -71.25   -32.75    1986     110       2    19.2
   -71.25   -32.75    1986     110       3    23.5
   -71.25   -32.75    1986     110       4    32.8
   -71.25   -32.75    1986     131       0    23.7
   -71.25   -32.75    1986     131       1     8.2
   -71.25   -32.75    1986     131       2    27.1
   -71.25   -32.75    1986     131       3    30.2
   -71.25   -32.75    1986     131       4    18.4
   -71.25   -32.75    1986     132       0    30.4
   -71.25   -32.75    1986     132       1     3.8
   -71.25   -32.75    1986     132       2    15.6
   -71.25   -32.75    1986     132       3     4.7
   -71.25   -32.75    1986     132       4    16.7
   -71.25   -32.75    1986     133       0    19.6
   -71.25   -32.75    1986     133       1    10.5
   -71.25   -32.75    1986     133       2    33.7
   -71.25   -32.75    1986     133       3    12.7
   -71.25   -32.75    1986     133       4    16.6
   -71.25   -32.75    1986     134       0    20.1
   -71.25   -32.75    1986     134       1     6.0
   -71.25   -32.75    1986     134       2    34.0
   -71.25   -32.75    1986     134       3  1000.0
   -71.25   -32.75    1986     134       4    29.8
   -71.25   -32.75    1986     140       0    18.8
   -71.25   -32.75    1986     140       1    32.6
   -71.25   -32.75    1986     140       2    15.5
   -71.25   -32.75    1986     140       3    23.2
   -71.25   -32.75    1986     140       4    16.0
   -71.25   -32.75    1986     160       0     8.3
   -71.25   -32.75    1986     160       1    18.8
   -71.25   -32.75    1986     160       2    13.4
   -71.25   -32.75    1986     160       3    10.2
   -71.25   -32.75    1986     160       4    25.4
   -71.25   -32.75    1987       0       0    33.3
   -71.25   -32.75    1987       0       1     9.8
   -71.25   -32.75    1987       0       2    12.4
   -71.25   -32.75    1987       0       3  1000.0
   -71.25   -32.75    1987       0       4  1000.0
   -71.25   -32.75    1987     110       0    58.1
   -71.25   -32.75    1987     110       1    54.3
   -71.25   -32.75    1987     110       2    32.3
   -71.25   -32.75    1987     110       3    40.1
   -71.25   -32.75    1987     110       4    58.4
   -71.25   -32.75    1987     131       0    42.0
   -71.25   -32.75    1987     131       1     9.9
   -71.25   -32.75    1987     131       2    48.3
   -71.25   -32.75    1987     131       3    53.6
   -71.25   -32.75    1987     131       4    47.5
   -71.25   -32.75    1987     132       0    53.6
   -71.25   -32.75    1987     132       1     5.1
   -71.25   -32.75    1987     132       2    28.6
   -71.25   -32.75    1987     132       3     7.8
   -71.25   -32.75    1987     132       4    31.8
   -71.25   -32.75    1987     133       0    39.1
   -71.25   -32.75    1987     133       1    11.8
   -71.25   -32.75    1987     133       2    56.2
   -71.25   -32.75    1987     133       3    24.0
   -71.25   -32.75    1987     133       4    30.7
   -71.25   -32.75    1987     134       0    39.8
   -71.25   -32.75    1987     134       1     9.1
   -71.25   -32.75    1987     134       2    58.1
   -71.25   -32.75    1987     134       3     5.1
   -71.25   -32.75    1987     134       4    52.3
   -71.25   -32.75    1987     140       0    35.4
   -71.25   -32.75    1987     140       1    58.8
   -71.25   -32.75    1987     140       2    81.4
   -71.25   -32.75    1987     140       3    43.6
   -71.25   -32.75    1987     140       4    29.8
   -71.25   -32.75    1987     160       0    13.2
   -71.25   -32.75    1987     160       1    35.5
   -71.25   -32.75    1987     160       2    15.1
   -71.25   -32.75    1987     160       3    16.1
   -71.25   -32.75    1987     160       4    44.6
   -71.25   -32.75    1988       0       0     8.4
   -71.25   -32.75    1988       0       1     3.4
   -71.25   -32.75    1988       0       2     3.4
   -71.25   -32.75    1988       0       3     2.6
   -71.25   -32.75    1988       0       4  1000.0
   -71.25   -32.75    1988     110       0    28.6
   -71.25   -32.75    1988     110       1    23.6
   -71.25   -32.75    1988     110       2     7.6
   -71.25   -32.75    1988     110       3    57.3
   -71.25   -32.75    1988     110       4    32.7
   -71.25   -32.75    1988     131       0    11.5
   -71.25   -32.75    1988     131       1     3.4
   -71.25   -32.75    1988     131       2    18.7
   -71.25   -32.75    1988     131       3    23.0
   -71.25   -32.75    1988     131       4    15.5
   -71.25   -32.75    1988     132       0    19.4
   -71.25   -32.75    1988     132       1     2.5
   -71.25   -32.75    1988     132       2     6.6
   -71.25   -32.75    1988     132       3     2.8
   -71.25   -32.75    1988     132       4     8.9
   -71.25   -32.75    1988     133       0    10.9
   -71.25   -32.75    1988     133       1     3.5
   -71.25   -32.75    1988     133       2    19.8
   -71.25   -32.75    1988     133       3     6.6
   -71.25   -32.75    1988     133       4     8.6
   -71.25   -32.75    1988     134       0    11.6
   -71.25   -32.75    1988     134       1     6.3
   -71.25   -32.75    1988     134       2    19.1
   -71.25   -32.75    1988     134       3     2.8
   -71.25   -32.75    1988     134       4    18.3
   -71.25   -32.75    1988     140       0     9.7
   -71.25   -32.75    1988     140       1    23.2
   -71.25   -32.75    1988     140       2   118.2
   -71.25   -32.75    1988     140       3    12.6
   -71.25   -32.75    1988     140       4     8.8
   -71.25   -32.75    1988     160       0    57.4
   -71.25   -32.75    1988     160       1    10.6
   -71.25   -32.75    1988     160       2     3.9
   -71.25   -32.75    1988     160       3    18.9
   -71.25   -32.75    1988     160       4    14.9
   -71.25   -32.75    1989       0       0    19.3
   -71.25   -32.75    1989       0       1    17.1
   -71.25   -32.75    1989       0       2     9.7
   -71.25   -32.75    1989       0       3  1000.0
   -71.25   -32.75    1989       0       4  1000.0
   -71.25   -32.75    1989     110       0    50.5
   -71.25   -32.75    1989     110       1    44.4
   -71.25   -32.75    1989     110       2    43.3
   -71.25   -32.75    1989     110       3   118.3
   -71.25   -32.75    1989     110       4    54.7
   -71.25   -32.75    1989     131       0    24.6
   -71.25   -32.75    1989     131       1     9.1
   -71.25   -32.75    1989     131       2    37.4
   -71.25   -32.75    1989     131       3    43.9
   -71.25   -32.75    1989     131       4    43.7
   -71.25   -32.75    1989     132       0    38.0
   -71.25   -32.75    1989     132       1  1000.0
   -71.25   -32.75    1989     132       2    23.2
   -71.25   -32.75    1989     132       3     6.4
   -71.25   -32.75    1989     132       4    18.9
   -71.25   -32.75    1989     133       0    34.6
   -71.25   -32.75    1989     133       1     7.1
   -71.25   -32.75    1989     133       2    38.4
   -71.25   -32.75    1989     133       3    16.2
   -71.25   -32.75    1989     133       4    18.5
   -71.25   -32.75    1989     134       0    24.3
   -71.25   -32.75    1989     134       1    12.4
   -71.25   -32.75    1989     134       2    58.2
   -71.25   -32.75    1989     134       3    10.4
   -71.25   -32.75    1989     134       4    35.7
   -71.25   -32.75    1989     140       0    21.0
   -71.25   -32.75    1989     140       1    43.4
   -71.25   -32.75    1989     140       2     3.6
   -71.25   -32.75    1989     140       3    43.9
   -71.25   -32.75    1989     140       4    14.0
   -71.25   -32.75    1989     160       0   118.3
   -71.25   -32.75    1989     160       1    22.6
   -71.25   -32.75    1989     160       2    26.4
   -71.25   -32.75    1989     160       3    35.5
   -71.25   -32.75    1989     160       4    27.7
