      Lon      Lat    Year   Stand       Jan       Feb       Mar       Apr       May       Jun       Jul       Aug       Sep       Oct       Nov       Dec
   -71.25   -32.75    1950       0   445.587   378.223   371.959   276.843   162.871    42.198    26.099    35.828   105.124   202.109   281.469   383.050
   -71.25   -32.75    1950     110   529.586   454.094   455.959   358.132   246.870   123.488   110.099   119.828   186.414   286.109   362.759   467.050
   -71.25   -32.75    1950     131   530.482   454.903   456.855   359.000   247.766   124.355   110.995   120.724   187.281   287.005   363.627   467.946
   -71.25   -32.75    1950     132   529.939   454.412   456.311   358.474   247.223   123.829   110.451   120.180   186.755   286.461   363.100   467.402
   -71.25   -32.75    1950     133   530.692   455.093   457.064   359.203   247.976   124.558   111.204   120.934   187.484   287.215   363.829   468.156
   -71.25   -32.75    1950     134   530.143   454.597   456.515   358.671   247.427   124.026   110.655   120.385   186.953   286.666   363.298   467.607
   -71.25   -32.75    1950     140   533.545   457.670   459.918   361.964   250.829   127.319   114.058   123.787   190.245   290.068   366.591   471.009
   -71.25   -32.75    1950     160   536.701   460.520   463.073   365.017   253.985   130.373   117.213   126.942   193.299   293.223   369.644   474.164
   -71.25   -32.75    1951       0   435.057   381.021   380.751   269.832   150.575    57.473    46.221    63.690    87.880   212.958   314.042   397.882
   -71.25   -32.75    1951     110   519.057   456.891   464.751   351.121   234.575   138.763   130.221   147.690   169.170   296.958   395.332   481.882
   -71.25   -32.75    1951     131   519.953   457.701   465.647   351.989   235.471   139.630   131.117   148.586   170.038   297.854   396.199   482.778
   -71.25   -32.75    1951     132   519.409   457.210   465.103   351.463   234.927   139.104   130.573   148.043   169.511   297.311   395.673   482.234
   -71.25   -32.75    1951     133   520.162   457.890   465.857   352.192   235.680   139.833   131.327   148.796   170.240   298.064   396.402   482.988
   -71.25   -32.75    1951     134   519.613   457.394   465.308   351.660   235.131   139.302   130.778   148.247   169.709   297.515   395.871   482.439
   -71.25   -32.75    1951     140   523.016   460.467   468.710   354.953   238.534   142.594   134.180   151.649   173.002   300.917   399.163   485.841
   -71.25   -32.75    1951     160   526.171   463.317   471.865   358.006   241.689   145.648   137.335   154.805   176.055   304.072   402.217   488.996
   -71.25   -32.75    1952       0   427.330   378.134   389.078   264.929   174.999    48.438     8.004    34.386    69.343   215.757   295.924   384.510
   -71.25   -32.75    1952     110   511.330   454.005   473.077   346.219   258.999   129.728    89.930   118.386   150.633   299.757   377.214   468.510
   -71.25   -32.75    1952     131   512.226   454.814   473.973   347.087   259.895   130.595    90.827   119.282   151.500   300.653   378.081   469.406
   -71.25   -32.75    1952     132   511.682   454.323   473.430   346.560   259.351   130.069    90.283   118.738   150.974   300.109   377.555   468.862
   -71.25   -32.75    1952     133   512.436   455.003   474.183   347.289   260.104   130.798    91.036   119.492   151.703   300.862   378.284   469.615
   -71.25   -32.75    1952     134   511.887   454.507   473.634   346.758   259.555   130.266    90.487   118.943   151.172   300.313   377.753   469.066
   -71.25   -32.75    1952     140   515.289   457.580   477.036   350.051   262.958   133.559    93.889   122.345   154.464   303.716   381.045   472.469
   -71.25   -32.75    1952     160   518.444   460.430   480.192   353.104   266.113   136.612    97.045   125.500   157.518   306.871   384.099   475.624
   -71.25   -32.75    1953       0   391.888   356.850   379.051   257.459   154.476    91.607    27.386    52.225   121.559   217.179   349.758   418.048
   -71.25   -32.75    1953     110   475.888   432.721   463.051   338.749   238.476   172.897   111.386   136.225   202.849   301.179   431.048   502.047
   -71.25   -32.75    1953     131   476.784   433.530   463.947   339.616   239.372   173.764   112.282   137.121   203.716   302.075   431.915   502.944
   -71.25   -32.75    1953     132   476.240   433.039   463.403   339.090   238.828   173.238   111.739   136.578   203.190   301.531   431.389   502.400
   -71.25   -32.75    1953     133   476.993   433.720   464.157   339.819   239.582   173.967   112.492   137.331   203.919   302.284   432.118   503.153
   -71.25   -32.75    1953     134   476.444   433.224   463.608   339.288   239.033   173.436   111.943   136.782   203.387   301.735   431.586   502.604
   -71.25   -32.75    1953     140   479.847   436.297   467.010   342.581   242.435   176.728   115.345   140.184   206.680   305.138   434.879   506.007
   -71.25   -32.75    1953     160   483.002   439.147   470.165   345.634   245.590   179.782   118.500   143.340   209.734   308.293   437.933   509.162
   -71.25   -32.75    1954       0   476.117   393.946   389.335   259.819   124.477    16.168    17.844    41.804    87.484   299.838   323.167   369.673
   -71.25   -32.75    1954     110   560.116   469.816   473.334   341.109   208.476    95.420   101.843   125.803   168.774   383.838   404.457   453.673
   -71.25   -32.75    1954     131   561.012   470.626   474.231   341.976   209.373    96.287   102.739   126.700   169.642   384.734   405.325   454.569
   -71.25   -32.75    1954     132   560.469   470.135   473.687   341.450   208.829    95.761   102.196   126.156   169.115   384.191   404.799   454.025
   -71.25   -32.75    1954     133   561.222   470.815   474.440   342.179   209.582    96.490   102.949   126.909   169.844   384.944   405.527   454.778
   -71.25   -32.75    1954     134   560.673   470.319   473.891   341.648   209.033    95.959   102.400   126.360   169.313   384.395   404.996   454.229
   -71.25   -32.75    1954     140   564.075   473.392   477.293   344.941   212.436    99.251   105.802   129.762   172.606   387.797   408.289   457.632
   -71.25   -32.75    1954     160   567.231   476.242   480.449   347.994   215.591   102.305   108.958   132.918   175.659   390.952   411.342   460.787
   -71.25   -32.75    1955       0   423.028   399.178   389.413   230.528   139.480    51.230    57.961    61.849   134.069   233.584   341.805   404.561
   -71.25   -32.75    1955     110   507.028   475.048   473.413   311.818   223.479   132.520   141.961   145.848   215.359   317.584   423.095   488.560
   -71.25   -32.75    1955     131   507.924   475.858   474.309   312.685   224.376   133.387   142.857   146.745   216.227   318.480   423.962   489.457
   -71.25   -32.75    1955     132   507.380   475.367   473.765   312.159   223.832   132.861   142.313   146.201   215.701   317.936   423.436   488.913
   -71.25   -32.75    1955     133   508.134   476.047   474.518   312.888   224.585   133.590   143.066   146.954   216.429   318.690   424.165   489.666
   -71.25   -32.75    1955     134   507.585   475.551   473.969   312.357   224.036   133.059   142.517   146.405   215.898   318.141   423.634   489.117
   -71.25   -32.75    1955     140   510.987   478.624   477.372   315.649   227.439   136.351   145.920   149.807   219.191   321.543   426.926   492.520
   -71.25   -32.75    1955     160   514.142   481.474   480.527   318.703   230.594   139.405   149.075   152.963   222.244   324.698   429.980   495.675
   -71.25   -32.75    1956       0   464.013   398.756   426.848   296.547   136.460    74.859    32.118    39.378   107.071   227.459   287.847   370.054
   -71.25   -32.75    1956     110   548.013   474.626   510.848   377.837   220.460   156.149   116.118   123.378   188.361   311.459   369.137   454.053
   -71.25   -32.75    1956     131   548.909   475.436   511.744   378.705   221.356   157.016   117.014   124.274   189.228   312.355   370.005   454.949
   -71.25   -32.75    1956     132   548.365   474.945   511.200   378.178   220.812   156.490   116.470   123.730   188.702   311.812   369.478   454.406
   -71.25   -32.75    1956     133   549.118   475.625   511.954   378.907   221.565   157.219   117.223   124.483   189.431   312.565   370.207   455.159
   -71.25   -32.75    1956     134   548.570   475.129   511.405   378.376   221.017   156.688   116.674   123.935   188.899   312.016   369.676   454.610
   -71.25   -32.75    1956     140   551.972   478.202   514.807   381.669   224.419   159.980   120.077   127.337   192.192   315.418   372.969   458.012
   -71.25   -32.75    1956     160   555.127   481.052   517.962   384.722   227.574   163.034   123.232   130.492   195.246   318.573   376.022   461.168
   -71.25   -32.75    1957       0   427.039   370.366   402.670   259.593   166.474    65.410    19.127    73.233   108.409   189.098   335.277   413.731
   -71.25   -32.75    1957     110   511.039   446.237   486.669   340.883   250.473   146.700   102.629   157.232   189.699   273.097   416.567   497.731
   -71.25   -32.75    1957     131   511.935   447.047   487.565   341.750   251.370   147.567   103.525   158.128   190.566   273.994   417.434   498.627
   -71.25   -32.75    1957     132   511.391   446.555   487.022   341.224   250.826   147.041   102.982   157.585   190.040   273.450   416.908   498.083
   -71.25   -32.75    1957     133   512.144   447.236   487.775   341.953   251.579   147.770   103.735   158.338   190.769   274.203   417.637   498.836
   -71.25   -32.75    1957     134   511.595   446.740   487.226   341.422   251.030   147.238   103.186   157.789   190.238   273.654   417.106   498.287
   -71.25   -32.75    1957     140   514.998   449.813   490.628   344.714   254.433   150.531   106.588   161.191   193.530   277.056   420.398   501.690
   -71.25   -32.75    1957     160   518.153   452.663   493.784   347.768   257.588   153.585   109.743   164.347   196.584   280.212   423.452   504.845
   -71.25   -32.75    1958       0   439.983   369.595   388.850   257.356   123.176    17.322    36.619    59.469   100.650   205.184   280.298   358.601
   -71.25   -32.75    1958     110   523.983   445.465   472.849   338.646   207.176    96.226   120.619   143.469   181.940   289.183   361.588   442.601
   -71.25   -32.75    1958     131   524.879   446.275   473.746   339.514   208.072    97.093   121.515   144.365   182.807   290.080   362.455   443.497
   -71.25   -32.75    1958     132   524.335   445.784   473.202   338.988   207.528    96.567   120.971   143.821   182.281   289.536   361.929   442.953
   -71.25   -32.75    1958     133   525.088   446.464   473.955   339.716   208.281    97.296   121.724   144.574   183.010   290.289   362.658   443.706
   -71.25   -32.75    1958     134   524.539   445.968   473.406   339.185   207.732    96.765   121.175   144.025   182.478   289.740   362.127   443.157
   -71.25   -32.75    1958     140   527.942   449.041   476.808   342.478   211.135   100.057   124.578   147.428   185.771   293.143   365.419   446.560
   -71.25   -32.75    1958     160   531.097   451.891   479.964   345.531   214.290   103.111   127.733   150.583   188.825   296.298   368.473   449.715
   -71.25   -32.75    1959       0   398.184   378.695   392.437   279.489   158.132    49.371    29.427    72.065   133.993   252.551   342.799   408.216
   -71.25   -32.75    1959     110   482.183   454.566   476.437   360.779   242.132   130.660   113.426   156.065   215.283   336.550   424.089   492.215
   -71.25   -32.75    1959     131   483.079   455.376   477.333   361.646   243.028   131.528   114.322   156.961   216.150   337.447   424.956   493.111
   -71.25   -32.75    1959     132   482.536   454.884   476.789   361.120   242.484   131.002   113.779   156.418   215.624   336.903   424.430   492.568
   -71.25   -32.75    1959     133   483.289   455.565   477.542   361.849   243.237   131.731   114.532   157.171   216.353   337.656   425.159   493.321
   -71.25   -32.75    1959     134   482.740   455.069   476.993   361.317   242.688   131.199   113.983   156.622   215.821   337.107   424.628   492.772
   -71.25   -32.75    1959     140   486.142   458.142   480.396   364.610   246.091   134.492   117.385   160.024   219.114   340.510   427.920   496.174
   -71.25   -32.75    1959     160   489.298   460.992   483.551   367.664   249.246   137.545   120.541   163.179   222.168   343.665   430.974   499.330
   -71.25   -32.75    1960       0   406.943   400.117   378.986   290.351   152.352    68.399    54.550    51.229   118.984   219.946   291.686   380.392
   -71.25   -32.75    1960     110   490.942   475.988   462.986   371.641   236.351   149.689   138.549   135.228   200.274   303.946   372.976   464.391
   -71.25   -32.75    1960     131   491.839   476.797   463.882   372.508   237.247   150.556   139.445   136.124   201.141   304.842   373.843   465.288
   -71.25   -32.75    1960     132   491.295   476.306   463.338   371.982   236.704   150.030   138.902   135.581   200.615   304.298   373.317   464.744
   -71.25   -32.75    1960     133   492.048   476.987   464.091   372.711   237.457   150.759   139.655   136.334   201.344   305.052   374.046   465.497
   -71.25   -32.75    1960     134   491.499   476.491   463.542   372.179   236.908   150.228   139.106   135.785   200.812   304.503   373.515   464.948
   -71.25   -32.75    1960     140   494.901   479.564   466.945   375.472   240.310   153.520   142.508   139.187   204.105   307.905   376.807   468.350
   -71.25   -32.75    1960     160   498.057   482.414   470.100   378.526   243.466   156.574   145.664   142.343   207.158   311.060   379.861   471.506
   -71.25   -32.75    1961       0   430.321   392.409   390.321   266.577   136.647    64.960    13.111    61.411   103.156   208.304   307.174   414.046
   -71.25   -32.75    1961     110   514.321   468.280   474.320   347.867   220.647   146.250    94.697   145.410   184.446   292.304   388.464   498.046
   -71.25   -32.75    1961     131   515.217   469.089   475.216   348.734   221.543   147.117    95.594   146.306   185.314   293.200   389.331   498.942
   -71.25   -32.75    1961     132   514.673   468.598   474.673   348.208   220.999   146.591    95.050   145.763   184.788   292.657   388.805   498.398
   -71.25   -32.75    1961     133   515.427   469.278   475.426   348.937   221.753   147.320    95.803   146.516   185.516   293.410   389.534   499.151
   -71.25   -32.75    1961     134   514.878   468.783   474.877   348.406   221.204   146.789    95.254   145.967   184.985   292.861   389.003   498.602
   -71.25   -32.75    1961     140   518.280   471.856   478.279   351.698   224.606   150.081    98.656   149.369   188.278   296.263   392.295   502.005
   -71.25   -32.75    1961     160   521.435   474.706   481.435   354.752   227.761   153.135   101.812   152.525   191.331   299.419   395.349   505.160
   -71.25   -32.75    1962       0   464.546   408.477   373.606   255.709   148.678    56.946    29.021    60.562   104.517   230.872   272.764   379.828
   -71.25   -32.75    1962     110   548.546   484.348   457.605   336.999   232.678   138.236   113.021   144.561   185.807   314.871   354.054   463.827
   -71.25   -32.75    1962     131   549.442   485.157   458.501   337.867   233.574   139.103   113.917   145.457   186.674   315.768   354.921   464.723
   -71.25   -32.75    1962     132   548.898   484.666   457.958   337.341   233.030   138.577   113.373   144.914   186.148   315.224   354.395   464.180
   -71.25   -32.75    1962     133   549.651   485.347   458.711   338.069   233.784   139.306   114.127   145.667   186.877   315.977   355.124   464.933
   -71.25   -32.75    1962     134   549.102   484.851   458.162   337.538   233.235   138.774   113.578   145.118   186.346   315.428   354.593   464.384
   -71.25   -32.75    1962     140   552.505   487.924   461.564   340.831   236.637   142.067   116.980   148.520   189.638   318.831   357.885   467.786
   -71.25   -32.75    1962     160   555.660   490.774   464.720   343.884   239.792   145.121   120.135   151.676   192.692   321.986   360.939   470.942
   -71.25   -32.75    1963       0   425.589   402.838   373.867   293.734   154.490    60.358    11.565    45.093   110.108   210.722   310.644   446.248
   -71.25   -32.75    1963     110   509.589   478.708   457.866   375.024   238.490   141.648    93.915   129.093   191.398   294.721   391.934   530.247
   -71.25   -32.75    1963     131   510.485   479.518   458.763   375.891   239.386   142.515    94.812   129.989   192.265   295.617   392.801   531.144
   -71.25   -32.75    1963     132   509.942   479.027   458.219   375.365   238.842   141.989    94.268   129.446   191.739   295.074   392.275   530.600
   -71.25   -32.75    1963     133   510.695   479.707   458.972   376.094   239.596   142.718    95.021   130.199   192.468   295.827   393.004   531.353
   -71.25   -32.75    1963     134   510.146   479.211   458.423   375.563   239.047   142.187    94.472   129.650   191.937   295.278   392.473   530.804
   -71.25   -32.75    1963     140   513.548   482.284   461.825   378.855   242.449   145.479    97.874   133.052   195.230   298.680   395.766   534.206
   -71.25   -32.75    1963     160   516.703   485.134   464.981   381.909   245.604   148.533   101.030   136.208   198.283   301.836   398.819   537.362
   -71.25   -32.75    1964       0   417.507   388.918   353.992   235.964   138.174    53.185     9.623    80.413   109.503   235.320   351.572   409.959
   -71.25   -32.75    1964     110   501.507   464.789   437.991   317.254   222.174   134.475    86.785   164.412   190.793   319.319   432.862   493.958
   -71.25   -32.75    1964     131   502.403   465.598   438.887   318.121   223.070   135.342    87.681   165.309   191.660   320.215   433.730   494.854
   -71.25   -32.75    1964     132   501.860   465.107   438.344   317.595   222.526   134.816    87.138   164.765   191.134   319.672   433.203   494.311
   -71.25   -32.75    1964     133   502.613   465.788   439.097   318.324   223.280   135.545    87.891   165.518   191.863   320.425   433.932   495.064
   -71.25   -32.75    1964     134   502.064   465.292   438.548   317.793   222.731   135.013    87.342   164.969   191.331   319.876   433.401   494.515
   -71.25   -32.75    1964     140   505.466   468.365   441.950   321.085   226.133   138.306    90.744   168.371   194.624   323.278   436.694   497.917
   -71.25   -32.75    1964     160   508.622   471.215   445.106   324.139   229.288   141.360    93.900   171.527   197.678   326.434   439.747   501.073
   -71.25   -32.75    1965       0   467.248   410.758   397.688   280.733   162.804    56.064    35.977    85.361   107.305   213.709   316.224   377.700
   -71.25   -32.75    1965     110   551.248   486.629   481.688   362.023   246.804   137.354   119.977   169.361   188.595   297.708   397.514   461.700
   -71.25   -32.75    1965     131   552.144   487.438   482.584   362.890   247.700   138.221   120.873   170.257   189.462   298.604   398.381   462.596
   -71.25   -32.75    1965     132   551.600   486.947   482.040   362.364   247.156   137.695   120.329   169.713   188.936   298.061   397.855   462.053
   -71.25   -32.75    1965     133   552.354   487.628   482.793   363.093   247.909   138.424   121.083   170.467   189.665   298.814   398.584   462.806
   -71.25   -32.75    1965     134   551.805   487.132   482.244   362.561   247.360   137.893   120.534   169.918   189.133   298.265   398.053   462.257
   -71.25   -32.75    1965     140   555.207   490.205   485.647   365.854   250.763   141.185   123.936   173.320   192.426   301.667   401.345   465.659
   -71.25   -32.75    1965     160   558.362   493.055   488.802   368.907   253.918   144.239   127.091   176.475   195.480   304.823   404.399   468.815
   -71.25   -32.75    1966       0   431.573   364.304   411.474   278.366   158.730    27.678    30.627    87.898   118.742   233.339   346.528   391.770
   -71.25   -32.75    1966     110   515.573   440.175   495.473   359.656   242.730   108.760   114.626   171.898   200.032   317.338   427.818   475.770
   -71.25   -32.75    1966     131   516.469   440.984   496.369   360.523   243.626   109.627   115.523   172.794   200.899   318.235   428.685   476.666
   -71.25   -32.75    1966     132   515.925   440.493   495.826   359.997   243.082   109.101   114.979   172.250   200.373   317.691   428.159   476.122
   -71.25   -32.75    1966     133   516.678   441.174   496.579   360.726   243.835   109.830   115.732   173.003   201.102   318.444   428.888   476.875
   -71.25   -32.75    1966     134   516.129   440.678   496.030   360.195   243.286   109.299   115.183   172.454   200.570   317.895   428.356   476.326
   -71.25   -32.75    1966     140   519.532   443.751   499.432   363.487   246.689   112.591   118.586   175.857   203.863   321.297   431.649   479.729
   -71.25   -32.75    1966     160   522.687   446.601   502.588   366.541   249.844   115.645   121.741   179.012   206.916   324.453   434.702   482.884
   -71.25   -32.75    1967       0   463.360   404.997   381.216   274.471   157.884    42.094    11.536    71.108   127.846   211.061   307.220   383.904
   -71.25   -32.75    1967     110   547.359   480.868   465.215   355.761   241.884   123.384    93.202   155.108   209.135   295.060   388.510   467.904
   -71.25   -32.75    1967     131   548.255   481.677   466.111   356.629   242.780   124.251    94.099   156.004   210.003   295.956   389.377   468.800
   -71.25   -32.75    1967     132   547.712   481.186   465.568   356.102   242.236   123.725    93.555   155.460   209.477   295.413   388.851   468.257
   -71.25   -32.75    1967     133   548.465   481.866   466.321   356.831   242.989   124.454    94.308   156.213   210.206   296.166   389.580   469.010
   -71.25   -32.75    1967     134   547.916   481.370   465.772   356.300   242.440   123.922    93.759   155.664   209.674   295.617   389.049   468.461
   -71.25   -32.75    1967     140   551.318   484.444   469.174   359.593   245.843   127.215    97.161   159.067   212.967   299.019   392.341   471.863
   -71.25   -32.75    1967     160   554.474   487.294   472.330   362.646   248.998   130.269   100.317   162.222   216.020   302.175   395.395   475.018
   -71.25   -32.75    1968       0   438.450   418.602   448.326   276.139   152.841    62.103    11.757    59.020   122.506   234.241   321.672   405.168
   -71.25   -32.75    1968     110   522.449   494.472   532.326   357.429   236.841   143.393    92.867   143.019   203.796   318.241   402.962   489.167
   -71.25   -32.75    1968     131   523.345   495.282   533.222   358.296   237.737   144.261    93.764   143.916   204.664   319.137   403.830   490.063
   -71.25   -32.75    1968     132   522.802   494.791   532.679   357.770   237.193   143.734    93.220   143.372   204.137   318.594   403.303   489.520
   -71.25   -32.75    1968     133   523.555   495.471   533.432   358.499   237.947   144.463    93.973   144.125   204.866   319.347   404.032   490.273
   -71.25   -32.75    1968     134   523.006   494.975   532.883   357.967   237.398   143.932    93.424   143.576   204.335   318.798   403.501   489.724
   -71.25   -32.75    1968     140   526.408   498.048   536.285   361.260   240.800   147.225    96.827   146.978   207.628   322.200   406.794   493.126
   -71.25   -32.75    1968     160   529.564   500.898   539.440   364.314   243.955   150.278    99.982   150.134   210.681   325.355   409.847   496.282
   -71.25   -32.75    1969       0   451.286   413.676   405.023   251.805   163.056    28.522    10.611    60.534   117.596   218.271   301.414   381.838
   -71.25   -32.75    1969     110   535.286   489.547   489.022   333.094   247.055   109.812    93.665   144.534   198.885   302.270   382.704   465.837
   -71.25   -32.75    1969     131   536.182   490.356   489.918   333.962   247.952   110.679    94.561   145.430   199.753   303.166   383.571   466.734
   -71.25   -32.75    1969     132   535.638   489.865   489.375   333.436   247.408   110.153    94.017   144.886   199.227   302.623   383.045   466.190
   -71.25   -32.75    1969     133   536.391   490.545   490.128   334.165   248.161   110.882    94.770   145.639   199.956   303.376   383.774   466.943
   -71.25   -32.75    1969     134   535.842   490.049   489.579   333.633   247.612   110.351    94.222   145.091   199.424   302.827   383.243   466.394
   -71.25   -32.75    1969     140   539.245   493.122   492.981   336.926   251.014   113.644    97.624   148.493   202.717   306.229   386.535   469.796
   -71.25   -32.75    1969     160   542.400   495.972   496.137   339.979   254.170   116.697   100.779   151.648   205.770   309.385   389.589   472.952
   -71.25   -32.75    1970       0   463.729   454.672   377.150   264.751   123.443    18.669    23.253    80.298   114.030   234.923   292.096   389.138
   -71.25   -32.75    1970     110   547.728   530.543   461.150   346.041   207.443    99.040   107.253   164.297   195.320   318.922   373.386   473.138
   -71.25   -32.75    1970     131   548.624   531.352   462.046   346.908   208.339    99.907   108.149   165.193   196.187   319.819   374.253   474.034
   -71.25   -32.75    1970     132   548.081   530.861   461.502   346.382   207.796    99.381   107.606   164.650   195.661   319.275   373.727   473.490
   -71.25   -32.75    1970     133   548.834   531.542   462.255   347.111   208.549   100.110   108.359   165.403   196.390   320.028   374.456   474.243
   -71.25   -32.75    1970     134   548.285   531.046   461.706   346.580   208.000    99.579   107.810   164.854   195.859   319.479   373.925   473.695
   -71.25   -32.75    1970     140   551.687   534.119   465.109   349.872   211.402   102.871   111.212   168.256   199.151   322.881   377.217   477.097
   -71.25   -32.75    1970     160   554.843   536.969   468.264   352.926   214.558   105.925   114.367   171.412   202.205   326.037   380.271   480.252
   -71.25   -32.75    1971       0   467.210   382.554   400.558   262.646   151.084    33.847     6.925    75.007   110.190   221.057   310.963   396.172
   -71.25   -32.75    1971     110   551.209   458.425   484.558   343.935   235.083   115.137    83.492   159.007   191.480   305.057   392.253   480.171
   -71.25   -32.75    1971     131   552.106   459.235   485.454   344.803   235.979   116.004    84.389   159.903   192.348   305.953   393.120   481.067
   -71.25   -32.75    1971     132   551.562   458.744   484.910   344.277   235.436   115.478    83.845   159.359   191.821   305.409   392.594   480.524
   -71.25   -32.75    1971     133   552.315   459.424   485.664   345.006   236.189   116.207    84.598   160.112   192.550   306.163   393.323   481.277
   -71.25   -32.75    1971     134   551.766   458.928   485.115   344.474   235.640   115.676    84.049   159.563   192.019   305.614   392.791   480.728
   -71.25   -32.75    1971     140   555.168   462.001   488.517   347.767   239.042   118.968    87.452   162.966   195.312   309.016   396.084   484.130
   -71.25   -32.75    1971     160   558.324   464.851   491.672   350.820   242.198   122.022    90.607   166.121   198.365   312.171   399.138   487.286
   -71.25   -32.75    1972       0   429.755   402.649   401.390   276.808   136.730    30.986    26.568    59.326   115.756   190.683   271.806   402.977
   -71.25   -32.75    1972     110   513.754   478.519   485.390   358.097   220.729   112.276   110.568   143.326   197.046   274.682   353.096   486.976
   -71.25   -32.75    1972     131   514.651   479.329   486.286   358.965   221.625   113.143   111.464   144.222   197.914   275.578   353.963   487.873
   -71.25   -32.75    1972     132   514.107   478.838   485.742   358.439   221.082   112.617   110.920   143.679   197.387   275.035   353.437   487.329
   -71.25   -32.75    1972     133   514.860   479.518   486.495   359.168   221.835   113.346   111.673   144.432   198.116   275.788   354.166   488.082
   -71.25   -32.75    1972     134   514.311   479.022   485.946   358.636   221.286   112.815   111.124   143.883   197.585   275.239   353.634   487.533
   -71.25   -32.75    1972     140   517.714   482.095   489.349   361.929   224.688   116.107   114.527   147.285   200.878   278.641   356.927   490.935
   -71.25   -32.75    1972     160   520.869   484.945   492.504   364.982   227.844   119.161   117.682   150.440   203.931   281.797   359.981   494.091
   -71.25   -32.75    1973       0   440.275   362.786   380.448   283.515   152.162    71.016    29.267    54.229   123.092   225.189   308.722   450.129
   -71.25   -32.75    1973     110   524.275   438.656   464.448   364.804   236.162   152.306   113.267   138.229   204.382   309.188   390.011   534.129
   -71.25   -32.75    1973     131   525.171   439.466   465.344   365.672   237.058   153.173   114.163   139.125   205.249   310.084   390.879   535.025
   -71.25   -32.75    1973     132   524.628   438.975   464.801   365.146   236.515   152.647   113.619   138.582   204.723   309.541   390.353   534.482
   -71.25   -32.75    1973     133   525.381   439.655   465.554   365.875   237.268   153.376   114.373   139.335   205.452   310.294   391.082   535.235
   -71.25   -32.75    1973     134   524.832   439.159   465.005   365.343   236.719   152.845   113.824   138.786   204.920   309.745   390.550   534.686
   -71.25   -32.75    1973     140   528.234   442.232   468.407   368.636   240.121   156.137   117.226   142.188   208.213   313.147   393.843   538.088
   -71.25   -32.75    1973     160   531.389   445.082   471.563   371.689   243.276   159.191   120.381   145.344   211.267   316.303   396.896   541.244
   -71.25   -32.75    1974       0   487.985   423.027   439.628   290.356   172.664    83.118    31.601    70.242   149.707   260.462   299.487   419.813
   -71.25   -32.75    1974     110   571.985   498.897   523.627   371.646   256.664   164.408   115.600   154.241   230.997   344.462   380.777   503.813
   -71.25   -32.75    1974     131   572.881   499.707   524.524   372.513   257.560   165.275   116.496   155.137   231.864   345.358   381.644   504.709
   -71.25   -32.75    1974     132   572.337   499.216   523.980   371.987   257.016   164.749   115.953   154.594   231.338   344.814   381.118   504.165
   -71.25   -32.75    1974     133   573.091   499.896   524.733   372.716   257.769   165.478   116.706   155.347   232.067   345.568   381.847   504.919
   -71.25   -32.75    1974     134   572.542   499.400   524.184   372.185   257.220   164.947   116.157   154.798   231.536   345.019   381.316   504.370
   -71.25   -32.75    1974     140   575.944   502.473   527.586   375.477   260.623   168.239   119.559   158.200   234.828   348.421   384.608   507.772
   -71.25   -32.75    1974     160   579.099   505.323   530.742   378.531   263.778   171.293   122.715   161.356   237.882   351.576   387.662   510.927
   -71.25   -32.75    1975       0   463.221   403.317   457.429   295.331   151.542    57.859    34.378    74.194   112.108   242.959   316.090   408.129
   -71.25   -32.75    1975     110   547.220   479.188   541.428   376.621   235.542   139.149   118.378   158.193   193.398   326.959   397.380   492.129
   -71.25   -32.75    1975     131   548.116   479.997   542.324   377.489   236.438   140.016   119.274   159.089   194.265   327.855   398.247   493.025
   -71.25   -32.75    1975     132   547.573   479.506   541.781   376.962   235.894   139.490   118.731   158.546   193.739   327.311   397.721   492.481
   -71.25   -32.75    1975     133   548.326   480.186   542.534   377.691   236.648   140.219   119.484   159.299   194.468   328.065   398.450   493.234
   -71.25   -32.75    1975     134   547.777   479.691   541.985   377.160   236.099   139.687   118.935   158.750   193.937   327.516   397.919   492.686
   -71.25   -32.75    1975     140   551.179   482.764   545.387   380.453   239.501   142.980   122.337   162.152   197.229   330.918   401.211   496.088
   -71.25   -32.75    1975     160   554.335   485.614   548.543   383.506   242.656   146.033   125.492   165.308   200.283   334.073   404.265   499.243
   -71.25   -32.75    1976       0   458.203   391.406   361.636   278.345   172.228    80.458    53.835    54.066   129.806   221.852   278.476   401.213
   -71.25   -32.75    1976     110   542.202   467.277   445.636   359.635   256.227   161.747   137.834   138.065   211.096   305.852   359.766   485.212
   -71.25   -32.75    1976     131   543.099   468.086   446.532   360.502   257.124   162.615   138.731   138.961   211.963   306.748   360.633   486.108
   -71.25   -32.75    1976     132   542.555   467.595   445.988   359.976   256.580   162.089   138.187   138.418   211.437   306.204   360.107   485.565
   -71.25   -32.75    1976     133   543.308   468.276   446.742   360.705   257.333   162.818   138.940   139.171   212.166   306.957   360.836   486.318
   -71.25   -32.75    1976     134   542.759   467.780   446.193   360.174   256.784   162.286   138.391   138.622   211.635   306.408   360.305   485.769
   -71.25   -32.75    1976     140   546.161   470.853   449.595   363.466   260.186   165.579   141.793   142.024   214.927   309.811   363.597   489.171
   -71.25   -32.75    1976     160   549.317   473.703   452.750   366.520   263.342   168.632   144.949   145.180   217.981   312.966   366.651   492.327
   -71.25   -32.75    1977       0   456.509   411.081   379.971   273.594   157.342    56.683    38.355    67.297    97.891   254.901   311.830   415.495
   -71.25   -32.75    1977     110   540.509   486.952   463.971   354.884   241.342   137.973   122.355   151.297   179.180   338.901   393.120   499.495
   -71.25   -32.75    1977     131   541.405   487.761   464.867   355.752   242.238   138.840   123.251   152.193   180.048   339.797   393.987   500.391
   -71.25   -32.75    1977     132   540.861   487.270   464.324   355.225   241.695   138.314   122.707   151.649   179.522   339.254   393.461   499.847
   -71.25   -32.75    1977     133   541.614   487.950   465.077   355.954   242.448   139.043   123.460   152.402   180.251   340.007   394.190   500.600
   -71.25   -32.75    1977     134   541.065   487.455   464.528   355.423   241.899   138.512   122.911   151.853   179.719   339.458   393.659   500.051
   -71.25   -32.75    1977     140   544.468   490.528   467.930   358.716   245.301   141.804   126.314   155.256   183.012   342.860   396.951   503.454
   -71.25   -32.75    1977     160   547.623   493.378   471.085   361.769   248.457   144.858   129.469   158.411   186.065   346.016   400.005   506.609
   -71.25   -32.75    1978       0   487.540   433.651   445.704   284.200   136.773    73.096    30.404    75.615   136.502   228.338   314.545   394.261
   -71.25   -32.75    1978     110   571.539   509.522   529.703   365.490   220.773   154.386   114.404   159.614   217.792   312.338   395.835   478.261
   -71.25   -32.75    1978     131   572.435   510.331   530.600   366.357   221.669   155.253   115.300   160.511   218.659   313.234   396.702   479.157
   -71.25   -32.75    1978     132   571.892   509.840   530.056   365.831   221.125   154.727   114.756   159.967   218.133   312.690   396.176   478.613
   -71.25   -32.75    1978     133   572.645   510.521   530.809   366.560   221.878   155.456   115.510   160.720   218.862   313.443   396.905   479.366
   -71.25   -32.75    1978     134   572.096   510.025   530.260   366.029   221.329   154.925   114.961   160.171   218.330   312.894   396.374   478.818
   -71.25   -32.75    1978     140   575.498   513.098   533.663   369.321   224.732   158.217   118.363   163.574   221.623   316.297   399.666   482.220
   -71.25   -32.75    1978     160   578.654   515.948   536.818   372.375   227.887   161.271   121.518   166.729   224.677   319.452   402.720   485.375
   -71.25   -32.75    1979       0   439.462   352.904   415.364   296.915   159.398    83.387    42.804    67.112   111.718   217.828   330.990   418.643
   -71.25   -32.75    1979     110   523.462   428.775   499.363   378.205   243.398   164.677   126.803   151.112   193.008   301.827   412.280   502.642
   -71.25   -32.75    1979     131   524.358   429.584   500.260   379.073   244.294   165.544   127.699   152.008   193.875   302.724   413.147   503.539
   -71.25   -32.75    1979     132   523.814   429.093   499.716   378.547   243.750   165.018   127.156   151.465   193.349   302.180   412.621   502.995
   -71.25   -32.75    1979     133   524.567   429.774   500.469   379.275   244.503   165.747   127.909   152.218   194.078   302.933   413.350   503.748
   -71.25   -32.75    1979     134   524.018   429.278   499.920   378.744   243.954   165.216   127.360   151.669   193.547   302.384   412.819   503.199
   -71.25   -32.75    1979     140   527.421   432.351   503.322   382.037   247.357   168.509   130.762   155.071   196.839   305.786   416.111   506.602
   -71.25   -32.75    1979     160   530.576   435.201   506.478   385.090   250.512   171.562   133.918   158.227   199.893   308.942   419.165   509.757
   -71.25   -32.75    1980       0   457.756   369.239   366.591   265.561   165.839    81.662    25.340    75.739   116.697   223.537   277.856   350.253
   -71.25   -32.75    1980     110   541.755   445.109   450.591   346.851   249.839   162.952   109.302   159.739   197.987   307.537   359.146   434.252
   -71.25   -32.75    1980     131   542.652   445.919   451.487   347.718   250.735   163.819   110.198   160.635   198.854   308.433   360.013   435.148
   -71.25   -32.75    1980     132   542.108   445.428   450.943   347.192   250.191   163.293   109.654   160.091   198.328   307.889   359.487   434.605
   -71.25   -32.75    1980     133   542.861   446.108   451.696   347.921   250.944   164.022   110.407   160.845   199.057   308.642   360.216   435.358
   -71.25   -32.75    1980     134   542.312   445.612   451.147   347.389   250.395   163.491   109.858   160.296   198.526   308.093   359.684   434.809
   -71.25   -32.75    1980     140   545.714   448.685   454.550   350.682   253.798   166.783   113.261   163.698   201.818   311.496   362.977   438.211
   -71.25   -32.75    1980     160   548.870   451.535   457.705   353.736   256.953   169.837   116.416   166.853   204.872   314.651   366.031   441.367
   -71.25   -32.75    1981       0   361.372   341.047   355.675   239.546   139.485    51.193    16.202    43.078   128.474   237.298   321.247   395.433
   -71.25   -32.75    1981     110   445.372   416.918   439.675   320.836   223.485   132.483   100.202   127.078   209.764   321.298   402.537   479.433
   -71.25   -32.75    1981     131   446.268   417.727   440.571   321.704   224.381   133.350   101.098   127.974   210.631   322.194   403.404   480.329
   -71.25   -32.75    1981     132   445.724   417.236   440.028   321.177   223.837   132.824   100.554   127.430   210.105   321.650   402.878   479.786
   -71.25   -32.75    1981     133   446.477   417.916   440.781   321.906   224.590   133.553   101.307   128.184   210.834   322.404   403.607   480.539
   -71.25   -32.75    1981     134   445.928   417.421   440.232   321.375   224.041   133.021   100.759   127.635   210.303   321.855   403.076   479.990
   -71.25   -32.75    1981     140   449.331   420.494   443.634   324.668   227.444   136.314   104.161   131.037   213.595   325.257   406.368   483.392
   -71.25   -32.75    1981     160   452.486   423.344   446.789   327.721   230.599   139.367   107.316   134.192   216.649   328.412   409.422   486.547
   -71.25   -32.75    1982       0   469.072   391.949   362.610   256.586   151.277    58.540    19.170    53.113   105.635   212.639   333.529   418.960
   -71.25   -32.75    1982     110   553.072   467.820   446.609   337.876   235.276   139.830   103.170   137.113   186.925   296.639   414.818   502.959
   -71.25   -32.75    1982     131   553.968   468.629   447.506   338.744   236.172   140.697   104.066   138.009   187.793   297.535   415.686   503.855
   -71.25   -32.75    1982     132   553.424   468.138   446.962   338.218   235.629   140.171   103.522   137.465   187.266   296.991   415.160   503.312
   -71.25   -32.75    1982     133   554.177   468.818   447.715   338.946   236.382   140.900   104.275   138.219   187.995   297.744   415.889   504.065
   -71.25   -32.75    1982     134   553.628   468.323   447.166   338.415   235.833   140.369   103.726   137.670   187.464   297.195   415.357   503.516
   -71.25   -32.75    1982     140   557.031   471.396   450.569   341.708   239.235   143.661   107.129   141.072   190.757   300.598   418.650   506.918
   -71.25   -32.75    1982     160   560.186   474.246   453.724   344.761   242.391   146.715   110.284   144.227   193.810   303.753   421.703   510.074
   -71.25   -32.75    1983       0   465.256   445.847   393.253   261.441   125.941    37.159    27.634    60.721   108.789   233.752   341.774   410.127
   -71.25   -32.75    1983     110   549.255   521.718   477.253   342.731   209.941   118.449   111.633   144.721   190.079   317.751   423.064   494.126
   -71.25   -32.75    1983     131   550.151   522.527   478.149   343.598   210.837   119.316   112.530   145.617   190.946   318.648   423.931   495.022
   -71.25   -32.75    1983     132   549.608   522.036   477.605   343.072   210.294   118.790   111.986   145.073   190.420   318.104   423.405   494.479
   -71.25   -32.75    1983     133   550.361   522.717   478.358   343.801   211.047   119.519   112.739   145.826   191.149   318.857   424.134   495.232
   -71.25   -32.75    1983     134   549.812   522.221   477.810   343.270   210.498   118.988   112.190   145.277   190.618   318.308   423.603   494.683
   -71.25   -32.75    1983     140   553.214   525.294   481.212   346.562   213.900   122.280   115.593   148.680   193.910   321.711   426.895   498.085
   -71.25   -32.75    1983     160   556.370   528.144   484.367   349.616   217.055   125.334   118.748   151.835   196.964   324.866   429.949   501.241
   -71.25   -32.75    1984       0   442.670   366.514   378.429   249.768   131.427    59.832    25.711    59.293   113.620   225.259   290.528   415.626
   -71.25   -32.75    1984     110   526.670   442.385   462.429   331.058   215.427   141.121   109.710   143.292   194.910   309.259   371.818   499.625
   -71.25   -32.75    1984     131   527.566   443.194   463.325   331.925   216.323   141.989   110.606   144.188   195.777   310.155   372.685   500.522
   -71.25   -32.75    1984     132   527.022   442.703   462.781   331.399   215.779   141.463   110.063   143.645   195.251   309.611   372.159   499.978
   -71.25   -32.75    1984     133   527.775   443.383   463.534   332.128   216.533   142.191   110.816   144.398   195.980   310.365   372.888   500.731
   -71.25   -32.75    1984     134   527.226   442.888   462.985   331.596   215.984   141.660   110.267   143.849   195.449   309.816   372.357   500.182
   -71.25   -32.75    1984     140   530.629   445.961   466.388   334.889   219.386   144.953   113.669   147.251   198.742   313.218   375.649   503.584
   -71.25   -32.75    1984     160   533.784   448.811   469.543   337.942   222.541   148.006   116.825   150.407   201.795   316.373   378.703   506.740
   -71.25   -32.75    1985       0   442.109   394.496   375.481   264.131   142.386    43.950    32.995    72.950   112.152   191.347   300.256   401.053
   -71.25   -32.75    1985     110   526.109   470.367   459.481   345.421   226.386   125.240   116.994   156.949   193.442   275.347   381.545   485.053
   -71.25   -32.75    1985     131   527.005   471.176   460.377   346.289   227.282   126.107   117.890   157.845   194.309   276.243   382.413   485.949
   -71.25   -32.75    1985     132   526.461   470.685   459.833   345.763   226.738   125.581   117.347   157.302   193.783   275.699   381.887   485.406
   -71.25   -32.75    1985     133   527.215   471.366   460.587   346.491   227.491   126.310   118.100   158.055   194.512   276.453   382.616   486.159
   -71.25   -32.75    1985     134   526.666   470.870   460.038   345.960   226.942   125.778   117.551   157.506   193.980   275.904   382.084   485.610
   -71.25   -32.75    1985     140   530.068   473.943   463.440   349.253   230.345   129.071   120.953   160.908   197.273   279.306   385.377   489.012
   -71.25   -32.75    1985     160   533.223   476.793   466.595   352.306   233.500   132.125   124.109   164.064   200.326   282.461   388.430   492.168
   -71.25   -32.75    1986       0   431.133   390.396   390.600   265.308   160.004    68.146    34.795    74.531   115.709   242.810   292.541   418.876
   -71.25   -32.75    1986     110   515.133   466.266   474.599   346.598   244.004   149.436   118.795   158.531   196.999   326.809   373.831   502.876
   -71.25   -32.75    1986     131   516.029   467.076   475.495   347.465   244.900   150.303   119.691   159.427   197.866   327.706   374.698   503.772
   -71.25   -32.75    1986     132   515.486   466.585   474.952   346.939   244.357   149.777   119.147   158.883   197.340   327.162   374.172   503.228
   -71.25   -32.75    1986     133   516.239   467.265   475.705   347.668   245.110   150.506   119.901   159.636   198.069   327.915   374.901   503.982
   -71.25   -32.75    1986     134   515.690   466.769   475.156   347.137   244.561   149.975   119.352   159.087   197.538   327.366   374.370   503.433
   -71.25   -32.75    1986     140   519.092   469.842   478.558   350.429   247.963   153.267   122.754   162.490   200.830   330.768   377.662   506.835
   -71.25   -32.75    1986     160   522.248   472.692   481.714   353.483   251.118   156.321   125.909   165.645   203.884   333.924   380.716   509.990
   -71.25   -32.75    1987       0   463.909   406.292   433.015   299.797   174.960    60.073    38.142    89.788   129.825   243.419   356.422   422.288
   -71.25   -32.75    1987     110   547.909   482.163   517.014   381.087   258.960   141.363   122.141   173.788   211.115   327.419   437.712   506.287
   -71.25   -32.75    1987     131   548.805   482.972   517.911   381.955   259.856   142.230   123.037   174.684   211.982   328.315   438.580   507.183
   -71.25   -32.75    1987     132   548.261   482.481   517.367   381.429   259.312   141.704   122.494   174.140   211.456   327.771   438.053   506.640
   -71.25   -32.75    1987     133   549.014   483.161   518.120   382.157   260.065   142.433   123.247   174.893   212.185   328.525   438.782   507.393
   -71.25   -32.75    1987     134   548.466   482.665   517.571   381.626   259.516   141.902   122.698   174.345   211.654   327.976   438.251   506.844
   -71.25   -32.75    1987     140   551.868   485.739   520.973   384.919   262.919   145.194   126.100   177.747   214.946   331.378   441.544   510.246
   -71.25   -32.75    1987     160   555.023   488.589   524.129   387.972   266.074   148.248   129.256   180.902   218.000   334.533   444.597   513.402
   -71.25   -32.75    1988       0   447.172   449.314   439.896   299.704   191.093    94.308    45.794    98.669   165.754   250.892   305.050   411.950
   -71.25   -32.75    1988     110   531.171   525.184   523.895   380.994   275.092   175.598   129.793   182.669   247.044   334.892   386.340   495.950
   -71.25   -32.75    1988     131   532.067   525.994   524.792   381.861   275.988   176.465   130.689   183.565   247.911   335.788   387.207   496.846
   -71.25   -32.75    1988     132   531.524   525.503   524.248   381.335   275.445   175.939   130.146   183.021   247.385   335.244   386.681   496.302
   -71.25   -32.75    1988     133   532.277   526.183   525.001   382.064   276.198   176.668   130.899   183.775   248.114   335.998   387.410   497.055
   -71.25   -32.75    1988     134   531.728   525.687   524.452   381.533   275.649   176.136   130.350   183.226   247.583   335.449   386.879   496.506
   -71.25   -32.75    1988     140   535.130   528.760   527.855   384.825   279.051   179.429   133.752   186.628   250.875   338.851   390.171   499.909
   -71.25   -32.75    1988     160   538.286   531.610   531.010   387.879   282.207   182.482   136.908   189.783   253.929   342.006   393.225   503.064
   -71.25   -32.75    1989       0   478.345   417.968   402.580   301.982   172.950    91.116    53.639    66.582   128.528   255.242   336.063   398.749
   -71.25   -32.75    1989     110   562.345   493.838   486.579   383.272   256.950   172.406   137.639   150.582   209.818   339.241   417.353   482.749
   -71.25   -32.75    1989     131   563.241   494.648   487.475   384.139   257.846   173.273   138.535   151.478   210.686   340.138   418.220   483.645
   -71.25   -32.75    1989     132   562.698   494.157   486.932   383.613   257.303   172.747   137.991   150.934   210.159   339.594   417.694   483.101
   -71.25   -32.75    1989     133   563.451   494.837   487.685   384.342   258.056   173.476   138.745   151.687   210.888   340.347   418.423   483.855
   -71.25   -32.75    1989     134   562.902   494.341   487.136   383.811   257.507   172.945   138.196   151.138   210.357   339.798   417.892   483.306
   -71.25   -32.75    1989     140   566.304   497.414   490.538   387.103   260.909   176.237   141.598   154.541   213.650   343.201   421.184   486.708
   -71.25   -32.75    1989     160   569.459   500.264   493.694   390.157   264.065   179.291   144.753   157.696   216.703   346.356   424.238   489.863
