      Lon      Lat    Year   Stand     Jan     Feb     Mar     Apr     May     Jun     Jul     Aug     Sep     Oct     Nov     Dec
   -71.25   -32.75    1950       0  19.374  18.508  16.999  14.228  10.254   6.407   5.842   6.156   8.504  11.520  14.382  17.356
   -71.25   -32.75    1950     110  22.083  21.218  19.708  16.938  12.964   9.116   8.552   8.865  11.214  14.229  17.092  20.066
   -71.25   -32.75    1950     131  22.112  21.247  19.737  16.967  12.992   9.145   8.580   8.894  11.243  14.258  17.121  20.095
   -71.25   -32.75    1950     132  22.095  21.229  19.720  16.949  12.975   9.128   8.563   8.877  11.225  14.241  17.103  20.077
   -71.25   -32.75    1950     133  22.119  21.253  19.744  16.973  12.999   9.152   8.587   8.901  11.249  14.265  17.128  20.102
   -71.25   -32.75    1950     134  22.101  21.236  19.726  16.956  12.982   9.134   8.570   8.883  11.232  14.247  17.110  20.084
   -71.25   -32.75    1950     140  22.211  21.345  19.836  17.065  13.091   9.244   8.679   8.993  11.342  14.357  17.220  20.194
   -71.25   -32.75    1950     160  22.313  21.447  19.938  17.167  13.193   9.346   8.781   9.095  11.443  14.459  17.321  20.296
   -71.25   -32.75    1951       0  19.034  18.608  17.282  13.994   9.857   6.916   6.491   7.055   7.929  11.870  15.468  17.835
   -71.25   -32.75    1951     110  21.744  21.318  19.992  16.704  12.567   9.625   9.201   9.764  10.639  14.579  18.178  20.545
   -71.25   -32.75    1951     131  21.773  21.346  20.021  16.733  12.596   9.654   9.230   9.793  10.668  14.608  18.207  20.573
   -71.25   -32.75    1951     132  21.755  21.329  20.003  16.715  12.578   9.637   9.212   9.776  10.650  14.591  18.189  20.556
   -71.25   -32.75    1951     133  21.779  21.353  20.028  16.740  12.603   9.661   9.236   9.800  10.675  14.615  18.213  20.580
   -71.25   -32.75    1951     134  21.762  21.336  20.010  16.722  12.585   9.643   9.219   9.782  10.657  14.597  18.196  20.563
   -71.25   -32.75    1951     140  21.871  21.445  20.120  16.832  12.695   9.753   9.328   9.892  10.767  14.707  18.305  20.672
   -71.25   -32.75    1951     160  21.973  21.547  20.221  16.934  12.796   9.855   9.430   9.994  10.869  14.809  18.407  20.774
   -71.25   -32.75    1952       0  18.785  18.505  17.551  13.831  10.645   6.615   5.191   6.109   7.311  11.960  14.864  17.404
   -71.25   -32.75    1952     110  21.495  21.214  20.261  16.541  13.355   9.324   7.901   8.819  10.021  14.670  17.574  20.113
   -71.25   -32.75    1952     131  21.523  21.243  20.289  16.570  13.384   9.353   7.930   8.848  10.050  14.698  17.603  20.142
   -71.25   -32.75    1952     132  21.506  21.226  20.272  16.552  13.366   9.336   7.912   8.830  10.032  14.681  17.585  20.125
   -71.25   -32.75    1952     133  21.530  21.250  20.296  16.576  13.390   9.360   7.937   8.855  10.057  14.705  17.609  20.149
   -71.25   -32.75    1952     134  21.512  21.232  20.279  16.559  13.373   9.342   7.919   8.837  10.039  14.688  17.592  20.131
   -71.25   -32.75    1952     140  21.622  21.342  20.388  16.668  13.483   9.452   8.029   8.947  10.149  14.797  17.702  20.241
   -71.25   -32.75    1952     160  21.724  21.444  20.490  16.770  13.584   9.554   8.130   9.048  10.251  14.899  17.803  20.343
   -71.25   -32.75    1953       0  17.642  17.745  17.227  13.582   9.983   8.054   5.883   6.685   9.052  12.006  16.659  18.485
   -71.25   -32.75    1953     110  20.351  20.454  19.937  16.292  12.693  10.763   8.593   9.394  11.762  14.715  19.368  21.195
   -71.25   -32.75    1953     131  20.380  20.483  19.966  16.321  12.722  10.792   8.622   9.423  11.791  14.744  19.397  21.224
   -71.25   -32.75    1953     132  20.363  20.466  19.948  16.303  12.704  10.775   8.604   9.406  11.773  14.727  19.380  21.206
   -71.25   -32.75    1953     133  20.387  20.490  19.973  16.327  12.728  10.799   8.629   9.430  11.797  14.751  19.404  21.231
   -71.25   -32.75    1953     134  20.369  20.472  19.955  16.310  12.711  10.781   8.611   9.412  11.780  14.733  19.386  21.213
   -71.25   -32.75    1953     140  20.479  20.582  20.065  16.419  12.820  10.891   8.721   9.522  11.889  14.843  19.496  21.323
   -71.25   -32.75    1953     160  20.581  20.684  20.167  16.521  12.922  10.993   8.823   9.624  11.991  14.945  19.598  21.425
   -71.25   -32.75    1954       0  20.359  19.069  17.559  13.661   9.015   5.471   5.576   6.349   7.916  14.672  15.772  16.925
   -71.25   -32.75    1954     110  23.068  21.779  20.269  16.370  11.725   8.181   8.285   9.058  10.626  17.382  18.482  19.635
   -71.25   -32.75    1954     131  23.097  21.808  20.298  16.399  11.754   8.210   8.314   9.087  10.655  17.411  18.511  19.664
   -71.25   -32.75    1954     132  23.080  21.791  20.280  16.382  11.736   8.192   8.297   9.070  10.637  17.393  18.493  19.646
   -71.25   -32.75    1954     133  23.104  21.815  20.305  16.406  11.761   8.216   8.321   9.094  10.661  17.418  18.518  19.670
   -71.25   -32.75    1954     134  23.086  21.797  20.287  16.388  11.743   8.199   8.303   9.076  10.644  17.400  18.500  19.653
   -71.25   -32.75    1954     140  23.196  21.907  20.397  16.498  11.853   8.308   8.413   9.186  10.754  17.510  18.610  19.762
   -71.25   -32.75    1954     160  23.298  22.009  20.498  16.600  11.955   8.410   8.515   9.288  10.855  17.611  18.711  19.864
   -71.25   -32.75    1955       0  18.646  19.256  17.562  12.684   9.499   6.708   6.870   6.995   9.469  12.535  16.393  18.050
   -71.25   -32.75    1955     110  21.356  21.966  20.271  15.394  12.209   9.417   9.579   9.705  12.179  15.245  19.103  20.760
   -71.25   -32.75    1955     131  21.385  21.995  20.300  15.423  12.238   9.446   9.608   9.734  12.208  15.274  19.132  20.789
   -71.25   -32.75    1955     132  21.367  21.977  20.283  15.405  12.220   9.429   9.591   9.716  12.190  15.256  19.115  20.771
   -71.25   -32.75    1955     133  21.391  22.002  20.307  15.430  12.245   9.453   9.615   9.740  12.214  15.280  19.139  20.796
   -71.25   -32.75    1955     134  21.374  21.984  20.289  15.412  12.227   9.435   9.597   9.723  12.197  15.263  19.121  20.778
   -71.25   -32.75    1955     140  21.483  22.094  20.399  15.522  12.337   9.545   9.707   9.832  12.306  15.372  19.231  20.888
   -71.25   -32.75    1955     160  21.585  22.196  20.501  15.623  12.439   9.647   9.809   9.934  12.408  15.474  19.333  20.990
   -71.25   -32.75    1956       0  19.968  19.241  18.769  14.885   9.402   7.495   6.036   6.270   8.569  12.337  14.595  16.937
   -71.25   -32.75    1956     110  22.678  21.951  21.479  17.595  12.112  10.205   8.746   8.980  11.279  15.047  17.305  19.647
   -71.25   -32.75    1956     131  22.707  21.980  21.508  17.623  12.141  10.234   8.775   9.009  11.308  15.076  17.333  19.676
   -71.25   -32.75    1956     132  22.689  21.962  21.490  17.606  12.123  10.216   8.757   8.991  11.290  15.058  17.316  19.658
   -71.25   -32.75    1956     133  22.713  21.987  21.515  17.630  12.147  10.241   8.781   9.016  11.314  15.083  17.340  19.683
   -71.25   -32.75    1956     134  22.696  21.969  21.497  17.613  12.130  10.223   8.764   8.998  11.297  15.065  17.323  19.665
   -71.25   -32.75    1956     140  22.806  22.079  21.607  17.722  12.239  10.333   8.873   9.108  11.406  15.175  17.432  19.775
   -71.25   -32.75    1956     160  22.907  22.180  21.708  17.824  12.341  10.434   8.975   9.209  11.508  15.277  17.534  19.876
   -71.25   -32.75    1957       0  18.775  18.227  17.989  13.653  10.370   7.180   5.601   7.362   8.614  11.100  16.176  18.346
   -71.25   -32.75    1957     110  21.485  20.937  20.699  16.363  13.080   9.890   8.311  10.072  11.323  13.810  18.886  21.056
   -71.25   -32.75    1957     131  21.514  20.966  20.728  16.392  13.109   9.919   8.340  10.101  11.352  13.839  18.914  21.085
   -71.25   -32.75    1957     132  21.496  20.948  20.710  16.374  13.091   9.901   8.322  10.083  11.335  13.821  18.897  21.067
   -71.25   -32.75    1957     133  21.521  20.973  20.735  16.398  13.115   9.926   8.346  10.108  11.359  13.845  18.921  21.091
   -71.25   -32.75    1957     134  21.503  20.955  20.717  16.381  13.098   9.908   8.329  10.090  11.341  13.828  18.904  21.074
   -71.25   -32.75    1957     140  21.613  21.065  20.827  16.490  13.208  10.018   8.438  10.200  11.451  13.937  19.013  21.184
   -71.25   -32.75    1957     160  21.715  21.167  20.929  16.592  13.309  10.119   8.540  10.302  11.553  14.039  19.115  21.285
   -71.25   -32.75    1958       0  19.193  18.200  17.544  13.579   8.973   5.498   6.181   6.918   8.355  11.619  14.343  16.568
   -71.25   -32.75    1958     110  21.903  20.909  20.253  16.288  11.683   8.208   8.891   9.628  11.065  14.328  17.053  19.277
   -71.25   -32.75    1958     131  21.932  20.938  20.282  16.317  11.712   8.236   8.920   9.657  11.094  14.357  17.082  19.306
   -71.25   -32.75    1958     132  21.914  20.921  20.265  16.300  11.694   8.219   8.902   9.639  11.076  14.340  17.064  19.289
   -71.25   -32.75    1958     133  21.938  20.945  20.289  16.324  11.719   8.243   8.927   9.664  11.100  14.364  17.089  19.313
   -71.25   -32.75    1958     134  21.921  20.927  20.271  16.306  11.701   8.225   8.909   9.646  11.083  14.346  17.071  19.295
   -71.25   -32.75    1958     140  22.030  21.037  20.381  16.416  11.811   8.335   9.019   9.756  11.192  14.456  17.181  19.405
   -71.25   -32.75    1958     160  22.132  21.139  20.483  16.518  11.913   8.437   9.120   9.858  11.294  14.558  17.282  19.507
   -71.25   -32.75    1959       0  17.845  18.525  17.659  14.316  10.101   6.646   5.949   7.325   9.466  13.147  16.427  18.168
   -71.25   -32.75    1959     110  20.554  21.235  20.369  17.026  12.811   9.355   8.659  10.034  12.176  15.856  19.136  20.878
   -71.25   -32.75    1959     131  20.583  21.263  20.398  17.055  12.840   9.384   8.688  10.063  12.205  15.885  19.165  20.907
   -71.25   -32.75    1959     132  20.566  21.246  20.380  17.037  12.822   9.367   8.670  10.046  12.187  15.868  19.148  20.889
   -71.25   -32.75    1959     133  20.590  21.270  20.405  17.062  12.846   9.391   8.695  10.070  12.212  15.892  19.172  20.914
   -71.25   -32.75    1959     134  20.572  21.252  20.387  17.044  12.829   9.373   8.677  10.052  12.194  15.874  19.154  20.896
   -71.25   -32.75    1959     140  20.682  21.362  20.497  17.154  12.938   9.483   8.787  10.162  12.304  15.984  19.264  21.006
   -71.25   -32.75    1959     160  20.784  21.464  20.598  17.255  13.040   9.585   8.888  10.264  12.406  16.086  19.366  21.107
   -71.25   -32.75    1960       0  18.127  19.290  17.225  14.678   9.915   7.280   6.760   6.653   8.966  12.095  14.723  17.271
   -71.25   -32.75    1960     110  20.837  22.000  19.935  17.388  12.624   9.990   9.469   9.362  11.676  14.805  17.433  19.980
   -71.25   -32.75    1960     131  20.866  22.028  19.964  17.417  12.653  10.019   9.498   9.391  11.705  14.834  17.461  20.009
   -71.25   -32.75    1960     132  20.848  22.011  19.946  17.399  12.636  10.001   9.481   9.374  11.687  14.816  17.444  19.992
   -71.25   -32.75    1960     133  20.873  22.035  19.971  17.424  12.660  10.025   9.505   9.398  11.711  14.840  17.468  20.016
   -71.25   -32.75    1960     134  20.855  22.018  19.953  17.406  12.642  10.008   9.487   9.380  11.694  14.823  17.450  19.998
   -71.25   -32.75    1960     140  20.965  22.127  20.063  17.516  12.752  10.117   9.597   9.490  11.803  14.932  17.560  20.108
   -71.25   -32.75    1960     160  21.066  22.229  20.165  17.618  12.854  10.219   9.699   9.592  11.905  15.034  17.662  20.210
   -71.25   -32.75    1961       0  18.881  19.015  17.591  13.886   9.408   7.165   5.345   6.981   8.439  11.719  15.239  18.356
   -71.25   -32.75    1961     110  21.591  21.724  20.301  16.596  12.118   9.875   8.055   9.691  11.148  14.429  17.949  21.066
   -71.25   -32.75    1961     131  21.620  21.753  20.330  16.624  12.147   9.904   8.084   9.720  11.177  14.458  17.978  21.095
   -71.25   -32.75    1961     132  21.602  21.736  20.312  16.607  12.129   9.886   8.066   9.702  11.160  14.441  17.960  21.077
   -71.25   -32.75    1961     133  21.627  21.760  20.336  16.631  12.153   9.911   8.090   9.726  11.184  14.465  17.984  21.102
   -71.25   -32.75    1961     134  21.609  21.742  20.319  16.614  12.136   9.893   8.073   9.709  11.166  14.447  17.967  21.084
   -71.25   -32.75    1961     140  21.719  21.852  20.428  16.723  12.245  10.003   8.182   9.818  11.276  14.557  18.077  21.194
   -71.25   -32.75    1961     160  21.820  21.954  20.530  16.825  12.347  10.104   8.284   9.920  11.378  14.659  18.178  21.295
   -71.25   -32.75    1962       0  19.985  19.588  17.052  13.524   9.796   6.898   5.936   6.954   8.484  12.447  14.092  17.253
   -71.25   -32.75    1962     110  22.695  22.298  19.761  16.233  12.506   9.608   8.646   9.663  11.194  15.157  16.802  19.962
   -71.25   -32.75    1962     131  22.724  22.327  19.790  16.262  12.535   9.637   8.675   9.692  11.222  15.186  16.831  19.991
   -71.25   -32.75    1962     132  22.706  22.310  19.773  16.245  12.517   9.619   8.657   9.675  11.205  15.169  16.813  19.974
   -71.25   -32.75    1962     133  22.731  22.334  19.797  16.269  12.541   9.644   8.682   9.699  11.229  15.193  16.837  19.998
   -71.25   -32.75    1962     134  22.713  22.316  19.779  16.251  12.524   9.626   8.664   9.681  11.212  15.175  16.820  19.980
   -71.25   -32.75    1962     140  22.823  22.426  19.889  16.361  12.633   9.736   8.774   9.791  11.321  15.285  16.930  20.090
   -71.25   -32.75    1962     160  22.925  22.528  19.991  16.463  12.735   9.837   8.875   9.893  11.423  15.387  17.031  20.192
   -71.25   -32.75    1963       0  18.729  19.387  17.060  14.791   9.984   7.012   5.320   6.455   8.670  11.797  15.355  19.395
   -71.25   -32.75    1963     110  21.438  22.097  19.770  17.501  12.693   9.722   8.030   9.164  11.380  14.507  18.064  22.105
   -71.25   -32.75    1963     131  21.467  22.126  19.799  17.530  12.722   9.750   8.058   9.193  11.409  14.536  18.093  22.134
   -71.25   -32.75    1963     132  21.450  22.108  19.781  17.512  12.705   9.733   8.041   9.176  11.391  14.519  18.076  22.116
   -71.25   -32.75    1963     133  21.474  22.132  19.806  17.536  12.729   9.757   8.065   9.200  11.416  14.543  18.100  22.140
   -71.25   -32.75    1963     134  21.456  22.115  19.788  17.519  12.711   9.740   8.047   9.182  11.398  14.525  18.082  22.123
   -71.25   -32.75    1963     140  21.566  22.224  19.898  17.629  12.821   9.849   8.157   9.292  11.508  14.635  18.192  22.232
   -71.25   -32.75    1963     160  21.668  22.326  19.999  17.730  12.923   9.951   8.259   9.394  11.609  14.737  18.294  22.334
   -71.25   -32.75    1964       0  18.468  18.890  16.419  12.865   9.457   6.773   5.090   7.594   8.650  12.591  16.719  18.224
   -71.25   -32.75    1964     110  21.178  21.600  19.129  15.575  12.167   9.482   7.800  10.304  11.360  15.301  19.429  20.934
   -71.25   -32.75    1964     131  21.207  21.629  19.158  15.604  12.196   9.511   7.828  10.333  11.389  15.330  19.458  20.963
   -71.25   -32.75    1964     132  21.189  21.611  19.140  15.587  12.178   9.494   7.811  10.315  11.371  15.312  19.440  20.946
   -71.25   -32.75    1964     133  21.213  21.635  19.164  15.611  12.203   9.518   7.835  10.339  11.395  15.336  19.464  20.970
   -71.25   -32.75    1964     134  21.196  21.618  19.147  15.593  12.185   9.500   7.817  10.322  11.378  15.319  19.447  20.952
   -71.25   -32.75    1964     140  21.305  21.727  19.256  15.703  12.295   9.610   7.927  10.431  11.487  15.428  19.556  21.062
   -71.25   -32.75    1964     160  21.407  21.829  19.358  15.805  12.396   9.712   8.029  10.533  11.589  15.530  19.658  21.164
   -71.25   -32.75    1965       0  20.073  19.670  17.829  14.358  10.252   6.869   6.161   7.754   8.577  11.894  15.541  17.184
   -71.25   -32.75    1965     110  22.782  22.380  20.538  17.067  12.961   9.578   8.870  10.463  11.286  14.603  18.250  19.894
   -71.25   -32.75    1965     131  22.811  22.409  20.567  17.096  12.990   9.607   8.899  10.492  11.315  14.632  18.279  19.922
   -71.25   -32.75    1965     132  22.794  22.391  20.550  17.079  12.973   9.590   8.882  10.475  11.298  14.615  18.262  19.905
   -71.25   -32.75    1965     133  22.818  22.415  20.574  17.103  12.997   9.614   8.906  10.499  11.322  14.639  18.286  19.929
   -71.25   -32.75    1965     134  22.800  22.398  20.556  17.085  12.979   9.596   8.888  10.481  11.304  14.621  18.268  19.912
   -71.25   -32.75    1965     140  22.910  22.507  20.666  17.195  13.089   9.706   8.998  10.591  11.414  14.731  18.378  20.021
   -71.25   -32.75    1965     160  23.012  22.609  20.768  17.297  13.191   9.808   9.100  10.693  11.516  14.833  18.480  20.123
   -71.25   -32.75    1966       0  18.922  18.011  18.273  14.279  10.120   5.916   5.988   7.835   8.958  12.527  16.551  17.638
   -71.25   -32.75    1966     110  21.631  20.721  20.983  16.989  12.830   8.625   8.698  10.545  11.668  15.237  19.261  20.347
   -71.25   -32.75    1966     131  21.660  20.749  21.012  17.017  12.859   8.654   8.727  10.574  11.697  15.266  19.289  20.376
   -71.25   -32.75    1966     132  21.643  20.732  20.994  17.000  12.841   8.637   8.709  10.556  11.679  15.248  19.272  20.359
   -71.25   -32.75    1966     133  21.667  20.756  21.019  17.024  12.866   8.661   8.733  10.581  11.703  15.272  19.296  20.383
   -71.25   -32.75    1966     134  21.649  20.738  21.001  17.006  12.848   8.643   8.716  10.563  11.686  15.255  19.279  20.365
   -71.25   -32.75    1966     140  21.759  20.848  21.111  17.116  12.958   8.753   8.825  10.673  11.795  15.364  19.388  20.475
   -71.25   -32.75    1966     160  21.861  20.950  21.213  17.218  13.059   8.855   8.927  10.775  11.897  15.466  19.490  20.577
   -71.25   -32.75    1967       0  19.947  19.464  17.297  14.149  10.093   6.403   5.297   7.294   9.262  11.808  15.241  17.384
   -71.25   -32.75    1967     110  22.657  22.174  20.007  16.859  12.803   9.113   8.007  10.003  11.971  14.518  17.950  20.094
   -71.25   -32.75    1967     131  22.686  22.203  20.036  16.888  12.832   9.142   8.035  10.032  12.000  14.547  17.979  20.123
   -71.25   -32.75    1967     132  22.668  22.185  20.018  16.870  12.814   9.124   8.018  10.015  11.983  14.529  17.962  20.105
   -71.25   -32.75    1967     133  22.692  22.210  20.043  16.894  12.838   9.148   8.042  10.039  12.007  14.554  17.986  20.129
   -71.25   -32.75    1967     134  22.675  22.192  20.025  16.877  12.821   9.131   8.024  10.021  11.989  14.536  17.968  20.112
   -71.25   -32.75    1967     140  22.784  22.302  20.135  16.986  12.930   9.240   8.134  10.131  12.099  14.646  18.078  20.221
   -71.25   -32.75    1967     160  22.886  22.403  20.236  17.088  13.032   9.342   8.236  10.233  12.201  14.748  18.180  20.323
   -71.25   -32.75    1968       0  19.144  19.950  19.462  14.205   9.930   7.070   5.286   6.904   9.084  12.556  15.722  18.070
   -71.25   -32.75    1968     110  21.853  22.660  22.172  16.914  12.640   9.780   7.996   9.614  11.793  15.266  18.432  20.780
   -71.25   -32.75    1968     131  21.882  22.689  22.201  16.943  12.669   9.809   8.025   9.642  11.822  15.295  18.461  20.808
   -71.25   -32.75    1968     132  21.865  22.671  22.183  16.926  12.651   9.791   8.007   9.625  11.805  15.277  18.443  20.791
   -71.25   -32.75    1968     133  21.889  22.695  22.207  16.950  12.676   9.815   8.031   9.649  11.829  15.302  18.468  20.815
   -71.25   -32.75    1968     134  21.871  22.678  22.190  16.932  12.658   9.798   8.014   9.631  11.811  15.284  18.450  20.798
   -71.25   -32.75    1968     140  21.981  22.787  22.300  17.042  12.768   9.907   8.123   9.741  11.921  15.394  18.560  20.907
   -71.25   -32.75    1968     160  22.083  22.889  22.401  17.144  12.870  10.009   8.225   9.843  12.023  15.495  18.662  21.009
   -71.25   -32.75    1969       0  19.558  19.774  18.065  13.393  10.260   5.951   5.312   6.953   8.920  12.041  15.047  17.317
   -71.25   -32.75    1969     110  22.267  22.484  20.775  16.103  12.970   8.660   8.021   9.662  11.630  14.751  17.757  20.027
   -71.25   -32.75    1969     131  22.296  22.513  20.804  16.132  12.998   8.689   8.050   9.691  11.658  14.780  17.786  20.056
   -71.25   -32.75    1969     132  22.279  22.495  20.786  16.115  12.981   8.672   8.033   9.674  11.641  14.762  17.768  20.038
   -71.25   -32.75    1969     133  22.303  22.519  20.811  16.139  13.005   8.696   8.057   9.698  11.665  14.786  17.792  20.063
   -71.25   -32.75    1969     134  22.285  22.502  20.793  16.121  12.987   8.678   8.039   9.680  11.647  14.769  17.775  20.045
   -71.25   -32.75    1969     140  22.395  22.612  20.903  16.231  13.097   8.788   8.149   9.790  11.757  14.878  17.885  20.155
   -71.25   -32.75    1969     160  22.497  22.713  21.004  16.333  13.199   8.890   8.251   9.892  11.859  14.980  17.986  20.257
   -71.25   -32.75    1970       0  19.959  21.238  17.166  13.825   8.982   5.592   5.750   7.590   8.801  12.578  14.737  17.553
   -71.25   -32.75    1970     110  22.669  23.948  19.876  16.535  11.692   8.301   8.460  10.300  11.511  15.288  17.446  20.263
   -71.25   -32.75    1970     131  22.698  23.977  19.905  16.564  11.721   8.330   8.489  10.329  11.540  15.317  17.475  20.291
   -71.25   -32.75    1970     132  22.680  23.959  19.887  16.546  11.703   8.313   8.471  10.311  11.522  15.299  17.458  20.274
   -71.25   -32.75    1970     133  22.704  23.984  19.911  16.570  11.727   8.337   8.495  10.336  11.546  15.323  17.482  20.298
   -71.25   -32.75    1970     134  22.687  23.966  19.894  16.553  11.710   8.319   8.478  10.318  11.529  15.306  17.464  20.280
   -71.25   -32.75    1970     140  22.796  24.076  20.004  16.662  11.819   8.429   8.587  10.428  11.638  15.416  17.574  20.390
   -71.25   -32.75    1970     160  22.898  24.177  20.105  16.764  11.921   8.531   8.689  10.529  11.740  15.517  17.676  20.492
   -71.25   -32.75    1971       0  20.071  18.663  17.921  13.755   9.874   6.128   4.984   7.420   8.673  12.131  15.365  17.780
   -71.25   -32.75    1971     110  22.781  21.372  20.631  16.465  12.583   8.838   7.693  10.129  11.383  14.841  18.075  20.489
   -71.25   -32.75    1971     131  22.810  21.401  20.660  16.493  12.612   8.867   7.722  10.158  11.412  14.869  18.104  20.518
   -71.25   -32.75    1971     132  22.792  21.384  20.642  16.476  12.595   8.849   7.705  10.141  11.394  14.852  18.086  20.501
   -71.25   -32.75    1971     133  22.817  21.408  20.667  16.500  12.619   8.874   7.729  10.165  11.418  14.876  18.111  20.525
   -71.25   -32.75    1971     134  22.799  21.390  20.649  16.482  12.601   8.856   7.711  10.147  11.401  14.859  18.093  20.507
   -71.25   -32.75    1971     140  22.909  21.500  20.759  16.592  12.711   8.966   7.821  10.257  11.510  14.968  18.203  20.617
   -71.25   -32.75    1971     160  23.010  21.602  20.860  16.694  12.813   9.067   7.923  10.359  11.612  15.070  18.305  20.719
   -71.25   -32.75    1972       0  18.863  19.380  17.948  14.227   9.411   6.033   5.857   6.914   8.859  11.151  14.060  17.999
   -71.25   -32.75    1972     110  21.573  22.090  20.658  16.937  12.120   8.743   8.567   9.623  11.568  13.861  16.770  20.709
   -71.25   -32.75    1972     131  21.602  22.119  20.687  16.965  12.149   8.771   8.596   9.652  11.597  13.890  16.799  20.738
   -71.25   -32.75    1972     132  21.584  22.101  20.669  16.948  12.132   8.754   8.578   9.635  11.580  13.872  16.781  20.720
   -71.25   -32.75    1972     133  21.608  22.126  20.693  16.972  12.156   8.778   8.602   9.659  11.604  13.896  16.806  20.745
   -71.25   -32.75    1972     134  21.591  22.108  20.676  16.955  12.138   8.760   8.585   9.641  11.586  13.879  16.788  20.727
   -71.25   -32.75    1972     140  21.700  22.218  20.785  17.064  12.248   8.870   8.694   9.751  11.696  13.988  16.898  20.837
   -71.25   -32.75    1972     160  21.802  22.319  20.887  17.166  12.350   8.972   8.796   9.853  11.798  14.090  16.999  20.938
   -71.25   -32.75    1973       0  19.202  17.957  17.273  14.450   9.908   7.367   5.944   6.749   9.103  12.264  15.291  19.520
   -71.25   -32.75    1973     110  21.912  20.666  19.982  17.160  12.618  10.077   8.654   9.459  11.813  14.974  18.000  22.230
   -71.25   -32.75    1973     131  21.941  20.695  20.011  17.189  12.647  10.106   8.683   9.488  11.842  15.003  18.029  22.259
   -71.25   -32.75    1973     132  21.923  20.678  19.994  17.172  12.630  10.088   8.665   9.470  11.824  14.985  18.012  22.241
   -71.25   -32.75    1973     133  21.948  20.702  20.018  17.196  12.654  10.113   8.689   9.495  11.848  15.009  18.036  22.266
   -71.25   -32.75    1973     134  21.930  20.684  20.000  17.178  12.636  10.095   8.672   9.477  11.831  14.992  18.018  22.248
   -71.25   -32.75    1973     140  22.040  20.794  20.110  17.288  12.746  10.205   8.781   9.587  11.940  15.102  18.128  22.358
   -71.25   -32.75    1973     160  22.142  20.896  20.212  17.390  12.848  10.306   8.883   9.689  12.042  15.203  18.230  22.459
   -71.25   -32.75    1974       0  20.741  20.108  19.182  14.679  10.570   7.771   6.019   7.266   9.990  13.402  14.983  18.542
   -71.25   -32.75    1974     110  23.451  22.818  21.891  17.388  13.279  10.480   8.729   9.976  12.700  16.112  17.693  21.252
   -71.25   -32.75    1974     131  23.480  22.847  21.920  17.417  13.308  10.509   8.758  10.004  12.729  16.141  17.721  21.281
   -71.25   -32.75    1974     132  23.462  22.829  21.903  17.400  13.291  10.492   8.740   9.987  12.711  16.123  17.704  21.263
   -71.25   -32.75    1974     133  23.487  22.853  21.927  17.424  13.315  10.516   8.765  10.011  12.736  16.147  17.728  21.288
   -71.25   -32.75    1974     134  23.469  22.836  21.909  17.406  13.297  10.498   8.747   9.993  12.718  16.130  17.711  21.270
   -71.25   -32.75    1974     140  23.579  22.945  22.019  17.516  13.407  10.608   8.857  10.103  12.828  16.239  17.820  21.380
   -71.25   -32.75    1974     160  23.681  23.047  22.121  17.618  13.509  10.710   8.959  10.205  12.929  16.341  17.922  21.482
   -71.25   -32.75    1975       0  19.943  19.404  19.756  14.844   9.888   6.929   6.109   7.393   8.737  12.837  15.536  18.165
   -71.25   -32.75    1975     110  22.652  22.114  22.465  17.554  12.598   9.638   8.819  10.103  11.447  15.547  18.246  20.875
   -71.25   -32.75    1975     131  22.681  22.143  22.494  17.583  12.627   9.667   8.848  10.132  11.476  15.576  18.275  20.904
   -71.25   -32.75    1975     132  22.664  22.125  22.477  17.565  12.609   9.650   8.830  10.114  11.458  15.558  18.257  20.886
   -71.25   -32.75    1975     133  22.688  22.150  22.501  17.590  12.634   9.674   8.854  10.139  11.482  15.583  18.282  20.911
   -71.25   -32.75    1975     134  22.670  22.132  22.483  17.572  12.616   9.656   8.837  10.121  11.465  15.565  18.264  20.893
   -71.25   -32.75    1975     140  22.780  22.242  22.593  17.682  12.726   9.766   8.946  10.231  11.574  15.675  18.374  21.003
   -71.25   -32.75    1975     160  22.882  22.343  22.695  17.784  12.828   9.868   9.048  10.333  11.676  15.777  18.475  21.105
   -71.25   -32.75    1976       0  19.781  18.979  16.666  14.278  10.556   7.682   6.737   6.744   9.327  12.157  14.283  17.942
   -71.25   -32.75    1976     110  22.490  21.688  19.375  16.988  13.265  10.392   9.446   9.454  12.037  14.866  16.992  20.652
   -71.25   -32.75    1976     131  22.519  21.717  19.404  17.017  13.294  10.420   9.475   9.483  12.065  14.895  17.021  20.681
   -71.25   -32.75    1976     132  22.502  21.700  19.387  16.999  13.277  10.403   9.458   9.465  12.048  14.878  17.004  20.663
   -71.25   -32.75    1976     133  22.526  21.724  19.411  17.023  13.301  10.427   9.482   9.489  12.072  14.902  17.028  20.688
   -71.25   -32.75    1976     134  22.508  21.706  19.393  17.006  13.283  10.410   9.464   9.472  12.054  14.884  17.010  20.670
   -71.25   -32.75    1976     140  22.618  21.816  19.503  17.116  13.393  10.519   9.574   9.581  12.164  14.994  17.120  20.780
   -71.25   -32.75    1976     160  22.720  21.918  19.605  17.217  13.495  10.621   9.676   9.683  12.266  15.096  17.222  20.882
   -71.25   -32.75    1977       0  19.726  19.681  17.257  14.120  10.076   6.889   6.237   7.171   8.263  13.223  15.394  18.403
   -71.25   -32.75    1977     110  22.436  22.391  19.967  16.829  12.785   9.599   8.947   9.881  10.973  15.932  18.104  21.113
   -71.25   -32.75    1977     131  22.465  22.420  19.996  16.858  12.814   9.628   8.976   9.909  11.002  15.961  18.133  21.142
   -71.25   -32.75    1977     132  22.447  22.403  19.978  16.841  12.797   9.610   8.958   9.892  10.984  15.944  18.115  21.124
   -71.25   -32.75    1977     133  22.471  22.427  20.002  16.865  12.821   9.635   8.983   9.916  11.008  15.968  18.140  21.148
   -71.25   -32.75    1977     134  22.454  22.409  19.985  16.847  12.803   9.617   8.965   9.898  10.991  15.950  18.122  21.131
   -71.25   -32.75    1977     140  22.563  22.519  20.095  16.957  12.913   9.727   9.075  10.008  11.100  16.060  18.232  21.240
   -71.25   -32.75    1977     160  22.665  22.621  20.196  17.059  13.015   9.829   9.176  10.110  11.202  16.162  18.333  21.342
   -71.25   -32.75    1978       0  20.727  20.488  19.378  14.473   9.412   7.437   5.981   7.439   9.550  12.366  15.485  17.718
   -71.25   -32.75    1978     110  23.437  23.197  22.087  17.183  12.122  10.146   8.690  10.149  12.260  15.075  18.194  20.428
   -71.25   -32.75    1978     131  23.466  23.226  22.116  17.212  12.151  10.175   8.719  10.178  12.289  15.104  18.223  20.457
   -71.25   -32.75    1978     132  23.448  23.209  22.099  17.194  12.133  10.158   8.702  10.160  12.271  15.087  18.206  20.439
   -71.25   -32.75    1978     133  23.472  23.233  22.123  17.219  12.157  10.182   8.726  10.185  12.295  15.111  18.230  20.463
   -71.25   -32.75    1978     134  23.455  23.215  22.105  17.201  12.140  10.164   8.708  10.167  12.278  15.093  18.212  20.446
   -71.25   -32.75    1978     140  23.564  23.325  22.215  17.311  12.249  10.274   8.818  10.277  12.387  15.203  18.322  20.555
   -71.25   -32.75    1978     160  23.666  23.427  22.317  17.412  12.351  10.376   8.920  10.378  12.489  15.305  18.424  20.657
   -71.25   -32.75    1979       0  19.176  17.604  18.399  14.897  10.142   7.780   6.381   7.165   8.724  12.027  16.033  18.505
   -71.25   -32.75    1979     110  21.886  20.313  21.108  17.607  12.852  10.489   9.090   9.875  11.434  14.736  18.743  21.214
   -71.25   -32.75    1979     131  21.915  20.342  21.137  17.636  12.880  10.518   9.119   9.903  11.463  14.765  18.772  21.243
   -71.25   -32.75    1979     132  21.897  20.325  21.120  17.618  12.863  10.501   9.102   9.886  11.445  14.748  18.754  21.226
   -71.25   -32.75    1979     133  21.922  20.349  21.144  17.643  12.887  10.525   9.126   9.910  11.469  14.772  18.778  21.250
   -71.25   -32.75    1979     134  21.904  20.331  21.126  17.625  12.869  10.507   9.108   9.893  11.452  14.754  18.761  21.232
   -71.25   -32.75    1979     140  22.014  20.441  21.236  17.735  12.979  10.617   9.218  10.002  11.561  14.864  18.870  21.342
   -71.25   -32.75    1979     160  22.115  20.543  21.338  17.836  13.081  10.719   9.320  10.104  11.663  14.966  18.972  21.444
   -71.25   -32.75    1980       0  19.766  18.187  16.826  13.852  10.350   7.722   5.816   7.443   8.890  12.211  14.262  16.298
   -71.25   -32.75    1980     110  22.476  20.897  19.535  16.562  13.059  10.432   8.526  10.153  11.600  14.921  16.972  19.008
   -71.25   -32.75    1980     131  22.505  20.926  19.564  16.591  13.088  10.461   8.555  10.182  11.628  14.949  17.000  19.037
   -71.25   -32.75    1980     132  22.487  20.908  19.547  16.573  13.071  10.443   8.537  10.164  11.611  14.932  16.983  19.020
   -71.25   -32.75    1980     133  22.512  20.932  19.571  16.597  13.095  10.467   8.562  10.189  11.635  14.956  17.007  19.044
   -71.25   -32.75    1980     134  22.494  20.915  19.553  16.580  13.077  10.450   8.544  10.171  11.618  14.938  16.989  19.026
   -71.25   -32.75    1980     140  22.604  21.024  19.663  16.689  13.187  10.559   8.654  10.281  11.727  15.048  17.099  19.136
   -71.25   -32.75    1980     160  22.705  21.126  19.765  16.791  13.289  10.661   8.755  10.382  11.829  15.150  17.201  19.238
   -71.25   -32.75    1981       0  16.657  17.180  16.473  12.985   9.500   6.706   5.523   6.390   9.282  12.655  15.708  17.756
   -71.25   -32.75    1981     110  19.367  19.890  19.183  15.695  12.209   9.416   8.232   9.099  11.992  15.364  18.418  20.466
   -71.25   -32.75    1981     131  19.396  19.919  19.212  15.723  12.238   9.445   8.261   9.128  12.021  15.393  18.447  20.494
   -71.25   -32.75    1981     132  19.378  19.901  19.194  15.706  12.221   9.427   8.244   9.111  12.004  15.376  18.429  20.477
   -71.25   -32.75    1981     133  19.402  19.926  19.219  15.730  12.245   9.452   8.268   9.135  12.028  15.400  18.454  20.501
   -71.25   -32.75    1981     134  19.385  19.908  19.201  15.713  12.227   9.434   8.250   9.117  12.010  15.382  18.436  20.484
   -71.25   -32.75    1981     140  19.495  20.018  19.311  15.822  12.337   9.544   8.360   9.227  12.120  15.492  18.546  20.593
   -71.25   -32.75    1981     160  19.596  20.119  19.413  15.924  12.439   9.646   8.462   9.329  12.222  15.594  18.647  20.695
   -71.25   -32.75    1982       0  20.131  18.998  16.697  13.553   9.880   6.951   5.618   6.713   8.521  11.859  16.118  18.515
   -71.25   -32.75    1982     110  22.841  21.708  19.407  16.263  12.590   9.661   8.328   9.423  11.231  14.569  18.827  21.224
   -71.25   -32.75    1982     131  22.870  21.737  19.436  16.291  12.618   9.690   8.357   9.452  11.260  14.598  18.856  21.253
   -71.25   -32.75    1982     132  22.852  21.719  19.418  16.274  12.601   9.672   8.339   9.434  11.242  14.580  18.839  21.236
   -71.25   -32.75    1982     133  22.877  21.744  19.442  16.298  12.625   9.697   8.364   9.459  11.267  14.605  18.863  21.260
   -71.25   -32.75    1982     134  22.859  21.726  19.425  16.281  12.608   9.679   8.346   9.441  11.249  14.587  18.845  21.242
   -71.25   -32.75    1982     140  22.969  21.836  19.534  16.390  12.717   9.789   8.456   9.551  11.359  14.697  18.955  21.352
   -71.25   -32.75    1982     160  23.071  21.937  19.636  16.492  12.819   9.890   8.558   9.652  11.460  14.798  19.057  21.454
   -71.25   -32.75    1983       0  20.008  20.923  17.686  13.715   9.063   6.239   5.891   6.959   8.626  12.540  16.392  18.230
   -71.25   -32.75    1983     110  22.718  23.633  20.395  16.424  11.772   8.948   8.601   9.668  11.336  15.250  19.102  20.940
   -71.25   -32.75    1983     131  22.747  23.662  20.424  16.453  11.801   8.977   8.630   9.697  11.365  15.279  19.131  20.968
   -71.25   -32.75    1983     132  22.729  23.644  20.407  16.436  11.784   8.960   8.612   9.680  11.347  15.261  19.114  20.951
   -71.25   -32.75    1983     133  22.754  23.668  20.431  16.460  11.808   8.984   8.637   9.704  11.372  15.286  19.138  20.975
   -71.25   -32.75    1983     134  22.736  23.651  20.413  16.442  11.790   8.966   8.619   9.686  11.354  15.268  19.120  20.958
   -71.25   -32.75    1983     140  22.846  23.760  20.523  16.552  11.900   9.076   8.729   9.796  11.464  15.378  19.230  21.067
   -71.25   -32.75    1983     160  22.947  23.862  20.625  16.654  12.002   9.178   8.831   9.898  11.565  15.480  19.332  21.169
   -71.25   -32.75    1984       0  19.280  18.090  17.207  13.326   9.240   6.994   5.829   6.913   8.787  12.266  14.684  18.407
   -71.25   -32.75    1984     110  21.989  20.799  19.917  16.035  11.949   9.704   8.539   9.622  11.497  14.976  17.394  21.117
   -71.25   -32.75    1984     131  22.018  20.828  19.946  16.064  11.978   9.733   8.568   9.651  11.526  15.005  17.423  21.146
   -71.25   -32.75    1984     132  22.001  20.811  19.928  16.047  11.961   9.715   8.550   9.634  11.508  14.987  17.405  21.128
   -71.25   -32.75    1984     133  22.025  20.835  19.953  16.071  11.985   9.740   8.575   9.658  11.533  15.012  17.430  21.153
   -71.25   -32.75    1984     134  22.007  20.817  19.935  16.053  11.967   9.722   8.557   9.640  11.515  14.994  17.412  21.135
   -71.25   -32.75    1984     140  22.117  20.927  20.045  16.163  12.077   9.832   8.667   9.750  11.625  15.104  17.522  21.245
   -71.25   -32.75    1984     160  22.219  21.029  20.147  16.265  12.179   9.934   8.769   9.852  11.727  15.206  17.623  21.346
   -71.25   -32.75    1985       0  19.262  19.089  17.112  13.804   9.593   6.465   6.064   7.353   8.738  11.172  15.009  17.937
   -71.25   -32.75    1985     110  21.971  21.799  19.822  16.514  12.303   9.175   8.774  10.063  11.448  13.882  17.718  20.647
   -71.25   -32.75    1985     131  22.000  21.828  19.851  16.543  12.332   9.204   8.803  10.092  11.477  13.911  17.747  20.676
   -71.25   -32.75    1985     132  21.983  21.810  19.833  16.525  12.314   9.186   8.785  10.074  11.459  13.894  17.730  20.658
   -71.25   -32.75    1985     133  22.007  21.834  19.858  16.550  12.338   9.210   8.810  10.099  11.484  13.918  17.754  20.683
   -71.25   -32.75    1985     134  21.989  21.817  19.840  16.532  12.321   9.193   8.792  10.081  11.466  13.900  17.736  20.665
   -71.25   -32.75    1985     140  22.099  21.927  19.950  16.642  12.430   9.302   8.902  10.191  11.576  14.010  17.846  20.775
   -71.25   -32.75    1985     160  22.201  22.028  20.051  16.744  12.532   9.404   9.004  10.292  11.678  14.112  17.948  20.876
   -71.25   -32.75    1986       0  18.908  18.943  17.600  13.844  10.161   7.272   6.122   7.404   8.857  12.833  14.751  18.512
   -71.25   -32.75    1986     110  21.617  21.652  20.310  16.553  12.871   9.981   8.832  10.114  11.567  15.542  17.461  21.222
   -71.25   -32.75    1986     131  21.646  21.681  20.339  16.582  12.900  10.010   8.861  10.143  11.596  15.571  17.490  21.251
   -71.25   -32.75    1986     132  21.629  21.664  20.321  16.565  12.882   9.993   8.843  10.125  11.578  15.554  17.472  21.233
   -71.25   -32.75    1986     133  21.653  21.688  20.345  16.589  12.907  10.017   8.868  10.150  11.602  15.578  17.497  21.257
   -71.25   -32.75    1986     134  21.635  21.670  20.328  16.571  12.889   9.999   8.850  10.132  11.585  15.560  17.479  21.240
   -71.25   -32.75    1986     140  21.745  21.780  20.437  16.681  12.999  10.109   8.960  10.242  11.694  15.670  17.589  21.350
   -71.25   -32.75    1986     160  21.847  21.882  20.539  16.783  13.101  10.211   9.062  10.343  11.796  15.772  17.691  21.451
   -71.25   -32.75    1987       0  19.965  19.510  18.968  14.993  10.644   7.002   6.230   7.896   9.327  12.852  16.881  18.622
   -71.25   -32.75    1987     110  22.674  22.220  21.678  17.703  13.354   9.712   8.940  10.606  12.037  15.562  19.590  21.332
   -71.25   -32.75    1987     131  22.703  22.249  21.707  17.732  13.382   9.741   8.969  10.635  12.066  15.591  19.619  21.361
   -71.25   -32.75    1987     132  22.686  22.231  21.689  17.714  13.365   9.723   8.951  10.617  12.049  15.573  19.602  21.343
   -71.25   -32.75    1987     133  22.710  22.256  21.714  17.739  13.389   9.748   8.976  10.642  12.073  15.598  19.626  21.368
   -71.25   -32.75    1987     134  22.692  22.238  21.696  17.721  13.371   9.730   8.958  10.624  12.055  15.580  19.608  21.350
   -71.25   -32.75    1987     140  22.802  22.348  21.806  17.831  13.481   9.840   9.068  10.734  12.165  15.690  19.718  21.460
   -71.25   -32.75    1987     160  22.904  22.450  21.907  17.932  13.583   9.942   9.170  10.836  12.267  15.791  19.820  21.561
   -71.25   -32.75    1988       0  19.425  21.047  19.190  14.990  11.164   8.144   6.477   8.183  10.525  13.093  15.168  18.289
   -71.25   -32.75    1988     110  22.135  23.757  21.900  17.700  13.874  10.853   9.187  10.893  13.235  15.803  17.878  20.998
   -71.25   -32.75    1988     131  22.163  23.785  21.929  17.729  13.903  10.882   9.216  10.921  13.264  15.832  17.907  21.027
   -71.25   -32.75    1988     132  22.146  23.768  21.911  17.711  13.885  10.865   9.198  10.904  13.246  15.814  17.889  21.010
   -71.25   -32.75    1988     133  22.170  23.792  21.936  17.735  13.910  10.889   9.223  10.928  13.270  15.839  17.914  21.034
   -71.25   -32.75    1988     134  22.153  23.775  21.918  17.718  13.892  10.871   9.205  10.911  13.253  15.821  17.896  21.016
   -71.25   -32.75    1988     140  22.262  23.884  22.028  17.828  14.002  10.981   9.315  11.020  13.363  15.931  18.006  21.126
   -71.25   -32.75    1988     160  22.364  23.986  22.129  17.929  14.103  11.083   9.416  11.122  13.464  16.032  18.107  21.228
   -71.25   -32.75    1989       0  20.430  19.927  17.986  15.066  10.579   8.037   6.730   7.148   9.284  13.234  16.202  17.863
   -71.25   -32.75    1989     110  23.140  22.637  20.696  17.776  13.289  10.747   9.440   9.857  11.994  15.943  18.912  20.573
   -71.25   -32.75    1989     131  23.169  22.666  20.725  17.805  13.318  10.776   9.469   9.886  12.023  15.972  18.941  20.601
   -71.25   -32.75    1989     132  23.152  22.648  20.707  17.787  13.300  10.758   9.451   9.869  12.005  15.955  18.923  20.584
   -71.25   -32.75    1989     133  23.176  22.673  20.732  17.811  13.324  10.783   9.476   9.893  12.030  15.979  18.947  20.608
   -71.25   -32.75    1989     134  23.158  22.655  20.714  17.794  13.307  10.765   9.458   9.875  12.012  15.961  18.930  20.591
   -71.25   -32.75    1989     140  23.268  22.765  20.824  17.903  13.416  10.875   9.568   9.985  12.122  16.071  19.039  20.700
   -71.25   -32.75    1989     160  23.370  22.867  20.926  18.005  13.518  10.976   9.669  10.087  12.223  16.173  19.141  20.802
