      Lon      Lat    Year   Stand     Jan     Feb     Mar     Apr     May     Jun     Jul     Aug     Sep     Oct     Nov     Dec
   -71.25   -32.75    1950       0 373.928 345.171 279.621 220.010 162.564 117.068 124.840 154.254 242.619 300.222 334.196 383.235
   -71.25   -32.75    1950     110 377.200 350.442 286.920 229.070 171.942 125.044 132.785 161.646 250.331 305.940 337.716 385.906
   -71.25   -32.75    1950     131 379.316 354.302 292.609 236.355 179.595 131.591 139.292 167.634 256.436 310.255 340.111 387.498
   -71.25   -32.75    1950     132 376.063 348.544 284.239 225.709 168.446 122.065 129.820 158.897 247.485 303.861 336.475 384.999
   -71.25   -32.75    1950     133 379.124 353.927 292.040 235.617 178.814 130.921 138.627 167.025 255.821 309.830 339.888 387.362
   -71.25   -32.75    1950     134 376.891 349.917 286.171 228.127 170.959 124.206 131.951 160.874 249.534 305.362 337.376 385.662
   -71.25   -32.75    1950     140 376.802 349.767 285.958 227.860 170.681 123.969 131.715 160.656 249.309 305.197 337.279 385.592
   -71.25   -32.75    1950     160 375.069 346.946 282.030 222.969 165.612 119.655 127.419 156.663 245.152 302.129 335.407 384.185
   -71.25   -32.75    1951       0 384.391 319.945 282.939 225.524 153.217 120.066 123.983 183.140 212.673 312.547 387.249 395.322
   -71.25   -32.75    1951     110 387.746 324.828 290.342 234.805 162.049 128.249 131.859 191.954 219.434 318.463 391.328 398.081
   -71.25   -32.75    1951     131 389.915 328.402 296.114 242.267 169.257 134.966 138.309 199.095 224.786 322.925 394.105 399.725
   -71.25   -32.75    1951     132 386.581 323.069 287.622 231.362 158.756 125.193 128.920 188.676 216.939 316.312 389.890 397.143
   -71.25   -32.75    1951     133 389.719 328.055 295.537 241.511 168.521 134.279 137.650 198.368 224.248 322.486 393.846 399.584
   -71.25   -32.75    1951     134 387.429 324.341 289.582 233.839 161.123 127.389 131.032 191.033 218.736 317.865 390.934 397.829
   -71.25   -32.75    1951     140 387.338 324.202 289.367 233.566 160.861 127.146 130.798 190.773 218.538 317.695 390.821 397.756
   -71.25   -32.75    1951     160 385.561 321.589 285.382 228.556 156.087 122.720 126.540 186.012 214.893 314.520 388.652 396.303
   -71.25   -32.75    1952       0 383.215 331.509 291.277 232.385 160.952 123.731 133.180 179.571 210.449 330.516 363.425 392.384
   -71.25   -32.75    1952     110 386.563 336.572 298.897 241.950 170.231 132.163 141.648 188.220 217.126 336.785 367.259 395.121
   -71.25   -32.75    1952     131 388.728 340.279 304.838 249.641 177.804 139.084 148.582 195.228 222.411 341.514 369.869 396.752
   -71.25   -32.75    1952     132 385.400 334.749 296.098 238.402 166.772 129.013 138.488 185.004 214.662 334.506 365.907 394.191
   -71.25   -32.75    1952     133 388.532 339.920 304.244 248.861 177.031 138.376 147.874 194.515 221.879 341.049 369.626 396.612
   -71.25   -32.75    1952     134 386.247 336.067 298.115 240.954 169.258 131.277 140.759 187.317 216.437 336.151 366.888 394.871
   -71.25   -32.75    1952     140 386.156 335.924 297.893 240.673 168.983 131.026 140.507 187.061 216.241 335.971 366.782 394.799
   -71.25   -32.75    1952     160 384.382 333.214 293.792 235.509 163.967 126.465 135.929 182.389 212.642 332.607 364.743 393.358
   -71.25   -32.75    1953       0 359.862 338.276 290.773 218.515 170.171 135.850 143.984 213.569 230.720 297.508 374.188 378.779
   -71.25   -32.75    1953     110 363.010 343.451 298.367 227.512 180.003 145.110 153.128 223.860 238.090 303.151 378.129 381.423
   -71.25   -32.75    1953     131 365.046 347.240 304.288 234.745 188.028 152.710 160.617 232.197 243.925 307.407 380.811 382.999
   -71.25   -32.75    1953     132 361.917 341.587 295.578 224.174 176.338 141.651 149.716 220.033 235.370 301.100 376.740 380.524
   -71.25   -32.75    1953     133 364.862 346.873 303.696 234.012 187.209 151.933 159.852 231.349 243.337 306.988 380.561 382.864
   -71.25   -32.75    1953     134 362.713 342.935 297.588 226.575 178.972 144.136 152.168 222.785 237.328 302.580 377.748 381.181
   -71.25   -32.75    1953     140 362.627 342.788 297.367 226.310 178.681 143.861 151.897 222.481 237.113 302.418 377.639 381.111
   -71.25   -32.75    1953     160 360.959 340.018 293.280 221.454 173.366 138.853 146.952 216.922 233.140 299.390 375.543 379.719
   -71.25   -32.75    1954       0 368.039 332.445 268.285 202.015 134.920 112.345 114.558 165.193 219.299 330.265 348.683 370.847
   -71.25   -32.75    1954     110 371.259 337.519 275.282 210.317 142.699 120.004 121.838 173.125 226.252 336.541 352.367 373.433
   -71.25   -32.75    1954     131 373.341 341.233 280.735 216.991 149.048 126.290 127.801 179.551 231.754 341.276 354.875 374.975
   -71.25   -32.75    1954     132 370.140 335.691 272.712 207.237 139.799 117.144 119.121 170.176 223.686 334.259 351.068 372.555
   -71.25   -32.75    1954     133 373.153 340.873 280.190 216.315 148.400 125.647 127.191 178.898 231.200 340.810 354.641 374.843
   -71.25   -32.75    1954     134 370.954 337.013 274.564 209.453 141.884 119.199 121.074 172.297 225.533 335.906 352.011 373.197
   -71.25   -32.75    1954     140 370.867 336.869 274.360 209.208 141.653 118.971 120.858 172.063 225.330 335.726 351.909 373.129
   -71.25   -32.75    1954     160 369.161 334.153 270.595 204.727 137.448 114.829 116.921 167.778 221.583 332.359 349.950 371.767
   -71.25   -32.75    1955       0 381.452 332.587 286.137 187.865 129.521 105.390 123.555 186.950 249.433 299.099 372.522 387.302
   -71.25   -32.75    1955     110 384.786 337.666 293.595 195.563 136.991 112.574 131.395 195.922 257.386 304.782 376.444 390.004
   -71.25   -32.75    1955     131 386.941 341.383 299.408 201.751 143.088 118.472 137.816 203.190 263.682 309.070 379.113 391.615
   -71.25   -32.75    1955     132 383.628 335.837 290.856 192.707 134.207 109.891 128.469 192.586 254.451 302.716 375.062 389.086
   -71.25   -32.75    1955     133 386.746 341.023 298.827 201.124 142.466 117.869 137.160 202.451 263.049 308.648 378.864 391.477
   -71.25   -32.75    1955     134 384.471 337.159 292.830 194.762 136.208 111.819 130.572 194.985 256.565 304.207 376.065 389.757
   -71.25   -32.75    1955     140 384.380 337.015 292.613 194.535 135.987 111.606 130.339 194.720 256.332 304.044 375.957 389.686
   -71.25   -32.75    1955     160 382.614 334.297 288.599 190.380 131.949 107.720 126.100 189.874 252.045 300.994 373.871 388.263
   -71.25   -32.75    1956       0 387.978 343.071 290.135 217.689 134.002 120.865 124.255 184.992 237.552 310.795 371.766 394.016
   -71.25   -32.75    1956     110 391.369 348.310 297.710 226.627 141.722 129.106 132.147 193.878 245.115 316.697 375.682 396.764
   -71.25   -32.75    1956     131 393.562 352.145 303.615 233.811 148.023 135.872 138.611 201.077 251.102 321.149 378.347 398.402
   -71.25   -32.75    1956     132 390.191 346.423 294.928 223.311 138.845 126.028 129.202 190.574 242.324 314.551 374.302 395.830
   -71.25   -32.75    1956     133 393.364 351.773 303.025 233.083 147.380 135.180 137.951 200.344 250.499 320.711 378.098 398.262
   -71.25   -32.75    1956     134 391.049 347.787 296.933 225.696 140.913 128.240 131.319 192.950 244.334 316.100 375.304 396.513
   -71.25   -32.75    1956     140 390.957 347.639 296.713 225.433 140.684 127.995 131.084 192.687 244.112 315.931 375.195 396.440
   -71.25   -32.75    1956     160 389.160 344.835 292.636 220.609 136.511 123.538 126.817 187.888 240.036 312.764 373.112 394.993
   -71.25   -32.75    1957       0 374.483 336.755 290.796 220.897 156.567 106.439 142.345 156.663 237.540 319.659 381.799 395.061
   -71.25   -32.75    1957     110 377.755 341.902 298.394 229.983 165.588 113.690 151.403 164.189 245.079 325.725 385.823 397.818
   -71.25   -32.75    1957     131 379.871 345.670 304.317 237.288 172.951 119.642 158.822 170.285 251.046 330.302 388.562 399.461
   -71.25   -32.75    1957     132 376.618 340.048 295.603 226.612 162.225 110.982 148.022 161.390 242.296 323.520 384.405 396.881
   -71.25   -32.75    1957     133 379.680 345.304 303.725 236.547 172.199 119.034 158.064 169.665 250.445 329.852 388.307 399.320
   -71.25   -32.75    1957     134 377.446 341.388 297.614 229.037 164.642 112.928 150.452 163.403 244.300 325.112 385.435 397.566
   -71.25   -32.75    1957     140 377.357 341.242 297.393 228.770 164.375 112.713 150.183 163.180 244.079 324.938 385.323 397.493
   -71.25   -32.75    1957     160 375.623 338.488 293.304 223.865 159.499 108.791 145.285 159.115 240.016 321.682 383.183 396.041
   -71.25   -32.75    1958       0 386.163 337.789 285.342 208.207 168.879 113.717 129.970 182.099 233.322 311.963 352.312 385.094
   -71.25   -32.75    1958     110 389.539 342.946 292.788 216.778 178.629 121.462 138.227 190.852 240.747 317.893 356.025 387.780
   -71.25   -32.75    1958     131 391.722 346.720 298.592 223.670 186.588 127.820 144.989 197.943 246.624 322.368 358.553 389.380
   -71.25   -32.75    1958     132 388.366 341.088 290.053 213.599 174.994 118.569 135.145 187.597 238.007 315.737 354.716 386.867
   -71.25   -32.75    1958     133 391.525 346.354 298.012 222.971 185.776 127.170 144.298 197.222 246.033 321.928 358.317 389.243
   -71.25   -32.75    1958     134 389.220 342.432 292.024 215.886 177.607 120.648 137.360 189.938 239.980 317.294 355.667 387.534
   -71.25   -32.75    1958     140 389.128 342.285 291.808 215.634 177.318 120.418 137.115 189.679 239.763 317.124 355.564 387.463
   -71.25   -32.75    1958     160 387.339 339.525 287.800 211.007 172.048 116.229 132.650 184.951 235.761 313.941 353.589 386.049
   -71.25   -32.75    1959       0 380.601 332.945 289.058 200.746 132.473 108.699 141.207 198.941 259.220 327.544 383.095 403.058
   -71.25   -32.75    1959     110 383.925 338.030 296.600 208.980 140.108 116.110 150.170 208.500 267.478 333.772 387.133 405.870
   -71.25   -32.75    1959     131 386.074 341.753 302.479 215.598 146.339 122.194 157.510 216.244 274.016 338.471 389.882 407.546
   -71.25   -32.75    1959     132 382.771 336.198 293.830 205.926 137.262 113.342 146.825 204.945 264.430 331.508 385.710 404.914
   -71.25   -32.75    1959     133 385.880 341.392 301.891 214.927 145.704 121.572 156.760 215.456 273.358 338.008 389.626 407.402
   -71.25   -32.75    1959     134 383.611 337.523 295.826 208.123 139.308 115.331 149.229 207.502 266.625 333.142 386.743 405.613
   -71.25   -32.75    1959     140 383.521 337.378 295.607 207.880 139.081 115.111 148.963 207.219 266.383 332.963 386.632 405.538
   -71.25   -32.75    1959     160 381.760 334.657 291.547 203.436 134.954 111.103 144.116 202.056 261.932 329.621 384.484 404.058
   -71.25   -32.75    1960       0 372.650 344.693 268.249 198.618 134.444 120.745 135.396 148.242 247.289 319.127 364.298 384.722
   -71.25   -32.75    1960     110 375.910 349.953 275.236 206.778 142.203 128.979 144.020 155.347 255.136 325.195 368.140 387.406
   -71.25   -32.75    1960     131 378.018 353.803 280.681 213.339 148.535 135.739 151.085 161.102 261.347 329.775 370.755 389.005
   -71.25   -32.75    1960     132 374.777 348.058 272.670 203.751 139.310 125.904 140.801 152.705 252.240 322.989 366.786 386.494
   -71.25   -32.75    1960     133 377.827 353.430 280.137 212.674 147.889 135.047 150.363 160.517 260.722 329.324 370.511 388.868
   -71.25   -32.75    1960     134 375.601 349.428 274.519 205.929 141.389 128.114 143.115 154.605 254.325 324.582 367.769 387.160
   -71.25   -32.75    1960     140 375.513 349.279 274.316 205.689 141.160 127.869 142.859 154.395 254.096 324.408 367.662 387.089
   -71.25   -32.75    1960     160 373.786 346.464 270.555 201.284 136.966 123.416 138.195 150.557 249.866 321.151 365.619 385.676
   -71.25   -32.75    1961       0 377.112 330.610 274.923 206.592 147.354 126.192 135.084 170.984 239.933 296.342 362.749 396.373
   -71.25   -32.75    1961     110 380.406 335.656 282.098 215.088 155.861 134.795 143.678 179.197 247.572 301.971 366.565 399.137
   -71.25   -32.75    1961     131 382.536 339.349 287.691 221.919 162.805 141.858 150.718 185.851 253.620 306.219 369.162 400.784
   -71.25   -32.75    1961     132 379.262 333.839 279.462 211.936 152.690 131.582 140.471 176.143 244.753 299.925 365.220 398.198
   -71.25   -32.75    1961     133 382.343 338.991 287.132 221.226 162.097 141.135 149.998 185.174 253.011 305.801 368.920 400.643
   -71.25   -32.75    1961     134 380.095 335.153 281.362 214.204 154.970 133.891 142.776 178.339 246.783 301.402 366.197 398.884
   -71.25   -32.75    1961     140 380.005 335.009 281.153 213.954 154.718 133.636 142.521 178.097 246.559 301.241 366.091 398.811
   -71.25   -32.75    1961     160 378.260 332.309 277.291 209.368 150.119 128.982 137.873 173.660 242.442 298.220 364.061 397.356
   -71.25   -32.75    1962       0 384.444 341.149 278.028 203.614 137.234 106.287  99.391 193.518 237.396 310.974 327.295 385.298
   -71.25   -32.75    1962     110 387.806 346.355 285.277 211.978 145.142 113.530 105.683 202.799 244.960 316.898 330.744 387.983
   -71.25   -32.75    1962     131 389.980 350.166 290.928 218.701 151.597 119.475 110.836 210.318 250.947 321.370 333.092 389.582
   -71.25   -32.75    1962     132 386.638 344.480 282.615 208.875 142.194 110.825 103.335 199.348 242.168 314.744 329.528 387.071
   -71.25   -32.75    1962     133 389.784 349.796 290.363 218.020 150.938 118.867 110.309 209.553 250.344 320.929 332.873 389.445
   -71.25   -32.75    1962     134 387.489 345.836 284.534 211.107 144.313 112.769 105.023 201.830 244.178 316.299 330.411 387.737
   -71.25   -32.75    1962     140 387.397 345.688 284.323 210.861 144.079 112.554 104.836 201.556 243.957 316.129 330.315 387.666
   -71.25   -32.75    1962     160 385.616 342.902 280.421 206.347 139.804 108.637 101.434 196.542 239.880 312.950 328.481 386.253
   -71.25   -32.75    1963       0 372.316 312.754 275.885 206.615 151.581 133.148 162.807 199.677 269.889 316.250 347.176 396.994
   -71.25   -32.75    1963     110 375.564 317.528 283.095 215.114 160.338 142.228 173.161 209.279 278.496 322.282 350.834 399.762
   -71.25   -32.75    1963     131 377.663 321.023 288.716 221.947 167.487 149.682 181.641 217.058 285.311 326.836 353.323 401.411
   -71.25   -32.75    1963     132 374.436 315.809 280.447 211.961 157.074 138.837 169.296 205.708 275.319 320.089 349.545 398.822
   -71.25   -32.75    1963     133 377.473 320.684 288.154 221.255 166.757 148.920 180.774 216.267 284.625 326.388 353.091 401.270
   -71.25   -32.75    1963     134 375.257 317.052 282.356 214.229 159.421 141.274 172.073 208.276 277.607 321.672 350.481 399.509
   -71.25   -32.75    1963     140 375.169 316.917 282.146 213.979 159.161 141.004 171.766 207.993 277.355 321.499 350.380 399.436
   -71.25   -32.75    1963     160 373.448 314.362 278.265 209.391 154.427 136.093 166.167 202.806 272.715 318.262 348.434 397.979
   -71.25   -32.75    1964       0 356.757 343.204 273.039 214.964 177.394 129.391 158.117 211.430 237.517 326.354 380.293 390.656
   -71.25   -32.75    1964     110 359.878 348.449 280.162 223.830 187.644 138.208 168.163 221.622 245.086 332.549 384.304 393.382
   -71.25   -32.75    1964     131 361.896 352.289 285.715 230.959 196.011 145.446 176.390 229.880 251.078 337.224 387.035 395.007
   -71.25   -32.75    1964     132 358.794 346.560 277.546 220.541 183.823 134.915 164.413 217.832 242.292 330.297 382.890 392.456
   -71.25   -32.75    1964     133 361.713 351.917 285.160 230.237 195.158 144.705 175.549 229.040 250.475 336.764 386.780 394.868
   -71.25   -32.75    1964     134 359.583 347.926 279.431 222.907 186.570 137.281 167.108 220.558 244.304 331.923 383.917 393.133
   -71.25   -32.75    1964     140 359.498 347.777 279.224 222.646 186.266 137.020 166.810 220.257 244.082 331.745 383.806 393.061
   -71.25   -32.75    1964     160 357.845 344.970 275.390 217.861 180.725 132.251 161.378 214.751 240.002 328.421 381.672 391.625
   -71.25   -32.75    1965       0 376.254 347.379 279.038 215.915 123.570 111.472 127.644 161.317 214.537 315.240 364.438 388.447
   -71.25   -32.75    1965     110 379.545 352.683 286.317 224.779 130.678 119.074 135.762 169.074 221.343 321.218 368.279 391.157
   -71.25   -32.75    1965     131 381.674 356.566 291.992 231.905 136.480 125.314 142.411 175.359 226.729 325.728 370.894 392.772
   -71.25   -32.75    1965     132 378.402 350.773 283.644 221.491 128.028 116.235 132.732 166.190 218.831 319.045 366.926 390.236
   -71.25   -32.75    1965     133 381.482 356.190 291.425 231.182 135.888 124.676 141.731 174.720 226.187 325.284 370.650 392.634
   -71.25   -32.75    1965     134 379.234 352.154 285.571 223.856 129.933 118.275 134.909 168.264 220.639 320.614 367.909 390.909
   -71.25   -32.75    1965     140 379.145 352.004 285.359 223.595 129.723 118.049 134.668 168.035 220.440 320.442 367.802 390.838
   -71.25   -32.75    1965     160 377.401 349.165 281.441 218.811 125.880 113.938 130.279 163.845 216.772 317.234 365.759 389.411
   -71.25   -32.75    1966       0 359.708 335.499 289.508 185.734 153.267 106.087 123.216 173.659 253.104 302.526 383.197 375.778
   -71.25   -32.75    1966     110 362.855 340.631 297.051 193.358 162.120 113.314 131.043 181.983 261.164 308.272 387.236 378.401
   -71.25   -32.75    1966     131 364.890 344.389 302.931 199.487 169.346 119.246 137.452 188.726 267.545 312.607 389.984 379.965
   -71.25   -32.75    1966     132 361.762 338.783 294.281 190.530 158.820 110.615 128.122 178.888 258.189 306.183 385.812 377.510
   -71.25   -32.75    1966     133 364.706 344.024 302.343 198.866 168.609 118.639 136.797 188.041 266.902 312.180 389.728 379.831
   -71.25   -32.75    1966     134 362.557 340.119 296.277 192.565 161.192 112.554 130.221 181.114 260.331 307.691 386.846 378.161
   -71.25   -32.75    1966     140 362.472 339.974 296.058 192.340 160.930 112.339 129.989 180.868 260.095 307.526 386.734 378.092
   -71.25   -32.75    1966     160 360.805 337.227 291.998 188.225 156.144 108.431 125.757 176.371 255.751 304.443 384.586 376.710
   -71.25   -32.75    1967       0 369.195 317.009 273.687 201.803 143.880 112.726 140.315 205.320 242.862 307.784 357.624 368.428
   -71.25   -32.75    1967     110 372.422 321.848 280.834 210.099 152.180 120.410 149.220 215.199 250.610 313.636 361.396 370.999
   -71.25   -32.75    1967     131 374.508 325.391 286.405 216.768 158.955 126.717 156.512 223.203 256.745 318.052 363.964 372.531
   -71.25   -32.75    1967     132 371.301 320.106 278.209 207.022 149.086 117.540 145.897 211.525 247.750 311.508 360.066 370.126
   -71.25   -32.75    1967     133 374.319 325.047 285.848 216.092 158.264 126.072 155.767 222.389 256.127 317.618 363.724 372.400
   -71.25   -32.75    1967     134 372.117 321.366 280.100 209.235 151.310 119.602 148.285 214.167 249.810 313.045 361.032 370.764
   -71.25   -32.75    1967     140 372.029 321.229 279.892 208.991 151.064 119.374 148.021 213.875 249.583 312.876 360.927 370.696
   -71.25   -32.75    1967     160 370.320 318.639 276.046 204.513 146.578 115.218 143.206 208.539 245.406 309.736 358.921 369.343
   -71.25   -32.75    1968       0 366.096 340.505 296.600 202.504 134.723 134.473 144.372 177.056 265.688 307.733 365.113 386.052
   -71.25   -32.75    1968     110 369.298 345.714 304.337 210.807 142.504 143.647 153.560 185.552 274.151 313.593 368.959 388.745
   -71.25   -32.75    1968     131 371.369 349.528 310.369 217.481 148.854 151.177 161.086 192.433 280.852 318.015 371.577 390.350
   -71.25   -32.75    1968     132 368.186 343.838 301.496 207.727 139.603 140.221 150.131 182.393 271.027 311.462 367.603 387.830
   -71.25   -32.75    1968     133 371.182 349.158 309.766 216.804 148.206 150.407 160.317 191.733 280.177 317.579 371.333 390.213
   -71.25   -32.75    1968     134 368.996 345.194 303.544 209.943 141.688 142.683 152.595 184.664 273.277 313.000 368.588 388.499
   -71.25   -32.75    1968     140 368.909 345.046 303.318 209.698 141.458 142.410 152.323 184.413 273.029 312.832 368.481 388.428
   -71.25   -32.75    1968     160 367.212 342.259 299.154 205.216 137.252 137.449 147.354 179.825 268.467 309.688 366.435 387.010
   -71.25   -32.75    1969       0 386.795 334.413 286.890 211.532 163.141 126.477 113.280 183.752 247.893 304.995 367.720 380.283
   -71.25   -32.75    1969     110 390.177 339.518 294.380 220.236 172.563 135.096 120.474 192.562 255.791 310.792 371.594 382.936
   -71.25   -32.75    1969     131 392.364 343.255 300.220 227.234 180.254 142.170 126.366 199.699 262.043 315.166 374.232 384.517
   -71.25   -32.75    1969     132 389.002 337.680 291.629 217.007 169.051 131.877 117.789 189.286 252.876 308.684 370.229 382.034
   -71.25   -32.75    1969     133 392.166 342.893 299.636 226.525 179.469 141.446 125.764 198.973 261.414 314.735 373.986 384.382
   -71.25   -32.75    1969     134 389.858 339.009 293.612 219.330 171.575 134.190 119.719 191.642 254.975 310.206 371.220 382.693
   -71.25   -32.75    1969     140 389.766 338.864 293.394 219.074 171.296 133.934 119.505 191.381 254.744 310.039 371.113 382.623
   -71.25   -32.75    1969     160 387.974 336.132 289.362 214.375 166.203 129.273 115.615 186.622 250.487 306.928 369.052 381.226
   -71.25   -32.75    1970       0 383.022 340.827 257.959 197.305 125.265 111.178 120.693 214.478 252.529 316.613 361.752 398.050
   -71.25   -32.75    1970     110 386.370 346.021 264.677 205.411 132.485 118.759 128.337 224.780 260.588 322.637 365.563 400.825
   -71.25   -32.75    1970     131 388.534 349.822 269.912 211.928 138.377 124.982 134.597 233.125 266.969 327.183 368.157 402.480
   -71.25   -32.75    1970     132 385.207 344.150 262.210 202.404 129.793 115.927 125.484 220.949 257.613 320.447 364.220 399.882
   -71.25   -32.75    1970     133 388.339 349.453 269.389 211.268 137.776 124.345 133.958 232.277 266.327 326.736 367.915 402.338
   -71.25   -32.75    1970     134 386.054 345.503 263.988 204.567 131.728 117.962 127.535 223.704 259.755 322.028 365.195 400.572
   -71.25   -32.75    1970     140 385.963 345.355 263.792 204.329 131.514 117.737 127.308 223.399 259.519 321.855 365.089 400.498
   -71.25   -32.75    1970     160 384.189 342.576 260.177 199.953 127.611 113.637 123.174 217.835 255.175 318.622 363.062 399.037
   -71.25   -32.75    1971       0 367.838 331.803 286.104 218.632 136.810 125.533 136.370 175.950 192.065 291.321 375.234 390.113
   -71.25   -32.75    1971     110 371.053 336.874 293.579 227.613 144.695 134.094 145.044 184.439 198.173 296.827 379.182 392.835
   -71.25   -32.75    1971     131 373.131 340.586 299.407 234.834 151.131 141.121 152.148 191.317 203.008 300.978 381.868 394.458
   -71.25   -32.75    1971     132 369.936 335.047 290.833 224.282 141.756 130.896 141.807 181.282 195.919 294.826 377.790 391.910
   -71.25   -32.75    1971     133 372.943 340.226 298.824 234.102 150.475 140.402 151.422 190.618 202.521 300.569 381.618 394.319
   -71.25   -32.75    1971     134 370.749 336.368 292.812 226.679 143.869 133.194 144.133 183.552 197.542 296.270 378.801 392.586
   -71.25   -32.75    1971     140 370.662 336.224 292.595 226.414 143.635 132.940 143.876 183.301 197.363 296.112 378.691 392.514
   -71.25   -32.75    1971     160 368.959 333.510 288.571 221.566 139.373 128.309 139.185 178.715 194.071 293.158 376.591 391.081
   -71.25   -32.75    1972       0 376.709 342.764 275.272 208.714 114.934 101.614 143.642 183.359 232.369 296.227 327.870 393.501
   -71.25   -32.75    1972     110 380.003 347.996 282.450 217.275 121.539 108.545 152.766 192.183 239.773 301.867 331.319 396.243
   -71.25   -32.75    1972     131 382.133 351.826 288.046 224.158 126.930 114.235 160.239 199.333 245.635 306.123 333.666 397.876
   -71.25   -32.75    1972     132 378.859 346.112 279.814 214.100 119.077 105.957 149.361 188.902 237.040 299.816 330.104 395.311
   -71.25   -32.75    1972     133 381.940 351.455 287.487 223.460 126.380 113.653 159.475 198.606 245.045 305.704 333.447 397.736
   -71.25   -32.75    1972     134 379.692 347.475 281.714 216.384 120.847 107.817 151.808 191.262 239.008 301.297 330.986 395.992
   -71.25   -32.75    1972     140 379.602 347.326 281.505 216.132 120.651 107.611 151.537 191.001 238.792 301.135 330.891 395.919
   -71.25   -32.75    1972     160 377.857 344.526 277.641 211.511 117.081 103.862 146.603 186.234 234.801 298.108 329.056 394.476
   -71.25   -32.75    1973       0 375.838 340.644 289.840 212.432 133.745 107.264 133.192 179.232 240.940 303.402 370.678 381.566
   -71.25   -32.75    1973     110 379.126 345.850 297.406 221.151 141.446 114.576 141.654 187.843 248.612 309.164 374.584 384.229
   -71.25   -32.75    1973     131 381.252 349.661 303.303 228.160 147.730 120.579 148.583 194.818 254.686 313.511 377.242 385.816
   -71.25   -32.75    1973     132 377.984 343.975 294.627 217.917 138.575 111.845 138.496 184.641 245.780 307.069 373.207 383.324
   -71.25   -32.75    1973     133 381.060 349.291 302.714 227.449 147.089 119.965 147.875 194.109 254.075 313.084 376.994 385.680
   -71.25   -32.75    1973     134 378.815 345.331 296.630 220.243 140.638 113.808 140.765 186.943 247.819 308.582 374.206 383.985
   -71.25   -32.75    1973     140 378.726 345.183 296.409 219.987 140.410 113.590 140.514 186.689 247.595 308.416 374.098 383.915
   -71.25   -32.75    1973     160 376.984 342.397 292.338 215.280 136.248 109.635 135.939 182.038 243.459 305.324 372.021 382.513
   -71.25   -32.75    1974       0 373.698 338.617 281.150 225.281 158.692 119.283 120.001 178.945 259.008 326.102 371.001 394.153
   -71.25   -32.75    1974     110 376.964 343.789 288.495 234.556 167.842 127.411 127.624 187.519 267.248 332.307 374.913 396.902
   -71.25   -32.75    1974     131 379.076 347.575 294.221 242.015 175.309 134.082 133.867 194.465 273.770 336.990 377.577 398.541
   -71.25   -32.75    1974     132 375.830 341.926 285.797 231.116 164.431 124.375 124.779 184.331 264.207 330.051 373.534 395.968
   -71.25   -32.75    1974     133 378.885 347.208 293.649 241.259 174.547 133.400 133.229 193.758 273.113 336.529 377.328 398.401
   -71.25   -32.75    1974     134 376.656 343.273 287.741 233.591 166.883 126.556 126.824 186.624 266.396 331.680 374.535 396.651
   -71.25   -32.75    1974     140 376.567 343.126 287.528 233.318 166.611 126.315 126.597 186.371 266.155 331.501 374.427 396.578
   -71.25   -32.75    1974     160 374.836 340.358 283.574 228.311 161.666 121.919 122.475 181.739 261.714 328.171 372.346 395.131
   -71.25   -32.75    1975       0 387.375 346.850 285.735 213.978 147.267 108.451 129.536 168.907 231.298 314.521 360.188 388.592
   -71.25   -32.75    1975     110 390.763 352.145 293.190 222.774 155.754 115.841 137.770 177.021 238.648 320.495 363.984 391.302
   -71.25   -32.75    1975     131 392.954 356.021 299.002 229.845 162.680 121.907 144.513 183.595 244.465 325.003 366.568 392.917
   -71.25   -32.75    1975     132 389.586 350.238 290.452 219.511 152.590 113.081 134.697 174.004 235.935 318.323 362.646 390.382
   -71.25   -32.75    1975     133 392.756 355.646 298.421 229.128 161.973 121.287 143.824 182.926 243.880 324.560 366.327 392.779
   -71.25   -32.75    1975     134 390.443 351.617 292.426 221.858 154.864 115.064 136.905 176.174 237.889 319.891 363.617 391.055
   -71.25   -32.75    1975     140 390.351 351.467 292.209 221.599 154.613 114.845 136.661 175.934 237.673 319.720 363.512 390.983
   -71.25   -32.75    1975     160 388.556 348.633 288.196 216.852 150.025 110.848 132.209 171.551 233.712 316.513 361.493 389.556
   -71.25   -32.75    1976       0 380.006 341.125 282.334 220.345 156.062 126.148 134.466 158.547 249.131 326.846 372.775 393.753
   -71.25   -32.75    1976     110 383.328 346.333 289.706 229.413 165.066 134.747 143.028 166.150 257.040 333.059 376.706 396.500
   -71.25   -32.75    1976     131 385.476 350.146 295.453 236.704 172.415 141.805 150.041 172.308 263.299 337.748 379.382 398.137
   -71.25   -32.75    1976     132 382.174 344.457 286.998 226.049 161.709 131.535 139.833 163.322 254.121 330.800 375.320 395.567
   -71.25   -32.75    1976     133 385.282 349.777 294.879 235.965 171.665 141.083 149.324 171.682 262.669 337.287 379.133 397.997
   -71.25   -32.75    1976     134 383.014 345.814 288.950 228.470 164.122 133.843 142.129 165.355 256.223 332.431 376.326 396.249
   -71.25   -32.75    1976     140 382.924 345.666 288.735 228.202 163.855 133.587 141.875 165.131 255.991 332.253 376.217 396.176
   -71.25   -32.75    1976     160 381.164 342.878 284.767 223.308 158.988 128.937 137.246 161.024 251.729 328.918 374.126 394.730
   -71.25   -32.75    1977       0 389.166 338.694 282.713 169.288 147.070 129.322 137.842 169.114 222.176 328.077 362.534 385.091
   -71.25   -32.75    1977     110 392.568 343.862 290.066 176.229 155.588 138.140 146.615 177.251 229.225 334.306 366.359 387.777
   -71.25   -32.75    1977     131 394.768 347.645 295.797 181.809 162.541 145.378 153.801 183.843 234.804 339.006 368.964 389.378
   -71.25   -32.75    1977     132 391.386 342.001 287.366 173.655 152.413 134.847 143.341 174.225 226.624 332.042 365.011 386.864
   -71.25   -32.75    1977     133 394.570 347.278 295.224 181.244 161.832 144.638 153.067 183.173 234.242 338.543 368.721 389.241
   -71.25   -32.75    1977     134 392.247 343.347 289.312 175.507 154.695 137.213 145.694 176.401 228.497 333.677 365.990 387.531
   -71.25   -32.75    1977     140 392.154 343.200 289.098 175.303 154.443 136.951 145.434 176.161 228.291 333.498 365.884 387.460
   -71.25   -32.75    1977     160 390.352 340.434 285.140 171.556 149.838 132.182 140.690 171.765 224.492 330.155 363.849 386.046
   -71.25   -32.75    1978       0 390.546 342.118 284.159 196.093 113.370 116.512 116.620 178.138 238.139 292.575 378.627 391.996
   -71.25   -32.75    1978     110 393.960 347.338 291.564 204.123 119.901 124.461 124.026 186.686 245.728 298.125 382.611 394.731
   -71.25   -32.75    1978     131 396.168 351.160 297.336 210.578 125.232 130.985 130.092 193.610 251.735 302.312 385.322 396.361
   -71.25   -32.75    1978     132 392.774 345.458 288.845 201.145 117.466 121.492 121.262 183.507 242.927 296.107 381.207 393.802
   -71.25   -32.75    1978     133 395.968 350.790 296.760 209.924 124.688 130.318 129.472 192.906 251.130 301.900 385.069 396.222
   -71.25   -32.75    1978     134 393.637 346.818 290.805 203.288 119.217 123.625 123.249 185.793 244.944 297.564 382.226 394.481
   -71.25   -32.75    1978     140 393.545 346.670 290.589 203.051 119.023 123.389 123.029 185.540 244.721 297.405 382.116 394.409
   -71.25   -32.75    1978     160 391.736 343.875 286.603 198.717 115.492 119.090 119.024 180.923 240.631 294.426 379.997 392.969
   -71.25   -32.75    1979       0 391.194 323.361 286.560 200.408 127.303 149.130 150.824 165.601 231.623 284.530 357.249 390.862
   -71.25   -32.75    1979     110 394.610 328.295 294.042 208.626 134.663 159.307 160.437 173.570 238.999 289.932 361.006 393.587
   -71.25   -32.75    1979     131 396.818 331.907 299.874 215.231 140.670 167.662 168.312 180.026 244.838 294.008 363.561 395.212
   -71.25   -32.75    1979     132 393.424 326.518 291.294 205.578 131.919 155.506 156.849 170.606 236.277 287.968 359.682 392.661
   -71.25   -32.75    1979     133 396.619 331.557 299.291 214.562 140.057 166.807 167.507 179.370 244.250 293.607 363.323 395.073
   -71.25   -32.75    1979     134 394.287 327.803 293.274 207.770 133.891 158.238 159.428 172.737 238.237 289.386 360.643 393.338
   -71.25   -32.75    1979     140 394.195 327.663 293.057 207.528 133.673 157.935 159.143 172.502 238.021 289.231 360.539 393.266
   -71.25   -32.75    1979     160 392.385 325.022 289.030 203.093 129.695 152.431 153.944 168.197 234.046 286.332 358.541 391.831
   -71.25   -32.75    1980       0 385.506 328.890 280.138 214.115 130.687 109.748 128.445 172.295 235.592 320.625 361.345 364.490
   -71.25   -32.75    1980     110 388.878 333.908 287.455 222.908 138.209 117.230 136.607 180.569 243.078 326.718 365.161 367.033
   -71.25   -32.75    1980     131 391.058 337.581 293.160 229.978 144.349 123.373 143.292 187.273 249.003 331.316 367.759 368.550
   -71.25   -32.75    1980     132 387.706 332.101 284.768 219.647 135.405 114.436 133.561 177.492 240.315 324.503 363.816 366.169
   -71.25   -32.75    1980     133 390.861 337.225 292.590 229.261 143.722 122.744 142.609 186.591 248.407 330.863 367.517 368.420
   -71.25   -32.75    1980     134 388.559 333.408 286.705 221.993 137.421 116.444 135.750 179.705 242.304 326.103 364.792 366.801
   -71.25   -32.75    1980     140 388.467 333.265 286.492 221.734 137.198 116.222 135.508 179.461 242.085 325.927 364.686 366.734
   -71.25   -32.75    1980     160 386.681 330.579 282.553 216.988 133.132 112.175 131.094 174.991 238.050 322.658 362.657 365.394
   -71.25   -32.75    1981       0 351.129 322.004 275.523 193.005 148.376  95.164 133.076 161.032 277.844 331.331 378.510 389.489
   -71.25   -32.75    1981     110 354.196 326.927 282.710 200.937 156.933 101.645 141.534 168.734 286.674 337.642 382.503 392.207
   -71.25   -32.75    1981     131 356.178 330.531 288.313 207.314 163.917 106.966 148.462 174.972 293.663 342.405 385.223 393.827
   -71.25   -32.75    1981     132 353.131 325.154 280.070 197.995 153.743  99.224 138.378 165.870 283.415 335.347 381.095 391.284
   -71.25   -32.75    1981     133 355.999 330.181 287.753 206.668 163.205 106.421 147.754 174.337 292.959 341.936 384.969 393.689
   -71.25   -32.75    1981     134 353.906 326.436 281.973 200.111 156.036 100.964 140.646 167.929 285.761 337.004 382.117 391.959
   -71.25   -32.75    1981     140 353.823 326.296 281.764 199.878 155.783 100.772 140.395 167.702 285.503 336.822 382.007 391.887
   -71.25   -32.75    1981     160 352.198 323.661 277.895 195.596 151.157  97.266 135.821 163.542 280.744 333.436 379.883 390.456
   -71.25   -32.75    1982       0 396.116 347.641 284.228 214.771 172.017 124.086 127.964 180.812 239.417 317.787 369.232 387.085
   -71.25   -32.75    1982     110 399.581 352.945 291.644 223.618 181.952 132.540 136.098 189.497 247.033 323.824 373.125 389.785
   -71.25   -32.75    1982     131 401.821 356.827 297.424 230.731 190.061 139.479 142.759 196.532 253.062 328.379 375.775 391.394
   -71.25   -32.75    1982     132 398.377 351.035 288.920 220.336 178.248 129.383 133.062 186.267 244.222 321.629 371.753 388.867
   -71.25   -32.75    1982     133 401.619 356.451 296.846 230.010 189.233 138.769 142.078 195.817 252.455 327.931 375.528 391.256
   -71.25   -32.75    1982     134 399.253 352.416 290.883 222.697 180.910 131.651 135.244 188.590 246.246 323.214 372.749 389.538
   -71.25   -32.75    1982     140 399.159 352.266 290.667 222.436 180.616 131.400 135.002 188.333 246.023 323.041 372.641 389.467
   -71.25   -32.75    1982     160 397.323 349.427 286.676 217.661 175.246 126.828 130.604 183.642 241.918 319.801 370.570 388.045
   -71.25   -32.75    1983       0 374.252 337.702 260.208 209.776 151.295 116.421 123.109 154.461 249.307 327.379 384.587 392.508
   -71.25   -32.75    1983     110 377.523 342.852 266.994 218.417 160.023 124.355 130.943 161.857 257.219 333.598 388.643 395.247
   -71.25   -32.75    1983     131 379.638 346.621 272.284 225.364 167.147 130.867 137.359 167.848 263.480 338.290 391.404 396.880
   -71.25   -32.75    1983     132 376.387 340.998 264.502 215.211 156.770 121.391 128.019 159.107 254.299 331.337 387.213 394.316
   -71.25   -32.75    1983     133 379.447 346.256 271.755 224.660 166.420 130.201 136.704 167.239 262.850 337.828 391.147 396.740
   -71.25   -32.75    1983     134 377.214 342.339 266.298 217.517 159.108 123.521 130.120 161.085 256.401 332.969 388.251 394.997
   -71.25   -32.75    1983     140 377.125 342.192 266.101 217.263 158.850 123.285 129.888 160.866 256.170 332.790 388.139 394.924
   -71.25   -32.75    1983     160 375.392 339.436 262.448 212.599 154.132 118.994 125.652 156.871 251.906 329.453 385.981 393.482
   -71.25   -32.75    1984       0 385.567 335.223 291.497 207.969 124.664 106.856 130.398 170.353 247.731 295.555 373.188 394.717
   -71.25   -32.75    1984     110 388.936 340.342 299.106 216.495 131.839 114.142 138.686 178.526 255.621 301.169 377.114 397.470
   -71.25   -32.75    1984     131 391.114 344.090 305.038 223.349 137.694 120.123 145.473 185.147 261.867 305.405 379.786 399.111
   -71.25   -32.75    1984     132 387.766 338.498 296.311 213.332 129.164 111.421 135.593 175.487 252.709 299.128 375.730 396.535
   -71.25   -32.75    1984     133 390.918 343.727 304.445 222.654 137.097 119.511 144.779 184.474 261.238 304.988 379.537 398.971
   -71.25   -32.75    1984     134 388.618 339.832 298.325 215.608 131.087 113.376 137.816 177.672 254.806 300.602 376.735 397.218
   -71.25   -32.75    1984     140 388.526 339.686 298.104 215.356 130.874 113.160 137.570 177.431 254.575 300.440 376.626 397.146
   -71.25   -32.75    1984     160 386.742 336.946 294.008 210.754 126.996 109.219 133.088 173.016 250.322 297.428 374.538 395.696
   -71.25   -32.75    1985       0 387.132 340.639 271.047 205.131 143.647 132.587 150.796 154.764 262.376 307.516 386.267 387.051
   -71.25   -32.75    1985     110 390.517 345.834 278.114 213.566 151.943 141.630 160.407 162.186 270.720 313.360 390.336 389.752
   -71.25   -32.75    1985     131 392.706 349.636 283.622 220.348 158.715 149.053 168.278 168.198 277.324 317.770 393.106 391.362
   -71.25   -32.75    1985     132 389.342 343.963 275.519 210.437 148.850 138.252 156.820 159.426 267.640 311.235 388.902 388.834
   -71.25   -32.75    1985     133 392.508 349.267 283.072 219.661 158.024 148.293 167.474 167.586 276.659 317.336 392.848 391.224
   -71.25   -32.75    1985     134 390.197 345.316 277.389 212.688 151.073 140.679 159.397 161.411 269.858 312.769 389.943 389.505
   -71.25   -32.75    1985     140 390.105 345.169 277.183 212.440 150.828 140.411 159.112 161.192 269.613 312.601 389.831 389.434
   -71.25   -32.75    1985     160 388.312 342.389 273.380 207.887 146.343 135.520 153.915 157.183 265.116 309.465 387.666 388.011
   -71.25   -32.75    1986       0 382.679 349.144 297.028 230.663 162.703 101.811 145.758 171.988 248.178 294.721 355.618 391.743
   -71.25   -32.75    1986     110 386.027 354.480 304.788 240.155 172.071 108.744 155.024 180.252 256.084 300.327 359.360 394.475
   -71.25   -32.75    1986     131 388.192 358.387 310.838 247.786 179.717 114.436 162.613 186.946 262.342 304.557 361.906 396.103
   -71.25   -32.75    1986     132 384.864 352.558 301.938 236.634 168.579 106.155 151.566 177.179 253.166 298.289 358.041 393.547
   -71.25   -32.75    1986     133 387.996 358.008 310.234 247.012 178.937 113.854 161.837 186.265 261.712 304.141 361.669 395.963
   -71.25   -32.75    1986     134 385.710 353.948 303.992 239.167 171.089 108.016 154.051 179.389 255.267 299.760 358.999 394.225
   -71.25   -32.75    1986     140 385.619 353.796 303.766 238.887 170.812 107.810 153.776 179.144 255.036 299.599 358.895 394.153
   -71.25   -32.75    1986     160 383.846 350.940 299.589 233.764 165.747 104.060 148.766 174.681 250.775 296.591 356.905 392.714
   -71.25   -32.75    1987       0 382.402 340.588 283.348 205.291 155.556 103.070 116.252 203.779 246.141 328.695 378.743 399.901
   -71.25   -32.75    1987     110 385.743 345.788 290.738 213.732 164.527 110.090 123.615 213.564 253.981 334.940 382.737 402.691
   -71.25   -32.75    1987     131 387.904 349.595 296.499 220.520 171.849 115.852 129.645 221.490 260.188 339.653 385.455 404.354
   -71.25   -32.75    1987     132 384.583 343.916 288.024 210.601 161.183 107.468 120.868 209.925 251.088 332.670 381.329 401.743
   -71.25   -32.75    1987     133 387.709 349.226 295.923 219.832 171.102 115.262 129.029 220.684 259.563 339.189 385.201 404.212
   -71.25   -32.75    1987     134 385.427 345.270 289.980 212.854 163.587 109.352 122.842 212.542 253.171 334.309 382.351 402.436
   -71.25   -32.75    1987     140 385.337 345.122 289.765 212.605 163.321 109.144 122.624 212.253 252.942 334.130 382.240 402.362
   -71.25   -32.75    1987     160 383.566 342.339 285.787 208.048 158.472 105.347 118.643 206.968 248.716 330.779 380.116 400.893
   -71.25   -32.75    1988       0 367.492 340.313 283.085 216.758 164.312 137.882 150.040 199.030 251.628 321.592 358.045 396.813
   -71.25   -32.75    1988     110 370.704 345.514 290.475 225.682 173.806 147.283 159.581 208.605 259.645 327.713 361.819 399.580
   -71.25   -32.75    1988     131 372.781 349.321 296.237 232.858 181.555 154.999 167.394 216.362 265.992 332.332 364.387 401.230
   -71.25   -32.75    1988     132 369.589 343.641 287.761 222.371 170.267 143.772 156.020 205.044 256.686 325.488 360.488 398.640
   -71.25   -32.75    1988     133 372.593 348.952 295.661 232.130 180.765 154.209 166.596 215.573 265.353 331.878 364.148 401.088
   -71.25   -32.75    1988     134 370.401 344.995 289.717 224.753 172.811 146.295 158.579 207.604 258.817 327.094 361.454 399.328
   -71.25   -32.75    1988     140 370.313 344.848 289.502 224.490 172.530 146.015 158.296 207.322 258.582 326.918 361.350 399.254
   -71.25   -32.75    1988     160 368.612 342.064 285.525 219.673 167.398 140.931 153.137 202.149 254.261 323.634 359.342 397.797
   -71.25   -32.75    1989       0 383.540 345.135 273.181 216.118 130.490 132.162 107.276 175.470 226.612 326.632 381.402 390.300
   -71.25   -32.75    1989     110 386.894 350.400 280.308 224.999 138.013 141.176 114.094 183.889 233.808 332.827 385.425 393.024
   -71.25   -32.75    1989     131 389.063 354.254 285.864 232.139 144.154 148.575 119.677 190.710 239.504 337.500 388.164 394.647
   -71.25   -32.75    1989     132 385.729 348.504 277.691 221.704 135.209 137.809 111.550 180.758 231.153 330.575 384.007 392.098
   -71.25   -32.75    1989     133 388.867 353.880 285.308 231.415 143.527 147.818 119.107 190.016 238.931 337.040 387.909 394.508
   -71.25   -32.75    1989     134 386.577 349.875 279.577 224.074 137.225 140.229 113.378 183.010 233.065 332.201 385.037 392.775
   -71.25   -32.75    1989     140 386.486 349.726 279.370 223.813 137.002 139.961 113.176 182.761 232.854 332.023 384.925 392.703
   -71.25   -32.75    1989     160 384.709 346.908 275.534 219.019 132.935 135.086 109.489 178.213 228.976 328.699 382.786 391.269
